<?xml version="1.0" encoding="UTF-8" ?>
<testsuite errors="0" failures="0" hostname="c-207-134.eduroam.liu.se" name="se.liu.ida.tdp024.account.logic.test.facade.TransactionLogicFacadeTest" skipped="0" tests="5" time="5.29" timestamp="2014-10-14T10:02:23">
  <properties>
    <property name="java.vendor" value="Oracle Corporation" />
    <property name="sun.java.launcher" value="SUN_STANDARD" />
    <property name="sonar.projectName" value="TDP024_group_a8" />
    <property name="sun.management.compiler" value="HotSpot 64-Bit Tiered Compilers" />
    <property name="os.name" value="Mac OS X" />
    <property name="sun.boot.class.path" value="/Library/Java/JavaVirtualMachines/jdk1.7.0_25.jdk/Contents/Home/jre/lib/resources.jar:/Library/Java/JavaVirtualMachines/jdk1.7.0_25.jdk/Contents/Home/jre/lib/rt.jar:/Library/Java/JavaVirtualMachines/jdk1.7.0_25.jdk/Contents/Home/jre/lib/sunrsasign.jar:/Library/Java/JavaVirtualMachines/jdk1.7.0_25.jdk/Contents/Home/jre/lib/jsse.jar:/Library/Java/JavaVirtualMachines/jdk1.7.0_25.jdk/Contents/Home/jre/lib/jce.jar:/Library/Java/JavaVirtualMachines/jdk1.7.0_25.jdk/Contents/Home/jre/lib/charsets.jar:/Library/Java/JavaVirtualMachines/jdk1.7.0_25.jdk/Contents/Home/jre/lib/jfr.jar:/Library/Java/JavaVirtualMachines/jdk1.7.0_25.jdk/Contents/Home/jre/lib/JObjC.jar:/Library/Java/JavaVirtualMachines/jdk1.7.0_25.jdk/Contents/Home/jre/classes" />
    <property name="ant.file.TDP024_group_a8" value="/Users/filipschollin/Documents/Linkoping/TDP024/TDP024/sonar_group_a8.xml" />
    <property name="java.vm.specification.vendor" value="Oracle Corporation" />
    <property name="ant.home" value="/usr/local/Cellar/ant/1.9.4/libexec" />
    <property name="sonar.projectVersion" value="1.0" />
    <property name="java.runtime.version" value="1.7.0_25-b15" />
    <property name="sonar.jdbc.password" value="sonar_17f4" />
    <property name="user.name" value="filipschollin" />
    <property name="user.language" value="sv" />
    <property name="sun.boot.library.path" value="/Library/Java/JavaVirtualMachines/jdk1.7.0_25.jdk/Contents/Home/jre/lib" />
    <property name="ant.project.default-target" value="default" />
    <property name="ant.project.name" value="TDP024_group_a8" />
    <property name="java.version" value="1.7.0_25" />
    <property name="user.timezone" value="" />
    <property name="sun.arch.data.model" value="64" />
    <property name="jacoco.report.dir" value="jacoco/report" />
    <property name="sonar.host.url" value="http://www.ida.liu.se/~TDP024/sonar" />
    <property name="http.nonProxyHosts" value="local|*.local|169.254/16|*.169.254/16" />
    <property name="java.endorsed.dirs" value="/Library/Java/JavaVirtualMachines/jdk1.7.0_25.jdk/Contents/Home/jre/lib/endorsed" />
    <property name="sonar.jdbc.username" value="tdp024_sonar" />
    <property name="sun.cpu.isalist" value="" />
    <property name="sun.jnu.encoding" value="UTF-8" />
    <property name="file.encoding.pkg" value="sun.io" />
    <property name="file.separator" value="/" />
    <property name="java.specification.name" value="Java Platform API Specification" />
    <property name="sonar.sources" value="   account-data-api/src,   account-data-impl-db/src,   account-logic-api/src,   account-logic-impl/src,   account-rest/src/java   " />
    <property name="java.class.version" value="51.0" />
    <property name="user.country" value="SE" />
    <property name="java.home" value="/Library/Java/JavaVirtualMachines/jdk1.7.0_25.jdk/Contents/Home/jre" />
    <property name="java.vm.info" value="mixed mode" />
    <property name="sonar.libraries" value="lib/*.jar,lib/jaxb/*.jar,lib/jersey/*.jar" />
    <property name="ant.file" value="/Users/filipschollin/Documents/Linkoping/TDP024/TDP024/sonar_group_a8.xml" />
    <property name="os.version" value="10.9.4" />
    <property name="ant.file.type.TDP024_group_a8" value="file" />
    <property name="jacoco.test.dir" value="jacoco/test" />
    <property name="path.separator" value=":" />
    <property name="java.vm.version" value="23.25-b01" />
    <property name="ant.library.dir" value="/usr/local/Cellar/ant/1.9.4/libexec/lib" />
    <property name="sonar.login" value="grupp-a8" />
    <property name="java.awt.printerjob" value="sun.lwawt.macosx.CPrinterJob" />
    <property name="sun.io.unicode.encoding" value="UnicodeBig" />
    <property name="awt.toolkit" value="sun.lwawt.macosx.LWCToolkit" />
    <property name="_jacoco.agentFile" value="/var/folders/dm/23w4l45556s8ft042lllggs00000gn/T/jacocoagent7655178731758288936.jar" />
    <property name="sonar.tests" value="    account-data-test/test,    account-logic-test/test,    account-rest/test    " />
    <property name="socksNonProxyHosts" value="local|*.local|169.254/16|*.169.254/16" />
    <property name="ftp.nonProxyHosts" value="local|*.local|169.254/16|*.169.254/16" />
    <property name="jacoco.exec.file" value="jacoco/jacoco.exec" />
    <property name="user.home" value="/Users/filipschollin" />
    <property name="sonar.binaries" value="   account-data-api/build/classes,   account-data-impl-db/build/classes,   account-logic-api/build/classes,   account-logic-impl/build/classes,   account-rest/build/web/WEB-INF/classes,   account-util/build/classes   " />
    <property name="sonar.language" value="java" />
    <property name="java.specification.vendor" value="Oracle Corporation" />
    <property name="java.library.path" value="/Users/filipschollin/Library/Java/Extensions:/Library/Java/Extensions:/Network/Library/Java/Extensions:/System/Library/Java/Extensions:/usr/lib/java:." />
    <property name="java.vendor.url" value="http://java.oracle.com/" />
    <property name="java.vm.vendor" value="Oracle Corporation" />
    <property name="gopherProxySet" value="false" />
    <property name="java.runtime.name" value="Java(TM) SE Runtime Environment" />
    <property name="sun.java.command" value="org.apache.tools.ant.taskdefs.optional.junit.JUnitTestRunner se.liu.ida.tdp024.account.logic.test.facade.TransactionLogicFacadeTest skipNonTests=false filtertrace=true haltOnError=false haltOnFailure=false showoutput=false outputtoformatters=true logfailedtests=true threadid=0 logtestlistenerevents=false formatter=org.apache.tools.ant.taskdefs.optional.junit.XMLJUnitResultFormatter,/Users/filipschollin/Documents/Linkoping/TDP024/TDP024/jacoco/test/TEST-se.liu.ida.tdp024.account.logic.test.facade.TransactionLogicFacadeTest.xml crashfile=/Users/filipschollin/Documents/Linkoping/TDP024/TDP024/junitvmwatcher7530538014561744591.properties propsfile=/Users/filipschollin/Documents/Linkoping/TDP024/TDP024/junit4858624423203593380.properties" />
    <property name="java.class.path" value="/Users/filipschollin/Documents/Linkoping/TDP024/TDP024/account-data-api/build/classes:/Users/filipschollin/Documents/Linkoping/TDP024/TDP024/account-data-impl-db/build/classes:/Users/filipschollin/Documents/Linkoping/TDP024/TDP024/account-logic-api/build/classes:/Users/filipschollin/Documents/Linkoping/TDP024/TDP024/account-logic-impl/build/classes:/Users/filipschollin/Documents/Linkoping/TDP024/TDP024/account-rest/build/web/WEB-INF/classes:/Users/filipschollin/Documents/Linkoping/TDP024/TDP024/account-util/build/classes:/Users/filipschollin/Documents/Linkoping/TDP024/TDP024/account-data-test/build/test/classes:/Users/filipschollin/Documents/Linkoping/TDP024/TDP024/account-logic-test/build/test/classes:/Users/filipschollin/Documents/Linkoping/TDP024/TDP024/account-rest/build/test/classes:/Users/filipschollin/Documents/Linkoping/TDP024/TDP024/lib/ant-contrib-1.0b3.jar:/Users/filipschollin/Documents/Linkoping/TDP024/TDP024/lib/derby.jar:/Users/filipschollin/Documents/Linkoping/TDP024/TDP024/lib/eclipselink-2.3.0.jar:/Users/filipschollin/Documents/Linkoping/TDP024/TDP024/lib/jackson-annotations-2.2.2.jar:/Users/filipschollin/Documents/Linkoping/TDP024/TDP024/lib/jackson-core-2.2.2.jar:/Users/filipschollin/Documents/Linkoping/TDP024/TDP024/lib/jackson-databind-2.2.1.jar:/Users/filipschollin/Documents/Linkoping/TDP024/TDP024/lib/jacocoagent.jar:/Users/filipschollin/Documents/Linkoping/TDP024/TDP024/lib/jacocoant.jar:/Users/filipschollin/Documents/Linkoping/TDP024/TDP024/lib/javax.persistence-2.0.jar:/Users/filipschollin/Documents/Linkoping/TDP024/TDP024/lib/jaxb/activation.jar:/Users/filipschollin/Documents/Linkoping/TDP024/TDP024/lib/jaxb/jaxb-api.jar:/Users/filipschollin/Documents/Linkoping/TDP024/TDP024/lib/jaxb/jsr173_api.jar:/Users/filipschollin/Documents/Linkoping/TDP024/TDP024/lib/jersey/asm-3.1.jar:/Users/filipschollin/Documents/Linkoping/TDP024/TDP024/lib/jersey/jackson-core-asl-1.7.1.jar:/Users/filipschollin/Documents/Linkoping/TDP024/TDP024/lib/jersey/jackson-jaxrs-1.7.1.jar:/Users/filipschollin/Documents/Linkoping/TDP024/TDP024/lib/jersey/jackson-mapper-asl-1.7.1.jar:/Users/filipschollin/Documents/Linkoping/TDP024/TDP024/lib/jersey/jackson-xc-1.7.1.jar:/Users/filipschollin/Documents/Linkoping/TDP024/TDP024/lib/jersey/jersey-apache-client-1.8.jar:/Users/filipschollin/Documents/Linkoping/TDP024/TDP024/lib/jersey/jersey-atom-abdera-1.8.jar:/Users/filipschollin/Documents/Linkoping/TDP024/TDP024/lib/jersey/jersey-client-1.8.jar:/Users/filipschollin/Documents/Linkoping/TDP024/TDP024/lib/jersey/jersey-core-1.8.jar:/Users/filipschollin/Documents/Linkoping/TDP024/TDP024/lib/jersey/jersey-guice-1.8.jar:/Users/filipschollin/Documents/Linkoping/TDP024/TDP024/lib/jersey/jersey-json-1.8.jar:/Users/filipschollin/Documents/Linkoping/TDP024/TDP024/lib/jersey/jersey-multipart-1.8.jar:/Users/filipschollin/Documents/Linkoping/TDP024/TDP024/lib/jersey/jersey-server-1.8.jar:/Users/filipschollin/Documents/Linkoping/TDP024/TDP024/lib/jersey/jersey-simple-server-1.8.jar:/Users/filipschollin/Documents/Linkoping/TDP024/TDP024/lib/jersey/jersey-spring-1.8.jar:/Users/filipschollin/Documents/Linkoping/TDP024/TDP024/lib/jersey/jettison-1.1.jar:/Users/filipschollin/Documents/Linkoping/TDP024/TDP024/lib/jersey/jsr311-api-1.1.1.jar:/Users/filipschollin/Documents/Linkoping/TDP024/TDP024/lib/jersey/oauth-client-1.8.jar:/Users/filipschollin/Documents/Linkoping/TDP024/TDP024/lib/jersey/oauth-server-1.8.jar:/Users/filipschollin/Documents/Linkoping/TDP024/TDP024/lib/jersey/oauth-signature-1.8.jar:/Users/filipschollin/Documents/Linkoping/TDP024/TDP024/lib/junit-4.10.jar:/Users/filipschollin/Documents/Linkoping/TDP024/TDP024/lib/org-netbeans-modules-java-j2seproject-copylibstask.jar:/Users/filipschollin/Documents/Linkoping/TDP024/TDP024/lib/org.eclipse.persistence.jpa.jpql_1.0.0.jar:/Users/filipschollin/Documents/Linkoping/TDP024/TDP024/lib/sonar-ant-task-2.1.jar:/usr/local/Cellar/ant/1.9.4/libexec/lib/ant-launcher.jar:/usr/local/Cellar/ant/1.9.4/libexec/lib/ant.jar:/usr/local/Cellar/ant/1.9.4/libexec/lib/ant-junit.jar:/usr/local/Cellar/ant/1.9.4/libexec/lib/ant-junit4.jar:/var/folders/dm/23w4l45556s8ft042lllggs00000gn/T/jacocoagent7655178731758288936.jar" />
    <property name="ant.version" value="Apache Ant(TM) version 1.9.4 compiled on April 29 2014" />
    <property name="java.vm.specification.name" value="Java Virtual Machine Specification" />
    <property name="ant.file.type" value="file" />
    <property name="java.vm.specification.version" value="1.7" />
    <property name="sun.cpu.endian" value="little" />
    <property name="sun.os.patch.level" value="unknown" />
    <property name="java.io.tmpdir" value="/var/folders/dm/23w4l45556s8ft042lllggs00000gn/T/" />
    <property name="sonar.jdbc.url" value="jdbc:mysql://db.ida.liu.se:3306/tdp024_sonar?useUnicode=true&amp;characterEncoding=utf8" />
    <property name="java.vendor.url.bug" value="http://bugreport.sun.com/bugreport/" />
    <property name="java.awt.graphicsenv" value="sun.awt.CGraphicsEnvironment" />
    <property name="os.arch" value="x86_64" />
    <property name="java.ext.dirs" value="/Users/filipschollin/Library/Java/Extensions:/Library/Java/JavaVirtualMachines/jdk1.7.0_25.jdk/Contents/Home/jre/lib/ext:/Library/Java/Extensions:/Network/Library/Java/Extensions:/System/Library/Java/Extensions:/usr/lib/java" />
    <property name="user.dir" value="/Users/filipschollin/Documents/Linkoping/TDP024/TDP024" />
    <property name="libs.CopyLibs.classpath" value="/home/TDP024/netbeans-8.0.1/java/ant/extra/org-netbeans-modules-java-j2seproject-copylibstask.jar" />
    <property name="sonar.password" value="fru8Ud4A" />
    <property name="line.separator" value="&#xa;" />
    <property name="java.vm.name" value="Java HotSpot(TM) 64-Bit Server VM" />
    <property name="basedir" value="/Users/filipschollin/Documents/Linkoping/TDP024/TDP024" />
    <property name="ant.java.version" value="1.7" />
    <property name="ant.core.lib" value="/usr/local/Cellar/ant/1.9.4/libexec/lib/ant.jar" />
    <property name="file.encoding" value="UTF-8" />
    <property name="java.specification.version" value="1.7" />
    <property name="ant.project.invoked-targets" value="jacoco" />
    <property name="sonar.projectKey" value="TDP024_group_a8" />
  </properties>
  <testcase classname="se.liu.ida.tdp024.account.logic.test.facade.TransactionLogicFacadeTest" name="createTest" time="4.381" />
  <testcase classname="se.liu.ida.tdp024.account.logic.test.facade.TransactionLogicFacadeTest" name="findTest" time="0.232" />
  <testcase classname="se.liu.ida.tdp024.account.logic.test.facade.TransactionLogicFacadeTest" name="findAllTest" time="0.229" />
  <testcase classname="se.liu.ida.tdp024.account.logic.test.facade.TransactionLogicFacadeTest" name="updateTest" time="0.162" />
  <testcase classname="se.liu.ida.tdp024.account.logic.test.facade.TransactionLogicFacadeTest" name="removeTest" time="0.172" />
  <system-out><![CDATA[[EL Info]: 2014-10-14 12:02:25.224--ServerSession(268371308)--EclipseLink, version: Eclipse Persistence Services - 2.3.0.v20110604-r9504
[EL Info]: 2014-10-14 12:02:26.778--ServerSession(268371308)--file:/Users/filipschollin/Documents/Linkoping/TDP024/TDP024/account-data-impl-db/build/classes/_account-dataPU login successful
[EL Warning]: 2014-10-14 12:02:27.119--ServerSession(268371308)--Exception [EclipseLink-4002] (Eclipse Persistence Services - 2.3.0.v20110604-r9504): org.eclipse.persistence.exceptions.DatabaseException
Internal Exception: java.sql.SQLSyntaxErrorException: 'ALTER TABLE' cannot be performed on 'TRANSACTIONDB' because it does not exist.
Error Code: 30000
Call: ALTER TABLE TRANSACTIONDB DROP CONSTRAINT TRNSACTIONDBCCNTID
Query: DataModifyQuery(sql="ALTER TABLE TRANSACTIONDB DROP CONSTRAINT TRNSACTIONDBCCNTID")
[EL Warning]: 2014-10-14 12:02:27.124--ServerSession(268371308)--Exception [EclipseLink-4002] (Eclipse Persistence Services - 2.3.0.v20110604-r9504): org.eclipse.persistence.exceptions.DatabaseException
Internal Exception: java.sql.SQLSyntaxErrorException: 'DROP TABLE' cannot be performed on 'ACCOUNTDB' because it does not exist.
Error Code: 30000
Call: DROP TABLE ACCOUNTDB
Query: DataModifyQuery(sql="DROP TABLE ACCOUNTDB")
[EL Warning]: 2014-10-14 12:02:27.19--ServerSession(268371308)--Exception [EclipseLink-4002] (Eclipse Persistence Services - 2.3.0.v20110604-r9504): org.eclipse.persistence.exceptions.DatabaseException
Internal Exception: java.sql.SQLSyntaxErrorException: 'DROP TABLE' cannot be performed on 'TRANSACTIONDB' because it does not exist.
Error Code: 30000
Call: DROP TABLE TRANSACTIONDB
Query: DataModifyQuery(sql="DROP TABLE TRANSACTIONDB")
[EL Info]: 2014-10-14 12:02:27.748--ServerSession(268371308)--file:/Users/filipschollin/Documents/Linkoping/TDP024/TDP024/account-data-impl-db/build/classes/_account-dataPU logout successful
[EL Info]: 2014-10-14 12:02:27.772--ServerSession(2018097616)--EclipseLink, version: Eclipse Persistence Services - 2.3.0.v20110604-r9504
[EL Info]: 2014-10-14 12:02:27.779--ServerSession(2018097616)--file:/Users/filipschollin/Documents/Linkoping/TDP024/TDP024/account-data-impl-db/build/classes/_account-dataPU login successful
[EL Warning]: 2014-10-14 12:02:27.943--ServerSession(2018097616)--Exception [EclipseLink-4002] (Eclipse Persistence Services - 2.3.0.v20110604-r9504): org.eclipse.persistence.exceptions.DatabaseException
Internal Exception: java.sql.SQLException: Table/View 'SEQUENCE' already exists in Schema 'APP'.
Error Code: 30000
Call: CREATE TABLE SEQUENCE (SEQ_NAME VARCHAR(50) NOT NULL, SEQ_COUNT DECIMAL(15), PRIMARY KEY (SEQ_NAME))
Query: DataModifyQuery(sql="CREATE TABLE SEQUENCE (SEQ_NAME VARCHAR(50) NOT NULL, SEQ_COUNT DECIMAL(15), PRIMARY KEY (SEQ_NAME))")
[EL Info]: 2014-10-14 12:02:27.983--ServerSession(2018097616)--file:/Users/filipschollin/Documents/Linkoping/TDP024/TDP024/account-data-impl-db/build/classes/_account-dataPU logout successful
[EL Info]: 2014-10-14 12:02:28.005--ServerSession(152278716)--EclipseLink, version: Eclipse Persistence Services - 2.3.0.v20110604-r9504
[EL Info]: 2014-10-14 12:02:28.011--ServerSession(152278716)--file:/Users/filipschollin/Documents/Linkoping/TDP024/TDP024/account-data-impl-db/build/classes/_account-dataPU login successful
[EL Warning]: 2014-10-14 12:02:28.12--ServerSession(152278716)--Exception [EclipseLink-4002] (Eclipse Persistence Services - 2.3.0.v20110604-r9504): org.eclipse.persistence.exceptions.DatabaseException
Internal Exception: java.sql.SQLException: Table/View 'SEQUENCE' already exists in Schema 'APP'.
Error Code: 30000
Call: CREATE TABLE SEQUENCE (SEQ_NAME VARCHAR(50) NOT NULL, SEQ_COUNT DECIMAL(15), PRIMARY KEY (SEQ_NAME))
Query: DataModifyQuery(sql="CREATE TABLE SEQUENCE (SEQ_NAME VARCHAR(50) NOT NULL, SEQ_COUNT DECIMAL(15), PRIMARY KEY (SEQ_NAME))")
[EL Info]: 2014-10-14 12:02:28.213--ServerSession(152278716)--file:/Users/filipschollin/Documents/Linkoping/TDP024/TDP024/account-data-impl-db/build/classes/_account-dataPU logout successful
[EL Info]: 2014-10-14 12:02:28.23--ServerSession(1896545507)--EclipseLink, version: Eclipse Persistence Services - 2.3.0.v20110604-r9504
[EL Info]: 2014-10-14 12:02:28.235--ServerSession(1896545507)--file:/Users/filipschollin/Documents/Linkoping/TDP024/TDP024/account-data-impl-db/build/classes/_account-dataPU login successful
[EL Warning]: 2014-10-14 12:02:28.329--ServerSession(1896545507)--Exception [EclipseLink-4002] (Eclipse Persistence Services - 2.3.0.v20110604-r9504): org.eclipse.persistence.exceptions.DatabaseException
Internal Exception: java.sql.SQLException: Table/View 'SEQUENCE' already exists in Schema 'APP'.
Error Code: 30000
Call: CREATE TABLE SEQUENCE (SEQ_NAME VARCHAR(50) NOT NULL, SEQ_COUNT DECIMAL(15), PRIMARY KEY (SEQ_NAME))
Query: DataModifyQuery(sql="CREATE TABLE SEQUENCE (SEQ_NAME VARCHAR(50) NOT NULL, SEQ_COUNT DECIMAL(15), PRIMARY KEY (SEQ_NAME))")
[EL Info]: 2014-10-14 12:02:28.375--ServerSession(1896545507)--file:/Users/filipschollin/Documents/Linkoping/TDP024/TDP024/account-data-impl-db/build/classes/_account-dataPU logout successful
[EL Info]: 2014-10-14 12:02:28.392--ServerSession(1433790557)--EclipseLink, version: Eclipse Persistence Services - 2.3.0.v20110604-r9504
[EL Info]: 2014-10-14 12:02:28.398--ServerSession(1433790557)--file:/Users/filipschollin/Documents/Linkoping/TDP024/TDP024/account-data-impl-db/build/classes/_account-dataPU login successful
[EL Warning]: 2014-10-14 12:02:28.502--ServerSession(1433790557)--Exception [EclipseLink-4002] (Eclipse Persistence Services - 2.3.0.v20110604-r9504): org.eclipse.persistence.exceptions.DatabaseException
Internal Exception: java.sql.SQLException: Table/View 'SEQUENCE' already exists in Schema 'APP'.
Error Code: 30000
Call: CREATE TABLE SEQUENCE (SEQ_NAME VARCHAR(50) NOT NULL, SEQ_COUNT DECIMAL(15), PRIMARY KEY (SEQ_NAME))
Query: DataModifyQuery(sql="CREATE TABLE SEQUENCE (SEQ_NAME VARCHAR(50) NOT NULL, SEQ_COUNT DECIMAL(15), PRIMARY KEY (SEQ_NAME))")
[EL Info]: 2014-10-14 12:02:28.547--ServerSession(1433790557)--file:/Users/filipschollin/Documents/Linkoping/TDP024/TDP024/account-data-impl-db/build/classes/_account-dataPU logout successful
]]></system-out>
  <system-err><![CDATA[]]></system-err>
</testsuite>
