<?xml version="1.0" encoding="UTF-8" ?>
<testsuite errors="0" failures="0" hostname="FabiansHP" name="tdp024.account.rest.service.AccountServiceTest" skipped="0" tests="1" time="1.939" timestamp="2014-10-10T09:20:08">
  <properties>
    <property name="java.vendor" value="Oracle Corporation" />
    <property name="sun.java.launcher" value="SUN_STANDARD" />
    <property name="sonar.projectName" value="TDP024_group_a8" />
    <property name="sun.management.compiler" value="HotSpot 64-Bit Tiered Compilers" />
    <property name="os.name" value="Windows 8" />
    <property name="sun.boot.class.path" value="C:\Program Files\Java\jdk1.7.0_25\jre\lib\resources.jar;C:\Program Files\Java\jdk1.7.0_25\jre\lib\rt.jar;C:\Program Files\Java\jdk1.7.0_25\jre\lib\sunrsasign.jar;C:\Program Files\Java\jdk1.7.0_25\jre\lib\jsse.jar;C:\Program Files\Java\jdk1.7.0_25\jre\lib\jce.jar;C:\Program Files\Java\jdk1.7.0_25\jre\lib\charsets.jar;C:\Program Files\Java\jdk1.7.0_25\jre\lib\jfr.jar;C:\Program Files\Java\jdk1.7.0_25\jre\classes" />
    <property name="user.country.format" value="SE" />
    <property name="ant.file.TDP024_group_a8" value="C:\Users\Fabian\Development\TDP024\sonar_group_a8.xml" />
    <property name="sun.desktop" value="windows" />
    <property name="java.vm.specification.vendor" value="Oracle Corporation" />
    <property name="test.failed" value="true" />
    <property name="ant.home" value="C:\Users\Fabian\Development\adt-bundle-windows-x86_64-20140624\eclipse\plugins\org.apache.ant_1.9.2.v201404171502\bin\.." />
    <property name="sonar.projectVersion" value="1.0" />
    <property name="java.runtime.version" value="1.7.0_25-b16" />
    <property name="sonar.jdbc.password" value="sonar_17f4" />
    <property name="user.name" value="Fabian" />
    <property name="user.language.format" value="sv" />
    <property name="user.language" value="en" />
    <property name="sun.boot.library.path" value="C:\Program Files\Java\jdk1.7.0_25\jre\bin" />
    <property name="ant.project.default-target" value="default" />
    <property name="ant.project.name" value="TDP024_group_a8" />
    <property name="java.version" value="1.7.0_25" />
    <property name="user.timezone" value="" />
    <property name="sun.arch.data.model" value="64" />
    <property name="jacoco.report.dir" value="jacoco/report" />
    <property name="sonar.host.url" value="http://www.ida.liu.se/~TDP024/sonar" />
    <property name="java.endorsed.dirs" value="C:\Program Files\Java\jdk1.7.0_25\jre\lib\endorsed" />
    <property name="sonar.jdbc.username" value="tdp024_sonar" />
    <property name="sun.cpu.isalist" value="amd64" />
    <property name="sun.jnu.encoding" value="Cp1252" />
    <property name="file.encoding.pkg" value="sun.io" />
    <property name="file.separator" value="\" />
    <property name="java.specification.name" value="Java Platform API Specification" />
    <property name="sonar.sources" value="   account-data-api/src,   account-data-impl-db/src,   account-logic-api/src,   account-logic-impl/src,   account-rest/src/java   " />
    <property name="java.class.version" value="51.0" />
    <property name="user.country" value="GB" />
    <property name="java.home" value="C:\Program Files\Java\jdk1.7.0_25\jre" />
    <property name="java.vm.info" value="mixed mode" />
    <property name="sonar.libraries" value="lib/*.jar,lib/jaxb/*.jar,lib/jersey/*.jar" />
    <property name="ant.file" value="C:\Users\Fabian\Development\TDP024\sonar_group_a8.xml" />
    <property name="os.version" value="6.2" />
    <property name="ant.file.type.TDP024_group_a8" value="file" />
    <property name="jacoco.test.dir" value="jacoco/test" />
    <property name="path.separator" value=";" />
    <property name="java.vm.version" value="23.25-b01" />
    <property name="user.variant" value="" />
    <property name="ant.library.dir" value="C:\Users\Fabian\Development\adt-bundle-windows-x86_64-20140624\eclipse\plugins\org.apache.ant_1.9.2.v201404171502\lib" />
    <property name="sonar.login" value="grupp-a8" />
    <property name="java.awt.printerjob" value="sun.awt.windows.WPrinterJob" />
    <property name="sun.io.unicode.encoding" value="UnicodeLittle" />
    <property name="awt.toolkit" value="sun.awt.windows.WToolkit" />
    <property name="_jacoco.agentFile" value="C:\Users\Fabian\AppData\Local\Temp\jacocoagent6682920908860747132.jar" />
    <property name="sonar.tests" value="    account-data-test/test,    account-logic-test/test,    account-rest/test    " />
    <property name="user.script" value="" />
    <property name="jacoco.exec.file" value="jacoco/jacoco.exec" />
    <property name="user.home" value="C:\Users\Fabian" />
    <property name="sonar.binaries" value="   account-data-api/build/classes,   account-data-impl-db/build/classes,   account-logic-api/build/classes,   account-logic-impl/build/classes,   account-rest/build/web/WEB-INF/classes,   account-util/build/classes   " />
    <property name="sonar.language" value="java" />
    <property name="java.specification.vendor" value="Oracle Corporation" />
    <property name="java.library.path" value="C:\Program Files\Java\jdk1.7.0_25\jre\bin;C:\Windows\Sun\Java\bin;C:\Windows\system32;C:\Windows;C:\Program Files (x86)\Intel\iCLS Client\;C:\Program Files\Intel\iCLS Client\;C:\Windows\system32;C:\Windows;C:\Windows\System32\Wbem;C:\Windows\System32\WindowsPowerShell\v1.0\;C:\Program Files (x86)\Windows Live\Shared;C:\Program Files (x86)\Intel\OpenCL SDK\2.0\bin\x86;C:\Program Files (x86)\Intel\OpenCL SDK\2.0\bin\x64;C:\Program Files\Intel\WiFi\bin\;C:\Program Files\Common Files\Intel\WirelessCommon\;C:\Program Files\Intel\Intel(R) Management Engine Components\DAL;C:\Program Files\Intel\Intel(R) Management Engine Components\IPT;C:\Program Files (x86)\Intel\Intel(R) Management Engine Components\DAL;C:\Program Files (x86)\Intel\Intel(R) Management Engine Components\IPT;C:\Program Files\Microsoft SQL Server\110\Tools\Binn\;C:\MinGW\local\bin;C:\Program Files\Java\jdk1.7.0_25\bin;C:\Program Files (x86)\OpenSSH\bin;C:\Program Files\Apache\apache-maven-3.1.1\bin;C:\Users\Fabian\Development\adt-bundle-windows-x86_64-20140321\sdk\tools;C:\Users\Fabian\Development\adt-bundle-windows-x86_64-20140321\sdk\platform-tools;." />
    <property name="java.vendor.url" value="http://java.oracle.com/" />
    <property name="java.vm.vendor" value="Oracle Corporation" />
    <property name="java.runtime.name" value="Java(TM) SE Runtime Environment" />
    <property name="sun.java.command" value="org.apache.tools.ant.taskdefs.optional.junit.JUnitTestRunner tdp024.account.rest.service.AccountServiceTest filtertrace=true haltOnError=false haltOnFailure=false showoutput=false outputtoformatters=true logfailedtests=true logtestlistenerevents=false formatter=org.apache.tools.ant.taskdefs.optional.junit.XMLJUnitResultFormatter,C:\Users\Fabian\Development\TDP024\jacoco\test\TEST-tdp024.account.rest.service.AccountServiceTest.xml crashfile=C:\Users\Fabian\Development\TDP024\junitvmwatcher3584583659243032815.properties propsfile=C:\Users\Fabian\Development\TDP024\junit8563830555871932635.properties" />
    <property name="java.class.path" value="C:\Users\Fabian\Development\TDP024\account-data-api\build\classes;C:\Users\Fabian\Development\TDP024\account-data-impl-db\build\classes;C:\Users\Fabian\Development\TDP024\account-logic-api\build\classes;C:\Users\Fabian\Development\TDP024\account-logic-impl\build\classes;C:\Users\Fabian\Development\TDP024\account-rest\build\web\WEB-INF\classes;C:\Users\Fabian\Development\TDP024\account-util\build\classes;C:\Users\Fabian\Development\TDP024\account-data-test\build\test\classes;C:\Users\Fabian\Development\TDP024\account-logic-test\build\test\classes;C:\Users\Fabian\Development\TDP024\account-rest\build\test\classes;C:\Users\Fabian\Development\TDP024\lib\ant-contrib-1.0b3.jar;C:\Users\Fabian\Development\TDP024\lib\derby.jar;C:\Users\Fabian\Development\TDP024\lib\eclipselink-2.3.0.jar;C:\Users\Fabian\Development\TDP024\lib\jackson-annotations-2.2.2.jar;C:\Users\Fabian\Development\TDP024\lib\jackson-core-2.2.2.jar;C:\Users\Fabian\Development\TDP024\lib\jackson-databind-2.2.1.jar;C:\Users\Fabian\Development\TDP024\lib\jacocoagent.jar;C:\Users\Fabian\Development\TDP024\lib\jacocoant.jar;C:\Users\Fabian\Development\TDP024\lib\javax.persistence-2.0.jar;C:\Users\Fabian\Development\TDP024\lib\jaxb\activation.jar;C:\Users\Fabian\Development\TDP024\lib\jaxb\jaxb-api.jar;C:\Users\Fabian\Development\TDP024\lib\jaxb\jsr173_api.jar;C:\Users\Fabian\Development\TDP024\lib\jersey\asm-3.1.jar;C:\Users\Fabian\Development\TDP024\lib\jersey\jackson-core-asl-1.7.1.jar;C:\Users\Fabian\Development\TDP024\lib\jersey\jackson-jaxrs-1.7.1.jar;C:\Users\Fabian\Development\TDP024\lib\jersey\jackson-mapper-asl-1.7.1.jar;C:\Users\Fabian\Development\TDP024\lib\jersey\jackson-xc-1.7.1.jar;C:\Users\Fabian\Development\TDP024\lib\jersey\jersey-apache-client-1.8.jar;C:\Users\Fabian\Development\TDP024\lib\jersey\jersey-atom-abdera-1.8.jar;C:\Users\Fabian\Development\TDP024\lib\jersey\jersey-client-1.8.jar;C:\Users\Fabian\Development\TDP024\lib\jersey\jersey-core-1.8.jar;C:\Users\Fabian\Development\TDP024\lib\jersey\jersey-guice-1.8.jar;C:\Users\Fabian\Development\TDP024\lib\jersey\jersey-json-1.8.jar;C:\Users\Fabian\Development\TDP024\lib\jersey\jersey-multipart-1.8.jar;C:\Users\Fabian\Development\TDP024\lib\jersey\jersey-server-1.8.jar;C:\Users\Fabian\Development\TDP024\lib\jersey\jersey-simple-server-1.8.jar;C:\Users\Fabian\Development\TDP024\lib\jersey\jersey-spring-1.8.jar;C:\Users\Fabian\Development\TDP024\lib\jersey\jettison-1.1.jar;C:\Users\Fabian\Development\TDP024\lib\jersey\jsr311-api-1.1.1.jar;C:\Users\Fabian\Development\TDP024\lib\jersey\oauth-client-1.8.jar;C:\Users\Fabian\Development\TDP024\lib\jersey\oauth-server-1.8.jar;C:\Users\Fabian\Development\TDP024\lib\jersey\oauth-signature-1.8.jar;C:\Users\Fabian\Development\TDP024\lib\junit-4.10.jar;C:\Users\Fabian\Development\TDP024\lib\org-netbeans-modules-java-j2seproject-copylibstask.jar;C:\Users\Fabian\Development\TDP024\lib\org.eclipse.persistence.jpa.jpql_1.0.0.jar;C:\Users\Fabian\Development\TDP024\lib\sonar-ant-task-2.1.jar;C:\Users\Fabian\Development\adt-bundle-windows-x86_64-20140624\eclipse\plugins\org.apache.ant_1.9.2.v201404171502\lib\ant-launcher.jar;C:\Users\Fabian\Development\adt-bundle-windows-x86_64-20140624\eclipse\plugins\org.apache.ant_1.9.2.v201404171502\lib\ant.jar;C:\Users\Fabian\Development\adt-bundle-windows-x86_64-20140624\eclipse\plugins\org.apache.ant_1.9.2.v201404171502\lib\ant-junit.jar;C:\Users\Fabian\Development\adt-bundle-windows-x86_64-20140624\eclipse\plugins\org.apache.ant_1.9.2.v201404171502\lib\ant-junit4.jar;C:\Users\Fabian\AppData\Local\Temp\jacocoagent6682920908860747132.jar" />
    <property name="ant.version" value="Apache Ant(TM) version 1.9.2 compiled on July 8 2013" />
    <property name="java.vm.specification.name" value="Java Virtual Machine Specification" />
    <property name="ant.file.type" value="file" />
    <property name="java.vm.specification.version" value="1.7" />
    <property name="sun.cpu.endian" value="little" />
    <property name="sun.os.patch.level" value="" />
    <property name="java.io.tmpdir" value="C:\Users\Fabian\AppData\Local\Temp\" />
    <property name="sonar.jdbc.url" value="jdbc:mysql://db.ida.liu.se:3306/tdp024_sonar?useUnicode=true&amp;characterEncoding=utf8" />
    <property name="java.vendor.url.bug" value="http://bugreport.sun.com/bugreport/" />
    <property name="java.awt.graphicsenv" value="sun.awt.Win32GraphicsEnvironment" />
    <property name="os.arch" value="amd64" />
    <property name="java.ext.dirs" value="C:\Program Files\Java\jdk1.7.0_25\jre\lib\ext;C:\Windows\Sun\Java\lib\ext" />
    <property name="user.dir" value="C:\Users\Fabian\Development\TDP024" />
    <property name="libs.CopyLibs.classpath" value="/home/TDP024/netbeans-8.0.1/java/ant/extra/org-netbeans-modules-java-j2seproject-copylibstask.jar" />
    <property name="sonar.password" value="fru8Ud4A" />
    <property name="line.separator" value="&#xd;&#xa;" />
    <property name="java.vm.name" value="Java HotSpot(TM) 64-Bit Server VM" />
    <property name="basedir" value="C:\Users\Fabian\Development\TDP024" />
    <property name="ant.java.version" value="1.7" />
    <property name="ant.core.lib" value="C:\Users\Fabian\Development\adt-bundle-windows-x86_64-20140624\eclipse\plugins\org.apache.ant_1.9.2.v201404171502\lib\ant.jar" />
    <property name="file.encoding" value="Cp1252" />
    <property name="java.specification.version" value="1.7" />
    <property name="ant.project.invoked-targets" value="jacoco" />
    <property name="sonar.projectKey" value="TDP024_group_a8" />
  </properties>
  <testcase classname="tdp024.account.rest.service.AccountServiceTest" name="testCreate" time="1.835" />
  <system-out><![CDATA[Debit
CHECK
]]></system-out>
  <system-err><![CDATA[]]></system-err>
</testsuite>
