<?xml version="1.0" encoding="UTF-8" ?>
<testsuite errors="0" failures="0" hostname="c-207-134.eduroam.liu.se" name="se.liu.ida.tdp024.account.data.test.facade.AccountEntityFacadeTest" tests="5" time="11.005" timestamp="2014-10-13T17:24:05">
  <properties>
    <property name="default.javac.source" value="1.4" />
    <property name="ant.file.type.account-data-test-impl" value="file" />
    <property name="file.encoding.pkg" value="sun.io" />
    <property name="javac.source" value="1.6" />
    <property name="testng.debug.mode" value="" />
    <property name="netbeans.system_http_proxy" value="DIRECT" />
    <property name="java.home" value="/Library/Java/JavaVirtualMachines/jdk1.7.0_25.jdk/Contents/Home/jre" />
    <property name="test.src.dir" value="test" />
    <property name="sun.java2d.dpiaware" value="true" />
    <property name="javadoc.version" value="false" />
    <property name="sun.font.fontmanager" value="sun.font.CFontManager" />
    <property name="java.endorsed.dirs" value="/Library/Java/JavaVirtualMachines/jdk1.7.0_25.jdk/Contents/Home/jre/lib/endorsed" />
    <property name="sun.java2d.noddraw" value="true" />
    <property name="debug-args-line" value="-Xdebug" />
    <property name="netbeans.hash.code" value="unique=NB_WEBCOMMON_PHP081ae3f16-38d2-4303-bf77-8b2e83ce5f5a_cbfaef67-8a88-47c5-bef3-6bfccc0316a4" />
    <property name="build.sysclasspath" value="ignore" />
    <property name="includes" value="**" />
    <property name="javac.fork" value="false" />
    <property name="source.encoding" value="UTF-8" />
    <property name="sun.os.patch.level" value="unknown" />
    <property name="java.vendor.url" value="http://java.oracle.com/" />
    <property name="java.version" value="1.7.0_25" />
    <property name="nb.show.statistics.ui" value="usageStatisticsEnabled" />
    <property name="reference.account-util.jar" value="../account-util/dist/account-util.jar" />
    <property name="javac.debug" value="true" />
    <property name="org.openide.major.version" value="IDE/1" />
    <property name="run.classpath" value="../account-data-api/dist/account-data-api.jar:../account-data-impl-db/dist/account-data-impl-db.jar:../lib/derby.jar:../lib/eclipselink-2.3.0.jar:../lib/javax.persistence-2.0.jar:../lib/junit-4.10.jar:../lib/org.eclipse.persistence.jpa.jpql_1.0.0.jar:../account-util/dist/account-util.jar:build/classes" />
    <property name="java.vendor.url.bug" value="http://bugreport.sun.com/bugreport/" />
    <property name="netbeans.autoupdate.variant" value="" />
    <property name="netbeans.buildnumber" value="201306052037" />
    <property name="ant.project.invoked-targets" value="test-single" />
    <property name="jna.platform.library.path" value="/usr/lib:/usr/lib" />
    <property name="annotation.processing.run.all.processors" value="true" />
    <property name="user.name" value="filipschollin" />
    <property name="empty.dir" value="/Users/filipschollin/Documents/Linkoping/TDP024/TDP024/account-data-test/build/empty" />
    <property name="sun.io.unicode.encoding" value="UnicodeBig" />
    <property name="sun.jnu.encoding" value="US-ASCII" />
    <property name="java.runtime.name" value="Java(TM) SE Runtime Environment" />
    <property name="application.vendor" value="marbe92" />
    <property name="jdk.home" value="/Library/Java/JavaVirtualMachines/jdk1.7.0_25.jdk/Contents/Home" />
    <property name="netbeans.autoupdate.version" value="1.23" />
    <property name="netbeans.dirs" value="/Applications/NetBeans/NetBeans 7.3.1.app/Contents/Resources/NetBeans/nb:/Applications/NetBeans/NetBeans 7.3.1.app/Contents/Resources/NetBeans/ergonomics:/Applications/NetBeans/NetBeans 7.3.1.app/Contents/Resources/NetBeans/ide:/Applications/NetBeans/NetBeans 7.3.1.app/Contents/Resources/NetBeans/java:/Applications/NetBeans/NetBeans 7.3.1.app/Contents/Resources/NetBeans/apisupport:/Applications/NetBeans/NetBeans 7.3.1.app/Contents/Resources/NetBeans/webcommon:/Applications/NetBeans/NetBeans 7.3.1.app/Contents/Resources/NetBeans/websvccommon:/Applications/NetBeans/NetBeans 7.3.1.app/Contents/Resources/NetBeans/enterprise:/Applications/NetBeans/NetBeans 7.3.1.app/Contents/Resources/NetBeans/mobility:/Applications/NetBeans/NetBeans 7.3.1.app/Contents/Resources/NetBeans/profiler:/Applications/NetBeans/NetBeans 7.3.1.app/Contents/Resources/NetBeans/python:/Applications/NetBeans/NetBeans 7.3.1.app/Contents/Resources/NetBeans/php:/Applications/NetBeans/NetBeans 7.3.1.app/Contents/Resources/NetBeans/identity:/Applications/NetBeans/NetBeans 7.3.1.app/Contents/Resources/NetBeans/harness:/Applications/NetBeans/NetBeans 7.3.1.app/Contents/Resources/NetBeans/cnd:/Applications/NetBeans/NetBeans 7.3.1.app/Contents/Resources/NetBeans/dlight:/Applications/NetBeans/NetBeans 7.3.1.app/Contents/Resources/NetBeans/groovy:/Applications/NetBeans/NetBeans 7.3.1.app/Contents/Resources/NetBeans/extra:/Applications/NetBeans/NetBeans 7.3.1.app/Contents/Resources/NetBeans/javacard:/Applications/NetBeans/NetBeans 7.3.1.app/Contents/Resources/NetBeans/javafx:" />
    <property name="java.specification.name" value="Java Platform API Specification" />
    <property name="sun.awt.datatransfer.timeout" value="1000" />
    <property name="javadoc.author" value="false" />
    <property name="ap.proc.none.internal" value="" />
    <property name="ftp.nonProxyHosts" value="local|*.local|169.254/16|*.169.254/16" />
    <property name="user.timezone" value="" />
    <property name="nb.native.filechooser" value="false" />
    <property name="netbeans.system_http_non_proxy_hosts" value="" />
    <property name="org.openide.specification.version" value="6.2" />
    <property name="path.separator" value=":" />
    <property name="testng.mode" value="testng" />
    <property name="version-output" value="java version &quot;1.7" />
    <property name="netbeans.accept_license_class" value="org.netbeans.license.AcceptLicense" />
    <property name="file.encoding" value="US-ASCII" />
    <property name="dist.javadoc.dir" value="dist/javadoc" />
    <property name="ant.file.type.account-data-test" value="file" />
    <property name="ant.project.default-target" value="default" />
    <property name="javac.profile.cmd.line.arg" value="" />
    <property name="sun.java.command" value="org.apache.tools.ant.taskdefs.optional.junit.JUnitTestRunner se.liu.ida.tdp024.account.data.test.facade.AccountEntityFacadeTest filtertrace=true haltOnError=false haltOnFailure=false showoutput=true outputtoformatters=true logfailedtests=true logtestlistenerevents=true formatter=org.apache.tools.ant.taskdefs.optional.junit.BriefJUnitResultFormatter formatter=org.apache.tools.ant.taskdefs.optional.junit.XMLJUnitResultFormatter,/Users/filipschollin/Documents/Linkoping/TDP024/TDP024/account-data-test/build/test/results/TEST-se.liu.ida.tdp024.account.data.test.facade.AccountEntityFacadeTest.xml crashfile=/Users/filipschollin/Documents/Linkoping/TDP024/TDP024/account-data-test/build/junitvmwatcher6521685804439596282.properties propsfile=/Users/filipschollin/Documents/Linkoping/TDP024/TDP024/account-data-test/build/junit4650222572854840593.properties" />
    <property name="built-jar.properties" value="/Users/filipschollin/Documents/Linkoping/TDP024/TDP024/account-data-test/build/built-jar.properties" />
    <property name="socksNonProxyHosts" value="local|*.local|169.254/16|*.169.254/16" />
    <property name="ant.junit.enabletestlistenerevents" value="true" />
    <property name="ant.file" value="/Users/filipschollin/Documents/Linkoping/TDP024/TDP024/account-data-test/build.xml" />
    <property name="junit.available" value="true" />
    <property name="netbeans.autoupdate.language" value="sv" />
    <property name="java.io.tmpdir" value="/var/folders/dm/23w4l45556s8ft042lllggs00000gn/T/" />
    <property name="build.test.results.dir" value="build/test/results" />
    <property name="user.language" value="sv" />
    <property name="line.separator" value="&#xa;" />
    <property name="apple.laf.useScreenMenuBar" value="true" />
    <property name="javac.compilerargs" value="" />
    <property name="jar.compress" value="false" />
    <property name="debug-transport-by-os" value="dt_socket" />
    <property name="java.vm.info" value="mixed mode" />
    <property name="reference.account-data-api.jar" value="../account-data-api/dist/account-data-api.jar" />
    <property name="javadoc.private" value="false" />
    <property name="annotation.processing.processors.list" value="" />
    <property name="java.vm.specification.name" value="Java Virtual Machine Specification" />
    <property name="build.test.classes.dir" value="build/test/classes" />
    <property name="project.account-data-api" value="../account-data-api" />
    <property name="test.binaryexcludes" value="" />
    <property name="file.reference.javax.persistence-2.0.jar" value="../lib/javax.persistence-2.0.jar" />
    <property name="netbeans.dynamic.classpath" value="/Applications/NetBeans/NetBeans 7.3.1.app/Contents/Resources/NetBeans/platform/core/core.jar:/Applications/NetBeans/NetBeans 7.3.1.app/Contents/Resources/NetBeans/platform/core/org-openide-filesystems.jar:/Applications/NetBeans/NetBeans 7.3.1.app/Contents/Resources/NetBeans/platform/core/locale/core_ja.jar:/Applications/NetBeans/NetBeans 7.3.1.app/Contents/Resources/NetBeans/platform/core/locale/core_pt_BR.jar:/Applications/NetBeans/NetBeans 7.3.1.app/Contents/Resources/NetBeans/platform/core/locale/core_ru.jar:/Applications/NetBeans/NetBeans 7.3.1.app/Contents/Resources/NetBeans/platform/core/locale/core_zh_CN.jar:/Applications/NetBeans/NetBeans 7.3.1.app/Contents/Resources/NetBeans/platform/core/locale/org-openide-filesystems_ja.jar:/Applications/NetBeans/NetBeans 7.3.1.app/Contents/Resources/NetBeans/platform/core/locale/org-openide-filesystems_pt_BR.jar:/Applications/NetBeans/NetBeans 7.3.1.app/Contents/Resources/NetBeans/platform/core/locale/org-openide-filesystems_ru.jar:/Applications/NetBeans/NetBeans 7.3.1.app/Contents/Resources/NetBeans/platform/core/locale/org-openide-filesystems_zh_CN.jar:/Applications/NetBeans/NetBeans 7.3.1.app/Contents/Resources/NetBeans/nb/core/org-netbeans-upgrader.jar:/Applications/NetBeans/NetBeans 7.3.1.app/Contents/Resources/NetBeans/nb/core/locale/core_nb.jar:/Applications/NetBeans/NetBeans 7.3.1.app/Contents/Resources/NetBeans/nb/core/locale/org-netbeans-upgrader_ja.jar:/Applications/NetBeans/NetBeans 7.3.1.app/Contents/Resources/NetBeans/nb/core/locale/org-netbeans-upgrader_pt_BR.jar:/Applications/NetBeans/NetBeans 7.3.1.app/Contents/Resources/NetBeans/nb/core/locale/org-netbeans-upgrader_ru.jar:/Applications/NetBeans/NetBeans 7.3.1.app/Contents/Resources/NetBeans/nb/core/locale/org-netbeans-upgrader_zh_CN.jar" />
    <property name="platform.active" value="default_platform" />
    <property name="ap.cmd.line.internal" value="" />
    <property name="javac.includes.binary" value="/Users/filipschollin/Documents/Linkoping/TDP024/TDP024/account-data-test/build/test/classes/se/liu/ida/tdp024/account/data/test/facade/AccountEntityFacadeTest.class" />
    <property name="jdkBug6558476" value="false" />
    <property name="http.nonProxyHosts" value="local|*.local|169.254/16|*.169.254/16" />
    <property name="endorsed.classpath" value="" />
    <property name="javac.includes" value="se/liu/ida/tdp024/account/data/test/facade/AccountEntityFacadeTest.java" />
    <property name="netbeans.autoupdate.country" value="SE" />
    <property name="javadoc.encoding" value="UTF-8" />
    <property name="java.awt.printerjob" value="sun.lwawt.macosx.CPrinterJob" />
    <property name="ap.processors.internal" value="" />
    <property name="do.archive" value="true" />
    <property name="dist.jar" value="dist/account-data-test.jar" />
    <property name="meta.inf.dir" value="${src.dir}/META-INF" />
    <property name="ant.file.account-data-test-impl" value="/Users/filipschollin/Documents/Linkoping/TDP024/TDP024/account-data-test/nbproject/build-impl.xml" />
    <property name="ant.version" value="Apache Ant(TM) version 1.8.4 compiled on May 22 2012" />
    <property name="netbeans.home" value="/Applications/NetBeans/NetBeans 7.3.1.app/Contents/Resources/NetBeans/platform" />
    <property name="javadoc.nonavbar" value="false" />
    <property name="user.properties.file" value="C:\Users\Fabian\AppData\Roaming\NetBeans\8.0.1\build.properties" />
    <property name="netbeans.importclass" value="org.netbeans.upgrade.AutoUpgrade" />
    <property name="gopherProxySet" value="false" />
    <property name="annotation.processing.source.output" value="build/generated-sources/ap-source-output" />
    <property name="build.generated.dir" value="build/generated" />
    <property name="netbeans.home+have.tests" value="true" />
    <property name="apple.awt.graphics.UseQuartz" value="true" />
    <property name="os.name" value="Mac OS X" />
    <property name="java.specification.vendor" value="Oracle Corporation" />
    <property name="file.reference.junit-4.10.jar" value="../lib/junit-4.10.jar" />
    <property name="run.test.classpath" value="../account-data-api/dist/account-data-api.jar:../account-data-impl-db/dist/account-data-impl-db.jar:../lib/derby.jar:../lib/eclipselink-2.3.0.jar:../lib/javax.persistence-2.0.jar:../lib/junit-4.10.jar:../lib/org.eclipse.persistence.jpa.jpql_1.0.0.jar:../account-util/dist/account-util.jar:build/classes:${libs.junit_4.classpath}:build/test/classes" />
    <property name="java.vm.name" value="Java HotSpot(TM) 64-Bit Server VM" />
    <property name="org.openide.version" value="deprecated" />
    <property name="sun.awt.enableExtraMouseButtons" value="true" />
    <property name="ap.supported.internal" value="true" />
    <property name="java.library.path" value="/Users/filipschollin/Library/Java/Extensions:/Library/Java/Extensions:/Network/Library/Java/Extensions:/System/Library/Java/Extensions:/usr/lib/java:." />
    <property name="ant.java.version" value="1.7" />
    <property name="basedir" value="/Users/filipschollin/Documents/Linkoping/TDP024/TDP024/account-data-test" />
    <property name="javadoc.noindex" value="false" />
    <property name="jna.boot.library.name" value="jnidispatch-340" />
    <property name="java.class.version" value="51.0" />
    <property name="javac.test.classpath" value="../account-data-api/dist/account-data-api.jar:../account-data-impl-db/dist/account-data-impl-db.jar:../lib/derby.jar:../lib/eclipselink-2.3.0.jar:../lib/javax.persistence-2.0.jar:../lib/junit-4.10.jar:../lib/org.eclipse.persistence.jpa.jpql_1.0.0.jar:../account-util/dist/account-util.jar:build/classes:${libs.junit_4.classpath}" />
    <property name="javac.processorpath" value="../account-data-api/dist/account-data-api.jar:../account-data-impl-db/dist/account-data-impl-db.jar:../lib/derby.jar:../lib/eclipselink-2.3.0.jar:../lib/javax.persistence-2.0.jar:../lib/junit-4.10.jar:../lib/org.eclipse.persistence.jpa.jpql_1.0.0.jar:../account-util/dist/account-util.jar" />
    <property name="ant.home" value="/Applications/NetBeans/NetBeans 7.3.1.app/Contents/Resources/NetBeans/java/ant" />
    <property name="javadoc.splitindex" value="true" />
    <property name="ant.file.account-data-test" value="/Users/filipschollin/Documents/Linkoping/TDP024/TDP024/account-data-test/build.xml" />
    <property name="javac.test.processorpath" value="../account-data-api/dist/account-data-api.jar:../account-data-impl-db/dist/account-data-impl-db.jar:../lib/derby.jar:../lib/eclipselink-2.3.0.jar:../lib/javax.persistence-2.0.jar:../lib/junit-4.10.jar:../lib/org.eclipse.persistence.jpa.jpql_1.0.0.jar:../account-util/dist/account-util.jar:build/classes:${libs.junit_4.classpath}" />
    <property name="project.account-data-impl-db" value="../account-data-impl-db" />
    <property name="javadoc.preview" value="true" />
    <property name="copylibs.rebase" value="true" />
    <property name="junit.forkmode" value="perTest" />
    <property name="test.binarytestincludes" value="" />
    <property name="sun.boot.library.path" value="/Library/Java/JavaVirtualMachines/jdk1.7.0_25.jdk/Contents/Home/jre/lib" />
    <property name="build.dir" value="build" />
    <property name="application.title" value="account-data-test" />
    <property name="sun.management.compiler" value="HotSpot 64-Bit Tiered Compilers" />
    <property name="java.awt.graphicsenv" value="sun.awt.CGraphicsEnvironment" />
    <property name="javadoc.encoding.used" value="UTF-8" />
    <property name="javadoc.windowtitle" value="" />
    <property name="netbeans.productversion" value="NetBeans IDE 7.3.1 (Build 201306052037)" />
    <property name="annotation.processing.enabled" value="true" />
    <property name="run.jvmargs.ide" value="" />
    <property name="com.apple.mrj.application.apple.menu.about.name" value="NetBeans" />
    <property name="run.jvmargs" value="" />
    <property name="nb.junit.single" value="false" />
    <property name="build.generated.sources.dir" value="build/generated-sources" />
    <property name="build.compiler.emacs" value="true" />
    <property name="ant.project.name" value="account-data-test" />
    <property name="java.vm.specification.version" value="1.7" />
    <property name="work.dir" value="/Users/filipschollin/Documents/Linkoping/TDP024/TDP024/account-data-test" />
    <property name="awt.toolkit" value="sun.lwawt.macosx.LWCToolkit" />
    <property name="javadoc.use" value="true" />
    <property name="sun.cpu.isalist" value="" />
    <property name="java.ext.dirs" value="/Users/filipschollin/Library/Java/Extensions:/Library/Java/JavaVirtualMachines/jdk1.7.0_25.jdk/Contents/Home/jre/lib/ext:/Library/Java/Extensions:/Network/Library/Java/Extensions:/System/Library/Java/Extensions:/usr/lib/java" />
    <property name="os.version" value="10.9.4" />
    <property name="netbeans.default_userdir_root" value="/Users/filipschollin/Library/Application Support/NetBeans" />
    <property name="excludes" value="" />
    <property name="user.home" value="/Users/filipschollin" />
    <property name="org.xml.sax.driver" value="com.sun.org.apache.xerces.internal.jaxp.SAXParserImpl$JAXPSAXParser" />
    <property name="java.vm.vendor" value="Oracle Corporation" />
    <property name="user.dir" value="/Users/filipschollin/Documents/Linkoping/TDP024/TDP024/account-data-test" />
    <property name="debug-transport" value="dt_socket" />
    <property name="application.args" value="" />
    <property name="javac.includesfile.binary" value="/Users/filipschollin/Documents/Linkoping/TDP024/TDP024/account-data-test/null903436441" />
    <property name="file.reference.org.eclipse.persistence.jpa.jpql_1.0.0.jar" value="../lib/org.eclipse.persistence.jpa.jpql_1.0.0.jar" />
    <property name="sun.cpu.endian" value="little" />
    <property name="endorsed.classpath.cmd.line.arg" value="" />
    <property name="jar.index" value="false" />
    <property name="java.vm.version" value="23.25-b01" />
    <property name="test.binaryincludes" value="&lt;nothing&gt;" />
    <property name="annotation.processing.processor.options" value="" />
    <property name="java.class.path" value="/Users/filipschollin/Documents/Linkoping/TDP024/TDP024/account-data-api/dist/account-data-api.jar:/Users/filipschollin/Documents/Linkoping/TDP024/TDP024/account-data-impl-db/dist/account-data-impl-db.jar:/Users/filipschollin/Documents/Linkoping/TDP024/TDP024/lib/derby.jar:/Users/filipschollin/Documents/Linkoping/TDP024/TDP024/lib/eclipselink-2.3.0.jar:/Users/filipschollin/Documents/Linkoping/TDP024/TDP024/lib/javax.persistence-2.0.jar:/Users/filipschollin/Documents/Linkoping/TDP024/TDP024/lib/junit-4.10.jar:/Users/filipschollin/Documents/Linkoping/TDP024/TDP024/lib/org.eclipse.persistence.jpa.jpql_1.0.0.jar:/Users/filipschollin/Documents/Linkoping/TDP024/TDP024/account-util/dist/account-util.jar:/Users/filipschollin/Documents/Linkoping/TDP024/TDP024/account-data-test/build/classes:/Users/filipschollin/Documents/Linkoping/TDP024/TDP024/account-data-test/build/test/classes:/Applications/NetBeans/NetBeans 7.3.1.app/Contents/Resources/NetBeans/java/ant/lib/ant-launcher.jar:/Applications/NetBeans/NetBeans 7.3.1.app/Contents/Resources/NetBeans/java/ant/lib/ant.jar:/Applications/NetBeans/NetBeans 7.3.1.app/Contents/Resources/NetBeans/java/ant/lib/ant-junit.jar:/Applications/NetBeans/NetBeans 7.3.1.app/Contents/Resources/NetBeans/java/ant/lib/ant-junit4.jar" />
    <property name="file.reference.derby.jar" value="../lib/derby.jar" />
    <property name="os.arch" value="x86_64" />
    <property name="javac.deprecation" value="false" />
    <property name="build.classes.excludes" value="**/*.java,**/*.form" />
    <property name="dist.dir" value="dist" />
    <property name="netbeans.user" value="/Users/filipschollin/Library/Application Support/NetBeans/7.3.1" />
    <property name="debug.classpath" value="../account-data-api/dist/account-data-api.jar:../account-data-impl-db/dist/account-data-impl-db.jar:../lib/derby.jar:../lib/eclipselink-2.3.0.jar:../lib/javax.persistence-2.0.jar:../lib/junit-4.10.jar:../lib/org.eclipse.persistence.jpa.jpql_1.0.0.jar:../account-util/dist/account-util.jar:build/classes" />
    <property name="sun.java.launcher" value="SUN_STANDARD" />
    <property name="jar.index.metainf" value="false" />
    <property name="platform.java" value="/Library/Java/JavaVirtualMachines/jdk1.7.0_25.jdk/Contents/Home/jre/bin/java" />
    <property name="annotation.processing.enabled.in.editor" value="false" />
    <property name="ant.core.lib" value="/Applications/NetBeans/NetBeans 7.3.1.app/Contents/Resources/NetBeans/java/ant/lib/ant.jar" />
    <property name="java.vm.specification.vendor" value="Oracle Corporation" />
    <property name="do.depend" value="false" />
    <property name="file.separator" value="/" />
    <property name="java.runtime.version" value="1.7.0_25-b15" />
    <property name="sun.boot.class.path" value="/Library/Java/JavaVirtualMachines/jdk1.7.0_25.jdk/Contents/Home/jre/lib/resources.jar:/Library/Java/JavaVirtualMachines/jdk1.7.0_25.jdk/Contents/Home/jre/lib/rt.jar:/Library/Java/JavaVirtualMachines/jdk1.7.0_25.jdk/Contents/Home/jre/lib/sunrsasign.jar:/Library/Java/JavaVirtualMachines/jdk1.7.0_25.jdk/Contents/Home/jre/lib/jsse.jar:/Library/Java/JavaVirtualMachines/jdk1.7.0_25.jdk/Contents/Home/jre/lib/jce.jar:/Library/Java/JavaVirtualMachines/jdk1.7.0_25.jdk/Contents/Home/jre/lib/charsets.jar:/Library/Java/JavaVirtualMachines/jdk1.7.0_25.jdk/Contents/Home/jre/lib/jfr.jar:/Library/Java/JavaVirtualMachines/jdk1.7.0_25.jdk/Contents/Home/jre/lib/JObjC.jar:/Library/Java/JavaVirtualMachines/jdk1.7.0_25.jdk/Contents/Home/jre/classes" />
    <property name="debug.test.classpath" value="../account-data-api/dist/account-data-api.jar:../account-data-impl-db/dist/account-data-impl-db.jar:../lib/derby.jar:../lib/eclipselink-2.3.0.jar:../lib/javax.persistence-2.0.jar:../lib/junit-4.10.jar:../lib/org.eclipse.persistence.jpa.jpql_1.0.0.jar:../account-util/dist/account-util.jar:build/classes:${libs.junit_4.classpath}:build/test/classes" />
    <property name="nb.junit.batch" value="true" />
    <property name="have.tests" value="true" />
    <property name="test.includes" value="se/liu/ida/tdp024/account/data/test/facade/AccountEntityFacadeTest.java" />
    <property name="project.account-util" value="../account-util" />
    <property name="java.util.logging.config.class" value="org.netbeans.core.startup.TopLogging" />
    <property name="reference.account-data-impl-db.jar" value="../account-data-impl-db/dist/account-data-impl-db.jar" />
    <property name="user.country" value="SE" />
    <property name="javadoc.notree" value="false" />
    <property name="javadoc.additionalparam" value="" />
    <property name="javac.classpath" value="../account-data-api/dist/account-data-api.jar:../account-data-impl-db/dist/account-data-impl-db.jar:../lib/derby.jar:../lib/eclipselink-2.3.0.jar:../lib/javax.persistence-2.0.jar:../lib/junit-4.10.jar:../lib/org.eclipse.persistence.jpa.jpql_1.0.0.jar:../account-util/dist/account-util.jar" />
    <property name="default.javac.target" value="1.4" />
    <property name="build.classes.dir" value="build/classes" />
    <property name="java.vendor" value="Oracle Corporation" />
    <property name="javac.target" value="1.6" />
    <property name="file.reference.eclipselink-2.3.0.jar" value="../lib/eclipselink-2.3.0.jar" />
    <property name="runtime.encoding" value="UTF-8" />
    <property name="java.specification.version" value="1.7" />
    <property name="sun.arch.data.model" value="64" />
    <property name="mkdist.disabled" value="true" />
  </properties>
  <testcase classname="se.liu.ida.tdp024.account.data.test.facade.AccountEntityFacadeTest" name="testCreate" time="9.236" />
  <testcase classname="se.liu.ida.tdp024.account.data.test.facade.AccountEntityFacadeTest" name="findTest" time="0.235" />
  <testcase classname="se.liu.ida.tdp024.account.data.test.facade.AccountEntityFacadeTest" name="findAllTest" time="0.317" />
  <testcase classname="se.liu.ida.tdp024.account.data.test.facade.AccountEntityFacadeTest" name="findAllTestKey" time="0.138" />
  <testcase classname="se.liu.ida.tdp024.account.data.test.facade.AccountEntityFacadeTest" name="updateAmount" time="0.262" />
  <system-out><![CDATA[[EL Info]: 2014-10-13 19:24:11.727--ServerSession(1905091715)--EclipseLink, version: Eclipse Persistence Services - 2.3.0.v20110604-r9504
[EL Info]: 2014-10-13 19:24:15.236--ServerSession(1905091715)--file:/Users/filipschollin/Documents/Linkoping/TDP024/TDP024/account-data-impl-db/dist/account-data-impl-db.jar_account-dataPU login successful
[EL Warning]: 2014-10-13 19:24:15.507--ServerSession(1905091715)--Exception [EclipseLink-4002] (Eclipse Persistence Services - 2.3.0.v20110604-r9504): org.eclipse.persistence.exceptions.DatabaseException
Internal Exception: java.sql.SQLSyntaxErrorException: 'ALTER TABLE' cannot be performed on 'TRANSACTIONDB' because it does not exist.
Error Code: 30000
Call: ALTER TABLE TRANSACTIONDB DROP CONSTRAINT TRNSACTIONDBCCNTID
Query: DataModifyQuery(sql="ALTER TABLE TRANSACTIONDB DROP CONSTRAINT TRNSACTIONDBCCNTID")
[EL Warning]: 2014-10-13 19:24:15.513--ServerSession(1905091715)--Exception [EclipseLink-4002] (Eclipse Persistence Services - 2.3.0.v20110604-r9504): org.eclipse.persistence.exceptions.DatabaseException
Internal Exception: java.sql.SQLSyntaxErrorException: 'DROP TABLE' cannot be performed on 'ACCOUNTDB' because it does not exist.
Error Code: 30000
Call: DROP TABLE ACCOUNTDB
Query: DataModifyQuery(sql="DROP TABLE ACCOUNTDB")
[EL Warning]: 2014-10-13 19:24:15.568--ServerSession(1905091715)--Exception [EclipseLink-4002] (Eclipse Persistence Services - 2.3.0.v20110604-r9504): org.eclipse.persistence.exceptions.DatabaseException
Internal Exception: java.sql.SQLSyntaxErrorException: 'DROP TABLE' cannot be performed on 'TRANSACTIONDB' because it does not exist.
Error Code: 30000
Call: DROP TABLE TRANSACTIONDB
Query: DataModifyQuery(sql="DROP TABLE TRANSACTIONDB")
1
[EL Info]: 2014-10-13 19:24:15.888--ServerSession(1905091715)--file:/Users/filipschollin/Documents/Linkoping/TDP024/TDP024/account-data-impl-db/dist/account-data-impl-db.jar_account-dataPU logout successful
[EL Info]: 2014-10-13 19:24:15.907--ServerSession(585805616)--EclipseLink, version: Eclipse Persistence Services - 2.3.0.v20110604-r9504
[EL Info]: 2014-10-13 19:24:15.914--ServerSession(585805616)--file:/Users/filipschollin/Documents/Linkoping/TDP024/TDP024/account-data-impl-db/dist/account-data-impl-db.jar_account-dataPU login successful
[EL Warning]: 2014-10-13 19:24:16.077--ServerSession(585805616)--Exception [EclipseLink-4002] (Eclipse Persistence Services - 2.3.0.v20110604-r9504): org.eclipse.persistence.exceptions.DatabaseException
Internal Exception: java.sql.SQLException: Table/View 'SEQUENCE' already exists in Schema 'APP'.
Error Code: 30000
Call: CREATE TABLE SEQUENCE (SEQ_NAME VARCHAR(50) NOT NULL, SEQ_COUNT DECIMAL(15), PRIMARY KEY (SEQ_NAME))
Query: DataModifyQuery(sql="CREATE TABLE SEQUENCE (SEQ_NAME VARCHAR(50) NOT NULL, SEQ_COUNT DECIMAL(15), PRIMARY KEY (SEQ_NAME))")
[EL Info]: 2014-10-13 19:24:16.124--ServerSession(585805616)--file:/Users/filipschollin/Documents/Linkoping/TDP024/TDP024/account-data-impl-db/dist/account-data-impl-db.jar_account-dataPU logout successful
[EL Info]: 2014-10-13 19:24:16.14--ServerSession(186837340)--EclipseLink, version: Eclipse Persistence Services - 2.3.0.v20110604-r9504
[EL Info]: 2014-10-13 19:24:16.146--ServerSession(186837340)--file:/Users/filipschollin/Documents/Linkoping/TDP024/TDP024/account-data-impl-db/dist/account-data-impl-db.jar_account-dataPU login successful
[EL Warning]: 2014-10-13 19:24:16.255--ServerSession(186837340)--Exception [EclipseLink-4002] (Eclipse Persistence Services - 2.3.0.v20110604-r9504): org.eclipse.persistence.exceptions.DatabaseException
Internal Exception: java.sql.SQLException: Table/View 'SEQUENCE' already exists in Schema 'APP'.
Error Code: 30000
Call: CREATE TABLE SEQUENCE (SEQ_NAME VARCHAR(50) NOT NULL, SEQ_COUNT DECIMAL(15), PRIMARY KEY (SEQ_NAME))
Query: DataModifyQuery(sql="CREATE TABLE SEQUENCE (SEQ_NAME VARCHAR(50) NOT NULL, SEQ_COUNT DECIMAL(15), PRIMARY KEY (SEQ_NAME))")
[EL Info]: 2014-10-13 19:24:16.442--ServerSession(186837340)--file:/Users/filipschollin/Documents/Linkoping/TDP024/TDP024/account-data-impl-db/dist/account-data-impl-db.jar_account-dataPU logout successful
[EL Info]: 2014-10-13 19:24:16.452--ServerSession(65263936)--EclipseLink, version: Eclipse Persistence Services - 2.3.0.v20110604-r9504
[EL Info]: 2014-10-13 19:24:16.457--ServerSession(65263936)--file:/Users/filipschollin/Documents/Linkoping/TDP024/TDP024/account-data-impl-db/dist/account-data-impl-db.jar_account-dataPU login successful
[EL Warning]: 2014-10-13 19:24:16.545--ServerSession(65263936)--Exception [EclipseLink-4002] (Eclipse Persistence Services - 2.3.0.v20110604-r9504): org.eclipse.persistence.exceptions.DatabaseException
Internal Exception: java.sql.SQLException: Table/View 'SEQUENCE' already exists in Schema 'APP'.
Error Code: 30000
Call: CREATE TABLE SEQUENCE (SEQ_NAME VARCHAR(50) NOT NULL, SEQ_COUNT DECIMAL(15), PRIMARY KEY (SEQ_NAME))
Query: DataModifyQuery(sql="CREATE TABLE SEQUENCE (SEQ_NAME VARCHAR(50) NOT NULL, SEQ_COUNT DECIMAL(15), PRIMARY KEY (SEQ_NAME))")
[EL Info]: 2014-10-13 19:24:16.581--ServerSession(65263936)--file:/Users/filipschollin/Documents/Linkoping/TDP024/TDP024/account-data-impl-db/dist/account-data-impl-db.jar_account-dataPU logout successful
[EL Info]: 2014-10-13 19:24:16.597--ServerSession(1677035203)--EclipseLink, version: Eclipse Persistence Services - 2.3.0.v20110604-r9504
[EL Info]: 2014-10-13 19:24:16.605--ServerSession(1677035203)--file:/Users/filipschollin/Documents/Linkoping/TDP024/TDP024/account-data-impl-db/dist/account-data-impl-db.jar_account-dataPU login successful
[EL Warning]: 2014-10-13 19:24:16.734--ServerSession(1677035203)--Exception [EclipseLink-4002] (Eclipse Persistence Services - 2.3.0.v20110604-r9504): org.eclipse.persistence.exceptions.DatabaseException
Internal Exception: java.sql.SQLException: Table/View 'SEQUENCE' already exists in Schema 'APP'.
Error Code: 30000
Call: CREATE TABLE SEQUENCE (SEQ_NAME VARCHAR(50) NOT NULL, SEQ_COUNT DECIMAL(15), PRIMARY KEY (SEQ_NAME))
Query: DataModifyQuery(sql="CREATE TABLE SEQUENCE (SEQ_NAME VARCHAR(50) NOT NULL, SEQ_COUNT DECIMAL(15), PRIMARY KEY (SEQ_NAME))")
updateAmount, change: 30
30
[EL Info]: 2014-10-13 19:24:16.843--ServerSession(1677035203)--file:/Users/filipschollin/Documents/Linkoping/TDP024/TDP024/account-data-impl-db/dist/account-data-impl-db.jar_account-dataPU logout successful
]]></system-out>
  <system-err><![CDATA[]]></system-err>
</testsuite>
