<?xml version="1.0" encoding="UTF-8" ?>
<testsuite errors="0" failures="0" hostname="c-206-128.eduroam.liu.se" name="tdp024.account.rest.service.AccountServiceTest" tests="1" time="0.714" timestamp="2014-09-25T12:38:46">
  <properties>
    <property name="libs.jsp-compiler.javadoc" value="" />
    <property name="netbeans.autoupdate.country" value="SE" />
    <property name="nb.wait.for.caches" value="true" />
    <property name="javac.test.classpath" value="../lib/derby.jar:../lib/eclipselink-2.3.0.jar:../lib/jackson-annotations-2.2.2.jar:../lib/jackson-core-2.2.2.jar:../lib/jackson-databind-2.2.1.jar:../lib/javax.persistence-2.0.jar:../lib/junit-4.10.jar:../lib/jersey/asm-3.1.jar:../lib/jersey/jackson-core-asl-1.7.1.jar:../lib/jersey/jackson-jaxrs-1.7.1.jar:../lib/jersey/jackson-mapper-asl-1.7.1.jar:../lib/jersey/jackson-xc-1.7.1.jar:../lib/jersey/jersey-apache-client-1.8.jar:../lib/jersey/jersey-atom-abdera-1.8.jar:../lib/jersey/jersey-client-1.8.jar:../lib/jersey/jersey-core-1.8.jar:../lib/jersey/jersey-guice-1.8.jar:../lib/jersey/jersey-json-1.8.jar:../lib/jersey/jersey-multipart-1.8.jar:../lib/jersey/jersey-server-1.8.jar:../lib/jersey/jersey-simple-server-1.8.jar:../lib/jersey/jersey-spring-1.8.jar:../lib/jersey/jettison-1.1.jar:../lib/jersey/jsr311-api-1.1.1.jar:../lib/jersey/oauth-client-1.8.jar:../lib/jersey/oauth-server-1.8.jar:../lib/jersey/oauth-signature-1.8.jar:../account-data-api/dist/account-data-api.jar:../account-data-impl-db/dist/account-data-impl-db.jar:../account-logic-api/dist/account-logic-api.jar:../account-logic-impl/dist/account-logic-impl.jar:../account-util/dist/account-util.jar:../lib/org.eclipse.persistence.jpa.jpql_1.0.0.jar:../lib/jaxb/activation.jar:../lib/jaxb/jaxb-api.jar:../lib/jaxb/jsr173_api.jar:build/web/WEB-INF/classes" />
    <property name="file.reference.oauth-server-1.8.jar" value="../lib/jersey/oauth-server-1.8.jar" />
    <property name="libs.jsf20.maven-pom" value="" />
    <property name="j2ee.copy.static.files.on.save" value="true" />
    <property name="source.root" value="src" />
    <property name="libs.junit.javadoc" value="/Applications/NetBeans/NetBeans 7.3.1.app/Contents/Resources/NetBeans/java/docs/junit-3.8.2-api.zip" />
    <property name="ant.core.lib" value="/Applications/NetBeans/NetBeans 7.3.1.app/Contents/Resources/NetBeans/java/ant/lib/ant.jar" />
    <property name="javadoc.windowtitle" value="" />
    <property name="libs.jsp-compilation.javadoc" value="" />
    <property name="user.dir" value="/Users/filipschollin/Documents/Linkoping/TDP024/TDP024/account-rest" />
    <property name="com.apple.mrj.application.apple.menu.about.name" value="NetBeans" />
    <property name="libs.hibernate-persistence.javadoc" value="" />
    <property name="java.vm.version" value="23.25-b01" />
    <property name="libs.jstl11.maven-pom" value="" />
    <property name="libs.MySQLDriver.classpath" value="/Applications/NetBeans/NetBeans 7.3.1.app/Contents/Resources/NetBeans/ide/modules/ext/mysql-connector-java-5.1.23-bin.jar" />
    <property name="libs.eclipselinkmodelgen.src" value="" />
    <property name="libs.jstl11.src" value="" />
    <property name="javadoc.notree" value="false" />
    <property name="lib.dir" value="web/WEB-INF/lib" />
    <property name="netbeans.autoupdate.version" value="1.23" />
    <property name="libs.EclipseLink-GlassFish-v3.classpath" value="/Users/filipschollin/GlassFish_Server3/glassfish/modules/org.eclipse.persistence.antlr.jar:/Users/filipschollin/GlassFish_Server3/glassfish/modules/org.eclipse.persistence.asm.jar:/Users/filipschollin/GlassFish_Server3/glassfish/modules/org.eclipse.persistence.core.jar:/Users/filipschollin/GlassFish_Server3/glassfish/modules/org.eclipse.persistence.jpa.jar:/Users/filipschollin/GlassFish_Server3/glassfish/modules/org.eclipse.persistence.jpa.modelgen.jar:/Users/filipschollin/GlassFish_Server3/glassfish/modules/org.eclipse.persistence.moxy.jar:/Users/filipschollin/GlassFish_Server3/glassfish/modules/org.eclipse.persistence.oracle.jar:/Users/filipschollin/GlassFish_Server3/glassfish/modules/javax.persistence.jar" />
    <property name="libs.javaee-web-api-6.0.classpath" value="/Applications/NetBeans/NetBeans 7.3.1.app/Contents/Resources/NetBeans/enterprise/modules/ext/javaee-web-api-6.0.jar" />
    <property name="libs.hibernate-support.maven-pom" value="" />
    <property name="libs.hibernate-support.javadoc" value="" />
    <property name="libs.Java-EE-GlassFish-v3-Prelude.javadoc" value="" />
    <property name="jdk.home" value="/Library/Java/JavaVirtualMachines/jdk1.7.0_25.jdk/Contents/Home" />
    <property name="file.reference.jersey-atom-abdera-1.8.jar" value="../lib/jersey/jersey-atom-abdera-1.8.jar" />
    <property name="libs.javac-api.src" value="" />
    <property name="javadoc.noindex" value="false" />
    <property name="sun.os.patch.level" value="unknown" />
    <property name="ant.file.type.account-rest" value="file" />
    <property name="libs.Java-EE-GlassFish-v3-Prelude.src" value="" />
    <property name="do.tmp.war.package" value="true" />
    <property name="java.vm.specification.name" value="Java Virtual Machine Specification" />
    <property name="reference.account-data-api.jar" value="../account-data-api/dist/account-data-api.jar" />
    <property name="nb.show.statistics.ui" value="usageStatisticsEnabled" />
    <property name="netbeans.autoupdate.variant" value="" />
    <property name="have.tests" value="true" />
    <property name="org.xml.sax.driver" value="com.sun.org.apache.xerces.internal.jaxp.SAXParserImpl$JAXPSAXParser" />
    <property name="j2ee.server.instance" value="[/Users/filipschollin/GlassFish_Server3/glassfish:/Users/filipschollin/GlassFish_Server3/glassfish/domains/domain1]deployer:gfv3ee6wc:localhost:4848" />
    <property name="libs.javac-api.javadoc" value="" />
    <property name="os.name" value="Mac OS X" />
    <property name="ap.proc.none.internal" value="" />
    <property name="libs.restapi.javadoc" value="/Applications/NetBeans/NetBeans 7.3.1.app/Contents/Resources/NetBeans/enterprise/docs/jsr311-api-1.1.1-javadoc.zip" />
    <property name="libs.JWSAntTasks.maven-pom" value="" />
    <property name="libs.testng.src" value="" />
    <property name="libs.spring-webmvc3.0.src" value="" />
    <property name="libs.restapi.classpath" value="/Applications/NetBeans/NetBeans 7.3.1.app/Contents/Resources/NetBeans/enterprise/modules/ext/rest/jsr311-api-1.1.1.jar" />
    <property name="runmain.jvmargs" value="" />
    <property name="java.vendor.url.bug" value="http://bugreport.sun.com/bugreport/" />
    <property name="libs.jaxb.maven-pom" value="" />
    <property name="os.arch" value="x86_64" />
    <property name="libs.eclipselink.src" value="" />
    <property name="user.name" value="filipschollin" />
    <property name="j2ee.compile.on.save" value="true" />
    <property name="libs.jsf12.javadoc" value="" />
    <property name="libs.Comet-GlassFish-v3.javadoc" value="" />
    <property name="libs.spring-webmvc3.0.maven-pom" value="" />
    <property name="sun.java.command" value="org.apache.tools.ant.taskdefs.optional.junit.JUnitTestRunner tdp024.account.rest.service.AccountServiceTest filtertrace=true haltOnError=false haltOnFailure=false showoutput=true outputtoformatters=true logfailedtests=true logtestlistenerevents=true formatter=org.apache.tools.ant.taskdefs.optional.junit.BriefJUnitResultFormatter formatter=org.apache.tools.ant.taskdefs.optional.junit.XMLJUnitResultFormatter,/Users/filipschollin/Documents/Linkoping/TDP024/TDP024/account-rest/build/test/results/TEST-tdp024.account.rest.service.AccountServiceTest.xml crashfile=/Users/filipschollin/Documents/Linkoping/TDP024/TDP024/account-rest/build/junitvmwatcher2473277561105304105.properties propsfile=/Users/filipschollin/Documents/Linkoping/TDP024/TDP024/account-rest/build/junit7811096019034666276.properties" />
    <property name="build.classes.dir" value="build/web/WEB-INF/classes" />
    <property name="netbeans.accept_license_class" value="org.netbeans.license.AcceptLicense" />
    <property name="ap.supported.internal" value="true" />
    <property name="libs.jaxws21.javadoc" value="/Applications/NetBeans/NetBeans 7.3.1.app/Contents/Resources/NetBeans/java/docs/jaxws-api-doc.zip" />
    <property name="build.web.excludes" value="**/*.java,**/*.form" />
    <property name="includes" value="**" />
    <property name="reference.account-logic-api.jar" value="../account-logic-api/dist/account-logic-api.jar" />
    <property name="j2ee.platform.wsimport.classpath" value="/Users/filipschollin/GlassFish_Server3/glassfish/modules/webservices-osgi.jar:/Users/filipschollin/GlassFish_Server3/glassfish/modules/endorsed/webservices-api-osgi.jar:/Users/filipschollin/GlassFish_Server3/glassfish/modules/jaxb-osgi.jar:/Users/filipschollin/GlassFish_Server3/glassfish/modules/endorsed/jaxb-api-osgi.jar:/Users/filipschollin/GlassFish_Server3/glassfish/modules/javax.ejb.jar" />
    <property name="user.country" value="SE" />
    <property name="libs.jstl11.javadoc" value="" />
    <property name="javadoc.encoding" value="UTF-8" />
    <property name="javac.classpath" value="../lib/derby.jar:../lib/eclipselink-2.3.0.jar:../lib/jackson-annotations-2.2.2.jar:../lib/jackson-core-2.2.2.jar:../lib/jackson-databind-2.2.1.jar:../lib/javax.persistence-2.0.jar:../lib/junit-4.10.jar:../lib/jersey/asm-3.1.jar:../lib/jersey/jackson-core-asl-1.7.1.jar:../lib/jersey/jackson-jaxrs-1.7.1.jar:../lib/jersey/jackson-mapper-asl-1.7.1.jar:../lib/jersey/jackson-xc-1.7.1.jar:../lib/jersey/jersey-apache-client-1.8.jar:../lib/jersey/jersey-atom-abdera-1.8.jar:../lib/jersey/jersey-client-1.8.jar:../lib/jersey/jersey-core-1.8.jar:../lib/jersey/jersey-guice-1.8.jar:../lib/jersey/jersey-json-1.8.jar:../lib/jersey/jersey-multipart-1.8.jar:../lib/jersey/jersey-server-1.8.jar:../lib/jersey/jersey-simple-server-1.8.jar:../lib/jersey/jersey-spring-1.8.jar:../lib/jersey/jettison-1.1.jar:../lib/jersey/jsr311-api-1.1.1.jar:../lib/jersey/oauth-client-1.8.jar:../lib/jersey/oauth-server-1.8.jar:../lib/jersey/oauth-signature-1.8.jar:../account-data-api/dist/account-data-api.jar:../account-data-impl-db/dist/account-data-impl-db.jar:../account-logic-api/dist/account-logic-api.jar:../account-logic-impl/dist/account-logic-impl.jar:../account-util/dist/account-util.jar:../lib/org.eclipse.persistence.jpa.jpql_1.0.0.jar:../lib/jaxb/activation.jar:../lib/jaxb/jaxb-api.jar:../lib/jaxb/jsr173_api.jar" />
    <property name="libs.jsp-compilation-syscp.src" value="" />
    <property name="libs.JAVADB_DRIVER_LABEL.src" value="" />
    <property name="do.debug.server" value="true" />
    <property name="file.reference.jaxb-api.jar" value="../lib/jaxb/jaxb-api.jar" />
    <property name="debug-transport" value="dt_socket" />
    <property name="netbeans.system_http_non_proxy_hosts" value="" />
    <property name="netbeans.home" value="/Applications/NetBeans/NetBeans 7.3.1.app/Contents/Resources/NetBeans/platform" />
    <property name="build.compiler.emacs" value="true" />
    <property name="libs.javaee-web-api-6.0.src" value="" />
    <property name="libs.ejb3-persistence.src" value="" />
    <property name="libs.jsp-compilation-syscp.classpath" value="/Applications/NetBeans/NetBeans 7.3.1.app/Contents/Resources/NetBeans/java/ant/lib/ant.jar:/Applications/NetBeans/NetBeans 7.3.1.app/Contents/Resources/NetBeans/enterprise/modules/ext/servlet3.1-jsp2.3-api.jar:/Applications/NetBeans/NetBeans 7.3.1.app/Contents/Resources/NetBeans/enterprise/modules/ext/glassfish-jspparser-4.0.jar:/Applications/NetBeans/NetBeans 7.3.1.app/Contents/Resources/NetBeans/enterprise/modules/ext/standard.jar:/Applications/NetBeans/NetBeans 7.3.1.app/Contents/Resources/NetBeans/enterprise/modules/ext/jsf-2_2/javax.faces.jar" />
    <property name="file.reference.jersey-simple-server-1.8.jar" value="../lib/jersey/jersey-simple-server-1.8.jar" />
    <property name="java.endorsed.dirs" value="/Library/Java/JavaVirtualMachines/jdk1.7.0_25.jdk/Contents/Home/jre/lib/endorsed" />
    <property name="libs.Comet-GlassFish-v3.maven-pom" value="" />
    <property name="netbeans.dynamic.classpath" value="/Applications/NetBeans/NetBeans 7.3.1.app/Contents/Resources/NetBeans/platform/core/core.jar:/Applications/NetBeans/NetBeans 7.3.1.app/Contents/Resources/NetBeans/platform/core/org-openide-filesystems.jar:/Applications/NetBeans/NetBeans 7.3.1.app/Contents/Resources/NetBeans/platform/core/locale/core_ja.jar:/Applications/NetBeans/NetBeans 7.3.1.app/Contents/Resources/NetBeans/platform/core/locale/core_pt_BR.jar:/Applications/NetBeans/NetBeans 7.3.1.app/Contents/Resources/NetBeans/platform/core/locale/core_ru.jar:/Applications/NetBeans/NetBeans 7.3.1.app/Contents/Resources/NetBeans/platform/core/locale/core_zh_CN.jar:/Applications/NetBeans/NetBeans 7.3.1.app/Contents/Resources/NetBeans/platform/core/locale/org-openide-filesystems_ja.jar:/Applications/NetBeans/NetBeans 7.3.1.app/Contents/Resources/NetBeans/platform/core/locale/org-openide-filesystems_pt_BR.jar:/Applications/NetBeans/NetBeans 7.3.1.app/Contents/Resources/NetBeans/platform/core/locale/org-openide-filesystems_ru.jar:/Applications/NetBeans/NetBeans 7.3.1.app/Contents/Resources/NetBeans/platform/core/locale/org-openide-filesystems_zh_CN.jar:/Applications/NetBeans/NetBeans 7.3.1.app/Contents/Resources/NetBeans/nb/core/org-netbeans-upgrader.jar:/Applications/NetBeans/NetBeans 7.3.1.app/Contents/Resources/NetBeans/nb/core/locale/core_nb.jar:/Applications/NetBeans/NetBeans 7.3.1.app/Contents/Resources/NetBeans/nb/core/locale/org-netbeans-upgrader_ja.jar:/Applications/NetBeans/NetBeans 7.3.1.app/Contents/Resources/NetBeans/nb/core/locale/org-netbeans-upgrader_pt_BR.jar:/Applications/NetBeans/NetBeans 7.3.1.app/Contents/Resources/NetBeans/nb/core/locale/org-netbeans-upgrader_ru.jar:/Applications/NetBeans/NetBeans 7.3.1.app/Contents/Resources/NetBeans/nb/core/locale/org-netbeans-upgrader_zh_CN.jar" />
    <property name="java.vm.specification.version" value="1.7" />
    <property name="libs.primefaces.classpath" value="/Applications/NetBeans/NetBeans 7.3.1.app/Contents/Resources/NetBeans/enterprise/modules/ext/primefaces/primefaces-3.5.jar" />
    <property name="libs.javaee-api-6.0.classpath" value="/Applications/NetBeans/NetBeans 7.3.1.app/Contents/Resources/NetBeans/enterprise/modules/ext/javaee-api-6.0.jar" />
    <property name="ftp.nonProxyHosts" value="local|*.local|169.254/16|*.169.254/16" />
    <property name="netbeans.productversion" value="NetBeans IDE 7.3.1 (Build 201306052037)" />
    <property name="libs.hibernate-persistence.classpath" value="/Applications/NetBeans/NetBeans 7.3.1.app/Contents/Resources/NetBeans/java/modules/ext/hibernate/antlr-2.7.6.jar:/Applications/NetBeans/NetBeans 7.3.1.app/Contents/Resources/NetBeans/java/modules/ext/hibernate/asm.jar:/Applications/NetBeans/NetBeans 7.3.1.app/Contents/Resources/NetBeans/java/modules/ext/hibernate/asm-attrs.jar:/Applications/NetBeans/NetBeans 7.3.1.app/Contents/Resources/NetBeans/java/modules/ext/hibernate/cglib-2.1.3.jar:/Applications/NetBeans/NetBeans 7.3.1.app/Contents/Resources/NetBeans/java/modules/ext/hibernate/commons-collections-2.1.1.jar:/Applications/NetBeans/NetBeans 7.3.1.app/Contents/Resources/NetBeans/ide/modules/org-apache-commons-logging.jar:/Applications/NetBeans/NetBeans 7.3.1.app/Contents/Resources/NetBeans/java/modules/ext/hibernate/dom4j-1.6.1.jar:/Applications/NetBeans/NetBeans 7.3.1.app/Contents/Resources/NetBeans/java/modules/ext/hibernate/ehcache-1.2.3.jar:/Applications/NetBeans/NetBeans 7.3.1.app/Contents/Resources/NetBeans/java/modules/ext/hibernate/jdbc2_0-stdext.jar:/Applications/NetBeans/NetBeans 7.3.1.app/Contents/Resources/NetBeans/java/modules/ext/hibernate/jta.jar:/Applications/NetBeans/NetBeans 7.3.1.app/Contents/Resources/NetBeans/java/modules/ext/hibernate/hibernate3.jar:/Applications/NetBeans/NetBeans 7.3.1.app/Contents/Resources/NetBeans/java/modules/ext/hibernate/hibernate-tools.jar:/Applications/NetBeans/NetBeans 7.3.1.app/Contents/Resources/NetBeans/java/modules/ext/hibernate/hibernate-annotations.jar:/Applications/NetBeans/NetBeans 7.3.1.app/Contents/Resources/NetBeans/java/modules/ext/hibernate/hibernate-commons-annotations.jar:/Applications/NetBeans/NetBeans 7.3.1.app/Contents/Resources/NetBeans/java/modules/ext/hibernate/hibernate-entitymanager.jar:/Applications/NetBeans/NetBeans 7.3.1.app/Contents/Resources/NetBeans/java/modules/ext/hibernate/javassist.jar:/Applications/NetBeans/NetBeans 7.3.1.app/Contents/Resources/NetBeans/java/modules/ext/hibernate/ejb3-persistence.jar" />
    <property name="libs.jaxws21.src" value="" />
    <property name="do.war.package.with.custom.manifest" value="true" />
    <property name="netbeans.autoupdate.language" value="sv" />
    <property name="java.vendor" value="Oracle Corporation" />
    <property name="libs.javaee-api-6.0.javadoc" value="" />
    <property name="sun.font.fontmanager" value="sun.font.CFontManager" />
    <property name="file.reference.jsr173_api.jar" value="../lib/jaxb/jsr173_api.jar" />
    <property name="javac.debug" value="true" />
    <property name="javadoc.splitindex" value="true" />
    <property name="file.reference.jersey-core-1.8.jar" value="../lib/jersey/jersey-core-1.8.jar" />
    <property name="file.separator" value="/" />
    <property name="libs.Java-EE-GlassFish-v3-Prelude.maven-pom" value="" />
    <property name="libs.junit_4.maven-pom" value="" />
    <property name="resource.dir" value="setup" />
    <property name="javac.test.processorpath" value="../lib/derby.jar:../lib/eclipselink-2.3.0.jar:../lib/jackson-annotations-2.2.2.jar:../lib/jackson-core-2.2.2.jar:../lib/jackson-databind-2.2.1.jar:../lib/javax.persistence-2.0.jar:../lib/junit-4.10.jar:../lib/jersey/asm-3.1.jar:../lib/jersey/jackson-core-asl-1.7.1.jar:../lib/jersey/jackson-jaxrs-1.7.1.jar:../lib/jersey/jackson-mapper-asl-1.7.1.jar:../lib/jersey/jackson-xc-1.7.1.jar:../lib/jersey/jersey-apache-client-1.8.jar:../lib/jersey/jersey-atom-abdera-1.8.jar:../lib/jersey/jersey-client-1.8.jar:../lib/jersey/jersey-core-1.8.jar:../lib/jersey/jersey-guice-1.8.jar:../lib/jersey/jersey-json-1.8.jar:../lib/jersey/jersey-multipart-1.8.jar:../lib/jersey/jersey-server-1.8.jar:../lib/jersey/jersey-simple-server-1.8.jar:../lib/jersey/jersey-spring-1.8.jar:../lib/jersey/jettison-1.1.jar:../lib/jersey/jsr311-api-1.1.1.jar:../lib/jersey/oauth-client-1.8.jar:../lib/jersey/oauth-server-1.8.jar:../lib/jersey/oauth-signature-1.8.jar:../account-data-api/dist/account-data-api.jar:../account-data-impl-db/dist/account-data-impl-db.jar:../account-logic-api/dist/account-logic-api.jar:../account-logic-impl/dist/account-logic-impl.jar:../account-util/dist/account-util.jar:../lib/org.eclipse.persistence.jpa.jpql_1.0.0.jar:../lib/jaxb/activation.jar:../lib/jaxb/jaxb-api.jar:../lib/jaxb/jsr173_api.jar:build/web/WEB-INF/classes" />
    <property name="netbeans.buildnumber" value="201306052037" />
    <property name="libs.JWSAntTasks.javadoc" value="" />
    <property name="build.generated.sources.dir" value="build/generated-sources" />
    <property name="libs.eclipselinkmodelgen.classpath" value="/Applications/NetBeans/NetBeans 7.3.1.app/Contents/Resources/NetBeans/java/modules/ext/eclipselink/org.eclipse.persistence.jpa.modelgen_2.5.0.v20130507-3faac2b.jar" />
    <property name="sun.java.launcher" value="SUN_STANDARD" />
    <property name="libs.junit.classpath" value="/Applications/NetBeans/NetBeans 7.3.1.app/Contents/Resources/NetBeans/java/modules/ext/junit-3.8.2.jar" />
    <property name="libs.jaxb.javadoc" value="/Applications/NetBeans/NetBeans 7.3.1.app/Contents/Resources/NetBeans/ide/docs/jaxb-api-doc.zip" />
    <property name="libs.struts.classpath" value="/Applications/NetBeans/NetBeans 7.3.1.app/Contents/Resources/NetBeans/enterprise/modules/ext/struts/antlr-2.7.2.jar:/Applications/NetBeans/NetBeans 7.3.1.app/Contents/Resources/NetBeans/enterprise/modules/ext/struts/bsf-2.3.0.jar:/Applications/NetBeans/NetBeans 7.3.1.app/Contents/Resources/NetBeans/enterprise/modules/ext/struts/commons-beanutils-1.8.0.jar:/Applications/NetBeans/NetBeans 7.3.1.app/Contents/Resources/NetBeans/enterprise/modules/ext/struts/commons-chain-1.2.jar:/Applications/NetBeans/NetBeans 7.3.1.app/Contents/Resources/NetBeans/enterprise/modules/ext/struts/commons-digester-1.8.jar:/Applications/NetBeans/NetBeans 7.3.1.app/Contents/Resources/NetBeans/enterprise/modules/ext/struts/commons-fileupload-1.1.1.jar:/Applications/NetBeans/NetBeans 7.3.1.app/Contents/Resources/NetBeans/enterprise/modules/ext/struts/commons-io-1.1.jar:/Applications/NetBeans/NetBeans 7.3.1.app/Contents/Resources/NetBeans/enterprise/modules/ext/struts/commons-logging-1.0.4.jar:/Applications/NetBeans/NetBeans 7.3.1.app/Contents/Resources/NetBeans/enterprise/modules/ext/struts/commons-validator-1.3.1.jar:/Applications/NetBeans/NetBeans 7.3.1.app/Contents/Resources/NetBeans/enterprise/modules/ext/struts/jstl-1.0.2.jar:/Applications/NetBeans/NetBeans 7.3.1.app/Contents/Resources/NetBeans/enterprise/modules/ext/struts/oro-2.0.8.jar:/Applications/NetBeans/NetBeans 7.3.1.app/Contents/Resources/NetBeans/enterprise/modules/ext/struts/standard-1.0.6.jar:/Applications/NetBeans/NetBeans 7.3.1.app/Contents/Resources/NetBeans/enterprise/modules/ext/struts/struts-core-1.3.10.jar:/Applications/NetBeans/NetBeans 7.3.1.app/Contents/Resources/NetBeans/enterprise/modules/ext/struts/struts-el-1.3.10.jar:/Applications/NetBeans/NetBeans 7.3.1.app/Contents/Resources/NetBeans/enterprise/modules/ext/struts/struts-extras-1.3.10.jar:/Applications/NetBeans/NetBeans 7.3.1.app/Contents/Resources/NetBeans/enterprise/modules/ext/struts/struts-faces-1.3.10.jar:/Applications/NetBeans/NetBeans 7.3.1.app/Contents/Resources/NetBeans/enterprise/modules/ext/struts/struts-mailreader-dao-1.3.10.jar:/Applications/NetBeans/NetBeans 7.3.1.app/Contents/Resources/NetBeans/enterprise/modules/ext/struts/struts-scripting-1.3.10.jar:/Applications/NetBeans/NetBeans 7.3.1.app/Contents/Resources/NetBeans/enterprise/modules/ext/struts/struts-taglib-1.3.10.jar:/Applications/NetBeans/NetBeans 7.3.1.app/Contents/Resources/NetBeans/enterprise/modules/ext/struts/struts-tiles-1.3.10.jar" />
    <property name="application.args.param" value="" />
    <property name="ant.home" value="/Applications/NetBeans/NetBeans 7.3.1.app/Contents/Resources/NetBeans/java/ant" />
    <property name="libs.junit_4.src" value="/Applications/NetBeans/NetBeans 7.3.1.app/Contents/Resources/NetBeans/java/docs/junit-4.10-sources.jar" />
    <property name="libs.testng.classpath" value="/Applications/NetBeans/NetBeans 7.3.1.app/Contents/Resources/NetBeans/platform/modules/ext/testng-6.5.1-dist.jar" />
    <property name="conf.dir" value="src/conf" />
    <property name="webinf.dir" value="web/WEB-INF" />
    <property name="ant.java.version" value="1.7" />
    <property name="java.library.path" value="/Users/filipschollin/Library/Java/Extensions:/Library/Java/Extensions:/Network/Library/Java/Extensions:/System/Library/Java/Extensions:/usr/lib/java:." />
    <property name="javadoc.author" value="false" />
    <property name="libs.EclipseLink-GlassFish-v3.src" value="" />
    <property name="java.util.logging.config.class" value="org.netbeans.core.startup.TopLogging" />
    <property name="libs.PostgreSQLDriver.src" value="" />
    <property name="file.reference.junit-4.10.jar" value="../lib/junit-4.10.jar" />
    <property name="sun.arch.data.model" value="64" />
    <property name="basedir" value="/Users/filipschollin/Documents/Linkoping/TDP024/TDP024/account-rest" />
    <property name="libs.jpa20-persistence.maven-pom" value="" />
    <property name="jar.compress" value="false" />
    <property name="project.account-logic-api" value="../account-logic-api" />
    <property name="libs.jstl11.classpath" value="/Applications/NetBeans/NetBeans 7.3.1.app/Contents/Resources/NetBeans/enterprise/modules/ext/standard.jar:/Applications/NetBeans/NetBeans 7.3.1.app/Contents/Resources/NetBeans/enterprise/modules/ext/jstl.jar" />
    <property name="path.separator" value=":" />
    <property name="dist.war" value="dist/account-rest.war" />
    <property name="libs.javaee-web-api-6.0.javadoc" value="" />
    <property name="ant.junit.enabletestlistenerevents" value="true" />
    <property name="sun.io.unicode.encoding" value="UnicodeBig" />
    <property name="libs.jaxws21.classpath" value="/Applications/NetBeans/NetBeans 7.3.1.app/Contents/Resources/NetBeans/ide/modules/ext/jaxb/jaxb-impl.jar:/Applications/NetBeans/NetBeans 7.3.1.app/Contents/Resources/NetBeans/ide/modules/ext/jaxb/jaxb-xjc.jar:/Applications/NetBeans/NetBeans 7.3.1.app/Contents/Resources/NetBeans/java/modules/ext/jaxws22/FastInfoset.jar:/Applications/NetBeans/NetBeans 7.3.1.app/Contents/Resources/NetBeans/java/modules/ext/jaxws22/gmbal-api-only.jar:/Applications/NetBeans/NetBeans 7.3.1.app/Contents/Resources/NetBeans/java/modules/ext/jaxws22/ha-api.jar:/Applications/NetBeans/NetBeans 7.3.1.app/Contents/Resources/NetBeans/java/modules/ext/jaxws22/javax.mail_1.4.jar:/Applications/NetBeans/NetBeans 7.3.1.app/Contents/Resources/NetBeans/java/modules/ext/jaxws22/jaxws-rt.jar:/Applications/NetBeans/NetBeans 7.3.1.app/Contents/Resources/NetBeans/java/modules/ext/jaxws22/jaxws-tools.jar:/Applications/NetBeans/NetBeans 7.3.1.app/Contents/Resources/NetBeans/java/modules/ext/jaxws22/management-api.jar:/Applications/NetBeans/NetBeans 7.3.1.app/Contents/Resources/NetBeans/java/modules/ext/jaxws22/mimepull.jar:/Applications/NetBeans/NetBeans 7.3.1.app/Contents/Resources/NetBeans/java/modules/ext/jaxws22/policy.jar:/Applications/NetBeans/NetBeans 7.3.1.app/Contents/Resources/NetBeans/java/modules/ext/jaxws22/saaj-impl.jar:/Applications/NetBeans/NetBeans 7.3.1.app/Contents/Resources/NetBeans/java/modules/ext/jaxws22/stax-ex.jar:/Applications/NetBeans/NetBeans 7.3.1.app/Contents/Resources/NetBeans/java/modules/ext/jaxws22/stax2-api.jar:/Applications/NetBeans/NetBeans 7.3.1.app/Contents/Resources/NetBeans/java/modules/ext/jaxws22/streambuffer.jar:/Applications/NetBeans/NetBeans 7.3.1.app/Contents/Resources/NetBeans/java/modules/ext/jaxws22/woodstox-core-asl.jar:/Applications/NetBeans/NetBeans 7.3.1.app/Contents/Resources/NetBeans/java/modules/ext/jaxws22/api/jaxws-api.jar:/Applications/NetBeans/NetBeans 7.3.1.app/Contents/Resources/NetBeans/java/modules/ext/jaxws22/api/jsr181-api.jar:/Applications/NetBeans/NetBeans 7.3.1.app/Contents/Resources/NetBeans/java/modules/ext/jaxws22/api/javax.annotation.jar:/Applications/NetBeans/NetBeans 7.3.1.app/Contents/Resources/NetBeans/java/modules/ext/jaxws22/api/saaj-api.jar:/Applications/NetBeans/NetBeans 7.3.1.app/Contents/Resources/NetBeans/ide/modules/ext/jaxb/activation.jar:/Applications/NetBeans/NetBeans 7.3.1.app/Contents/Resources/NetBeans/ide/modules/ext/jaxb/api/jaxb-api.jar:/Applications/NetBeans/NetBeans 7.3.1.app/Contents/Resources/NetBeans/ide/modules/ext/jaxb/api/jsr173_1.0_api.jar" />
    <property name="libs.struts.src" value="" />
    <property name="apple.awt.graphics.UseQuartz" value="true" />
    <property name="user.language" value="sv" />
    <property name="j2ee.platform.classpath" value="/Users/filipschollin/GlassFish_Server3/mq/lib/jaxm-api.jar:/Users/filipschollin/GlassFish_Server3/glassfish/modules/endorsed/javax.annotation.jar:/Users/filipschollin/GlassFish_Server3/glassfish/modules/endorsed/jaxb-api-osgi.jar:/Users/filipschollin/GlassFish_Server3/glassfish/modules/endorsed/webservices-api-osgi.jar:/Users/filipschollin/GlassFish_Server3/glassfish/modules/bean-validator.jar:/Users/filipschollin/GlassFish_Server3/glassfish/modules/javax.ejb.jar:/Users/filipschollin/GlassFish_Server3/glassfish/modules/javax.el-api.jar:/Users/filipschollin/GlassFish_Server3/glassfish/modules/javax.el.jar:/Users/filipschollin/GlassFish_Server3/glassfish/modules/javax.enterprise.deploy.jar:/Users/filipschollin/GlassFish_Server3/glassfish/modules/javax.faces.jar:/Users/filipschollin/GlassFish_Server3/glassfish/modules/javax.jms.jar:/Users/filipschollin/GlassFish_Server3/glassfish/modules/javax.mail.jar:/Users/filipschollin/GlassFish_Server3/glassfish/modules/javax.management.j2ee.jar:/Users/filipschollin/GlassFish_Server3/glassfish/modules/javax.persistence.jar:/Users/filipschollin/GlassFish_Server3/glassfish/modules/javax.resource.jar:/Users/filipschollin/GlassFish_Server3/glassfish/modules/javax.security.auth.message.jar:/Users/filipschollin/GlassFish_Server3/glassfish/modules/javax.security.jacc.jar:/Users/filipschollin/GlassFish_Server3/glassfish/modules/javax.servlet-api.jar:/Users/filipschollin/GlassFish_Server3/glassfish/modules/javax.servlet.jsp-api.jar:/Users/filipschollin/GlassFish_Server3/glassfish/modules/javax.servlet.jsp.jar:/Users/filipschollin/GlassFish_Server3/glassfish/modules/javax.servlet.jsp.jstl-api.jar:/Users/filipschollin/GlassFish_Server3/glassfish/modules/javax.servlet.jsp.jstl.jar:/Users/filipschollin/GlassFish_Server3/glassfish/modules/javax.transaction.jar:/Users/filipschollin/GlassFish_Server3/glassfish/modules/jaxb-osgi.jar:/Users/filipschollin/GlassFish_Server3/glassfish/modules/jersey-core.jar:/Users/filipschollin/GlassFish_Server3/glassfish/modules/webservices-osgi.jar:/Users/filipschollin/GlassFish_Server3/glassfish/modules/weld-osgi-bundle.jar" />
    <property name="testng.mode" value="testng" />
    <property name="libs.JAXB-ENDORSED.maven-pom" value="" />
    <property name="libs.spring-framework.classpath" value="/Applications/NetBeans/NetBeans 7.3.1.app/Contents/Resources/NetBeans/ide/modules/org-apache-commons-logging.jar:/Applications/NetBeans/NetBeans 7.3.1.app/Contents/Resources/NetBeans/java/modules/ext/cglib-2.2.jar:/Applications/NetBeans/NetBeans 7.3.1.app/Contents/Resources/NetBeans/java/modules/ext/spring/spring-2.5.6.SEC03.jar" />
    <property name="libs.eclipselink.maven-pom" value="" />
    <property name="build.meta.inf.dir" value="build/web/META-INF" />
    <property name="persistence.xml.dir" value="src/conf" />
    <property name="test.binaryincludes" value="&lt;nothing&gt;" />
    <property name="libs.primefaces.javadoc" value="" />
    <property name="libs.spring-framework300.maven-pom" value="" />
    <property name="run.test.classpath" value="../lib/derby.jar:../lib/eclipselink-2.3.0.jar:../lib/jackson-annotations-2.2.2.jar:../lib/jackson-core-2.2.2.jar:../lib/jackson-databind-2.2.1.jar:../lib/javax.persistence-2.0.jar:../lib/junit-4.10.jar:../lib/jersey/asm-3.1.jar:../lib/jersey/jackson-core-asl-1.7.1.jar:../lib/jersey/jackson-jaxrs-1.7.1.jar:../lib/jersey/jackson-mapper-asl-1.7.1.jar:../lib/jersey/jackson-xc-1.7.1.jar:../lib/jersey/jersey-apache-client-1.8.jar:../lib/jersey/jersey-atom-abdera-1.8.jar:../lib/jersey/jersey-client-1.8.jar:../lib/jersey/jersey-core-1.8.jar:../lib/jersey/jersey-guice-1.8.jar:../lib/jersey/jersey-json-1.8.jar:../lib/jersey/jersey-multipart-1.8.jar:../lib/jersey/jersey-server-1.8.jar:../lib/jersey/jersey-simple-server-1.8.jar:../lib/jersey/jersey-spring-1.8.jar:../lib/jersey/jettison-1.1.jar:../lib/jersey/jsr311-api-1.1.1.jar:../lib/jersey/oauth-client-1.8.jar:../lib/jersey/oauth-server-1.8.jar:../lib/jersey/oauth-signature-1.8.jar:../account-data-api/dist/account-data-api.jar:../account-data-impl-db/dist/account-data-impl-db.jar:../account-logic-api/dist/account-logic-api.jar:../account-logic-impl/dist/account-logic-impl.jar:../account-util/dist/account-util.jar:../lib/org.eclipse.persistence.jpa.jpql_1.0.0.jar:../lib/jaxb/activation.jar:../lib/jaxb/jaxb-api.jar:../lib/jaxb/jsr173_api.jar:build/web/WEB-INF/classes:build/test/classes" />
    <property name="ant.project.invoked-targets" value="test" />
    <property name="test.binaryexcludes" value="" />
    <property name="sun.java2d.dpiaware" value="true" />
    <property name="libs.ejb3-persistence.maven-pom" value="" />
    <property name="jspc.schemas" value="/resources/schemas/" />
    <property name="gopherProxySet" value="false" />
    <property name="libs.PostgreSQLDriver.maven-pom" value="" />
    <property name="java.class.version" value="51.0" />
    <property name="libs.JAVADB_DRIVER_LABEL.classpath" value="/Library/Java/JavaVirtualMachines/jdk1.7.0_25.jdk/Contents/Home/db/lib/derby.jar:/Library/Java/JavaVirtualMachines/jdk1.7.0_25.jdk/Contents/Home/db/lib/derbyclient.jar:/Library/Java/JavaVirtualMachines/jdk1.7.0_25.jdk/Contents/Home/db/lib/derbynet.jar" />
    <property name="libs.javaee-endorsed-api-6.0.src" value="" />
    <property name="netbeans.system_http_proxy" value="DIRECT" />
    <property name="libs.eclipselink.javadoc" value="" />
    <property name="libs.jsp-compilation.maven-pom" value="" />
    <property name="user.properties.file" value="/Users/filipschollin/Library/Application Support/NetBeans/7.3.1/build.properties" />
    <property name="build.web.dir" value="build/web" />
    <property name="libs.spring-framework.src" value="" />
    <property name="libs.javac-api.maven-pom" value="" />
    <property name="libs.javaee-api-5.0.maven-pom" value="" />
    <property name="file.encoding.pkg" value="sun.io" />
    <property name="sun.cpu.endian" value="little" />
    <property name="libs.JAXB-ENDORSED.javadoc" value="" />
    <property name="j2ee.server.middleware" value="/Users/filipschollin/GlassFish_Server3" />
    <property name="libs.JWSAntTasks.classpath" value="/Applications/NetBeans/NetBeans 7.3.1.app/Contents/Resources/NetBeans/java/ant/extra/org-netbeans-modules-javawebstart-anttasks.jar" />
    <property name="libs.spring-framework300.src" value="" />
    <property name="empty.dir" value="/Users/filipschollin/Documents/Linkoping/TDP024/TDP024/account-rest/build/empty" />
    <property name="display.browser" value="false" />
    <property name="version-output" value="java version &quot;1.7" />
    <property name="test.binarytestincludes" value="" />
    <property name="javadoc.preview" value="true" />
    <property name="socksNonProxyHosts" value="local|*.local|169.254/16|*.169.254/16" />
    <property name="libs.jpa20-persistence.javadoc" value="" />
    <property name="java.home" value="/Library/Java/JavaVirtualMachines/jdk1.7.0_25.jdk/Contents/Home/jre" />
    <property name="libs.jsp-compilation.src" value="" />
    <property name="libs.spring-webmvc.src" value="" />
    <property name="debug.test.classpath" value="../lib/derby.jar:../lib/eclipselink-2.3.0.jar:../lib/jackson-annotations-2.2.2.jar:../lib/jackson-core-2.2.2.jar:../lib/jackson-databind-2.2.1.jar:../lib/javax.persistence-2.0.jar:../lib/junit-4.10.jar:../lib/jersey/asm-3.1.jar:../lib/jersey/jackson-core-asl-1.7.1.jar:../lib/jersey/jackson-jaxrs-1.7.1.jar:../lib/jersey/jackson-mapper-asl-1.7.1.jar:../lib/jersey/jackson-xc-1.7.1.jar:../lib/jersey/jersey-apache-client-1.8.jar:../lib/jersey/jersey-atom-abdera-1.8.jar:../lib/jersey/jersey-client-1.8.jar:../lib/jersey/jersey-core-1.8.jar:../lib/jersey/jersey-guice-1.8.jar:../lib/jersey/jersey-json-1.8.jar:../lib/jersey/jersey-multipart-1.8.jar:../lib/jersey/jersey-server-1.8.jar:../lib/jersey/jersey-simple-server-1.8.jar:../lib/jersey/jersey-spring-1.8.jar:../lib/jersey/jettison-1.1.jar:../lib/jersey/jsr311-api-1.1.1.jar:../lib/jersey/oauth-client-1.8.jar:../lib/jersey/oauth-server-1.8.jar:../lib/jersey/oauth-signature-1.8.jar:../account-data-api/dist/account-data-api.jar:../account-data-impl-db/dist/account-data-impl-db.jar:../account-logic-api/dist/account-logic-api.jar:../account-logic-impl/dist/account-logic-impl.jar:../account-util/dist/account-util.jar:../lib/org.eclipse.persistence.jpa.jpql_1.0.0.jar:../lib/jaxb/activation.jar:../lib/jaxb/jaxb-api.jar:../lib/jaxb/jsr173_api.jar:build/web/WEB-INF/classes:build/test/classes" />
    <property name="libs.javaee-endorsed-api-6.0.classpath" value="/Applications/NetBeans/NetBeans 7.3.1.app/Contents/Resources/NetBeans/enterprise/modules/ext/javaee6-endorsed/javax.annotation.jar:/Applications/NetBeans/NetBeans 7.3.1.app/Contents/Resources/NetBeans/enterprise/modules/ext/javaee6-endorsed/jaxb-api-osgi.jar:/Applications/NetBeans/NetBeans 7.3.1.app/Contents/Resources/NetBeans/enterprise/modules/ext/javaee6-endorsed/webservices-api-osgi.jar" />
    <property name="libs.javaee-api-6.0.src" value="" />
    <property name="netbeans.importclass" value="org.netbeans.upgrade.AutoUpgrade" />
    <property name="ant.project.default-target" value="default" />
    <property name="annotation.processing.run.all.processors" value="true" />
    <property name="libs.PostgreSQLDriver.javadoc" value="" />
    <property name="libs.restlib.classpath" value="/Applications/NetBeans/NetBeans 7.3.1.app/Contents/Resources/NetBeans/enterprise/modules/ext/rest/asm-3.1.jar:/Applications/NetBeans/NetBeans 7.3.1.app/Contents/Resources/NetBeans/enterprise/modules/ext/rest/jackson-core-asl-1.9.2.jar:/Applications/NetBeans/NetBeans 7.3.1.app/Contents/Resources/NetBeans/enterprise/modules/ext/rest/jackson-jaxrs-1.9.2.jar:/Applications/NetBeans/NetBeans 7.3.1.app/Contents/Resources/NetBeans/enterprise/modules/ext/rest/jackson-mapper-asl-1.9.2.jar:/Applications/NetBeans/NetBeans 7.3.1.app/Contents/Resources/NetBeans/enterprise/modules/ext/rest/jackson-xc-1.9.2.jar:/Applications/NetBeans/NetBeans 7.3.1.app/Contents/Resources/NetBeans/enterprise/modules/ext/rest/jersey-apache-client-1.13.jar:/Applications/NetBeans/NetBeans 7.3.1.app/Contents/Resources/NetBeans/enterprise/modules/ext/rest/jersey-atom-abdera-1.13.jar:/Applications/NetBeans/NetBeans 7.3.1.app/Contents/Resources/NetBeans/enterprise/modules/ext/rest/jersey-client-1.13.jar:/Applications/NetBeans/NetBeans 7.3.1.app/Contents/Resources/NetBeans/enterprise/modules/ext/rest/jersey-core-1.13.jar:/Applications/NetBeans/NetBeans 7.3.1.app/Contents/Resources/NetBeans/enterprise/modules/ext/rest/jersey-guice-1.13.jar:/Applications/NetBeans/NetBeans 7.3.1.app/Contents/Resources/NetBeans/enterprise/modules/ext/rest/jersey-json-1.13.jar:/Applications/NetBeans/NetBeans 7.3.1.app/Contents/Resources/NetBeans/enterprise/modules/ext/rest/jersey-multipart-1.13.jar:/Applications/NetBeans/NetBeans 7.3.1.app/Contents/Resources/NetBeans/enterprise/modules/ext/rest/jersey-server-1.13.jar:/Applications/NetBeans/NetBeans 7.3.1.app/Contents/Resources/NetBeans/enterprise/modules/ext/rest/jersey-servlet-1.13.jar:/Applications/NetBeans/NetBeans 7.3.1.app/Contents/Resources/NetBeans/enterprise/modules/ext/rest/jersey-simple-server-1.13.jar:/Applications/NetBeans/NetBeans 7.3.1.app/Contents/Resources/NetBeans/enterprise/modules/ext/rest/jersey-spring-1.13.jar:/Applications/NetBeans/NetBeans 7.3.1.app/Contents/Resources/NetBeans/enterprise/modules/ext/rest/jettison-1.1.jar:/Applications/NetBeans/NetBeans 7.3.1.app/Contents/Resources/NetBeans/enterprise/modules/ext/rest/oauth-client-1.13.jar:/Applications/NetBeans/NetBeans 7.3.1.app/Contents/Resources/NetBeans/enterprise/modules/ext/rest/oauth-server-1.13.jar:/Applications/NetBeans/NetBeans 7.3.1.app/Contents/Resources/NetBeans/enterprise/modules/ext/rest/oauth-signature-1.13.jar:/Applications/NetBeans/NetBeans 7.3.1.app/Contents/Resources/NetBeans/ide/modules/ext/jaxb/activation.jar:/Applications/NetBeans/NetBeans 7.3.1.app/Contents/Resources/NetBeans/ide/modules/ext/jaxb/api/jaxb-api.jar:/Applications/NetBeans/NetBeans 7.3.1.app/Contents/Resources/NetBeans/ide/modules/ext/jaxb/api/jsr173_1.0_api.jar" />
    <property name="libs.MySQLDriver.maven-pom" value="" />
    <property name="j2ee.platform.wsgen.classpath" value="/Users/filipschollin/GlassFish_Server3/glassfish/modules/webservices-osgi.jar:/Users/filipschollin/GlassFish_Server3/glassfish/modules/endorsed/webservices-api-osgi.jar:/Users/filipschollin/GlassFish_Server3/glassfish/modules/jaxb-osgi.jar:/Users/filipschollin/GlassFish_Server3/glassfish/modules/endorsed/jaxb-api-osgi.jar:/Users/filipschollin/GlassFish_Server3/glassfish/modules/javax.ejb.jar" />
    <property name="http.nonProxyHosts" value="local|*.local|169.254/16|*.169.254/16" />
    <property name="libs.junit_4.javadoc" value="/Applications/NetBeans/NetBeans 7.3.1.app/Contents/Resources/NetBeans/java/docs/junit-4.10-javadoc.jar" />
    <property name="libs.spring-webmvc.javadoc" value="" />
    <property name="libs.EclipseLink-GlassFish-v3.maven-pom" value="" />
    <property name="libs.javaee-web-api-6.0.maven-pom" value="" />
    <property name="j2ee.deploy.on.save" value="false" />
    <property name="file.reference.jackson-core-asl-1.7.1.jar" value="../lib/jersey/jackson-core-asl-1.7.1.jar" />
    <property name="libs.hibernate-support.src" value="" />
    <property name="jna.boot.library.name" value="jnidispatch-340" />
    <property name="libs.javaee-endorsed-api-6.0.javadoc" value="" />
    <property name="sun.awt.datatransfer.timeout" value="1000" />
    <property name="libs.spring-webmvc3.0.javadoc" value="" />
    <property name="annotation.processing.enabled.in.editor" value="true" />
    <property name="nb.native.filechooser" value="false" />
    <property name="libs.restapi.src" value="" />
    <property name="sun.management.compiler" value="HotSpot 64-Bit Tiered Compilers" />
    <property name="javac.deprecation" value="false" />
    <property name="javadoc.use" value="true" />
    <property name="client.urlPart" value="" />
    <property name="sun.java2d.noddraw" value="true" />
    <property name="libs.jsp-compiler.classpath" value="/Applications/NetBeans/NetBeans 7.3.1.app/Contents/Resources/NetBeans/enterprise/ant/extra/jspcompile.jar" />
    <property name="dist.ear.war" value="dist/account-rest.war" />
    <property name="javac.processorpath" value="../lib/derby.jar:../lib/eclipselink-2.3.0.jar:../lib/jackson-annotations-2.2.2.jar:../lib/jackson-core-2.2.2.jar:../lib/jackson-databind-2.2.1.jar:../lib/javax.persistence-2.0.jar:../lib/junit-4.10.jar:../lib/jersey/asm-3.1.jar:../lib/jersey/jackson-core-asl-1.7.1.jar:../lib/jersey/jackson-jaxrs-1.7.1.jar:../lib/jersey/jackson-mapper-asl-1.7.1.jar:../lib/jersey/jackson-xc-1.7.1.jar:../lib/jersey/jersey-apache-client-1.8.jar:../lib/jersey/jersey-atom-abdera-1.8.jar:../lib/jersey/jersey-client-1.8.jar:../lib/jersey/jersey-core-1.8.jar:../lib/jersey/jersey-guice-1.8.jar:../lib/jersey/jersey-json-1.8.jar:../lib/jersey/jersey-multipart-1.8.jar:../lib/jersey/jersey-server-1.8.jar:../lib/jersey/jersey-simple-server-1.8.jar:../lib/jersey/jersey-spring-1.8.jar:../lib/jersey/jettison-1.1.jar:../lib/jersey/jsr311-api-1.1.1.jar:../lib/jersey/oauth-client-1.8.jar:../lib/jersey/oauth-server-1.8.jar:../lib/jersey/oauth-signature-1.8.jar:../account-data-api/dist/account-data-api.jar:../account-data-impl-db/dist/account-data-impl-db.jar:../account-logic-api/dist/account-logic-api.jar:../account-logic-impl/dist/account-logic-impl.jar:../account-util/dist/account-util.jar:../lib/org.eclipse.persistence.jpa.jpql_1.0.0.jar:../lib/jaxb/activation.jar:../lib/jaxb/jaxb-api.jar:../lib/jaxb/jsr173_api.jar" />
    <property name="file.reference.asm-3.1.jar" value="../lib/jersey/asm-3.1.jar" />
    <property name="libs.spring-webmvc.classpath" value="/Applications/NetBeans/NetBeans 7.3.1.app/Contents/Resources/NetBeans/enterprise/modules/ext/spring/spring-webmvc-2.5.6.SEC03.jar" />
    <property name="javac.compilerargs" value="" />
    <property name="ant.file" value="/Users/filipschollin/Documents/Linkoping/TDP024/TDP024/account-rest/build.xml" />
    <property name="libs.jsf12.classpath" value="/Applications/NetBeans/NetBeans 7.3.1.app/Contents/Resources/NetBeans/enterprise/modules/ext/jsf-1_2/commons-beanutils.jar:/Applications/NetBeans/NetBeans 7.3.1.app/Contents/Resources/NetBeans/enterprise/modules/ext/jsf-1_2/commons-collections.jar:/Applications/NetBeans/NetBeans 7.3.1.app/Contents/Resources/NetBeans/enterprise/modules/ext/jsf-1_2/commons-digester.jar:/Applications/NetBeans/NetBeans 7.3.1.app/Contents/Resources/NetBeans/enterprise/modules/ext/jsf-1_2/commons-logging.jar:/Applications/NetBeans/NetBeans 7.3.1.app/Contents/Resources/NetBeans/enterprise/modules/ext/jsf-1_2/jsf-api.jar:/Applications/NetBeans/NetBeans 7.3.1.app/Contents/Resources/NetBeans/enterprise/modules/ext/jsf-1_2/jsf-impl.jar" />
    <property name="libs.Java-EE-GlassFish-v3-Prelude.classpath" value="/Users/filipschollin/GlassFish_Server3/mq/lib/jaxm-api.jar:/Users/filipschollin/GlassFish_Server3/glassfish/modules/endorsed/javax.annotation.jar:/Users/filipschollin/GlassFish_Server3/glassfish/modules/endorsed/jaxb-api-osgi.jar:/Users/filipschollin/GlassFish_Server3/glassfish/modules/endorsed/webservices-api-osgi.jar:/Users/filipschollin/GlassFish_Server3/glassfish/modules/bean-validator.jar:/Users/filipschollin/GlassFish_Server3/glassfish/modules/javax.ejb.jar:/Users/filipschollin/GlassFish_Server3/glassfish/modules/javax.el-api.jar:/Users/filipschollin/GlassFish_Server3/glassfish/modules/javax.el.jar:/Users/filipschollin/GlassFish_Server3/glassfish/modules/javax.enterprise.deploy.jar:/Users/filipschollin/GlassFish_Server3/glassfish/modules/javax.faces.jar:/Users/filipschollin/GlassFish_Server3/glassfish/modules/javax.jms.jar:/Users/filipschollin/GlassFish_Server3/glassfish/modules/javax.mail.jar:/Users/filipschollin/GlassFish_Server3/glassfish/modules/javax.management.j2ee.jar:/Users/filipschollin/GlassFish_Server3/glassfish/modules/javax.persistence.jar:/Users/filipschollin/GlassFish_Server3/glassfish/modules/javax.resource.jar:/Users/filipschollin/GlassFish_Server3/glassfish/modules/javax.security.auth.message.jar:/Users/filipschollin/GlassFish_Server3/glassfish/modules/javax.security.jacc.jar:/Users/filipschollin/GlassFish_Server3/glassfish/modules/javax.servlet-api.jar:/Users/filipschollin/GlassFish_Server3/glassfish/modules/javax.servlet.jsp-api.jar:/Users/filipschollin/GlassFish_Server3/glassfish/modules/javax.servlet.jsp.jar:/Users/filipschollin/GlassFish_Server3/glassfish/modules/javax.servlet.jsp.jstl-api.jar:/Users/filipschollin/GlassFish_Server3/glassfish/modules/javax.servlet.jsp.jstl.jar:/Users/filipschollin/GlassFish_Server3/glassfish/modules/javax.transaction.jar:/Users/filipschollin/GlassFish_Server3/glassfish/modules/jaxb-osgi.jar:/Users/filipschollin/GlassFish_Server3/glassfish/modules/jersey-core.jar:/Users/filipschollin/GlassFish_Server3/glassfish/modules/webservices-osgi.jar:/Users/filipschollin/GlassFish_Server3/glassfish/modules/weld-osgi-bundle.jar" />
    <property name="has.custom.manifest" value="true" />
    <property name="libs.javaee-api-5.0.src" value="" />
    <property name="libs.restapi.maven-pom" value="" />
    <property name="java.vm.specification.vendor" value="Oracle Corporation" />
    <property name="org.openide.major.version" value="IDE/1" />
    <property name="java.vm.name" value="Java HotSpot(TM) 64-Bit Server VM" />
    <property name="netbeans.user" value="/Users/filipschollin/Library/Application Support/NetBeans/7.3.1" />
    <property name="javadoc.additionalparam" value="" />
    <property name="java.io.tmpdir" value="/var/folders/dm/23w4l45556s8ft042lllggs00000gn/T/" />
    <property name="java.vendor.url" value="http://java.oracle.com/" />
    <property name="endorsed.classpath.cmd.line.arg" value="-Xbootclasspath/p:&apos;/Applications/NetBeans/NetBeans 7.3.1.app/Contents/Resources/NetBeans/enterprise/modules/ext/javaee6-endorsed/javax.annotation.jar:/Applications/NetBeans/NetBeans 7.3.1.app/Contents/Resources/NetBeans/enterprise/modules/ext/javaee6-endorsed/jaxb-api-osgi.jar:/Applications/NetBeans/NetBeans 7.3.1.app/Contents/Resources/NetBeans/enterprise/modules/ext/javaee6-endorsed/webservices-api-osgi.jar&apos;" />
    <property name="junit.available" value="true" />
    <property name="j2ee.platform.wsit.classpath" value="" />
    <property name="ant.file.type.account-rest-impl" value="file" />
    <property name="compile.jsps" value="false" />
    <property name="file.reference.oauth-signature-1.8.jar" value="../lib/jersey/oauth-signature-1.8.jar" />
    <property name="libs.javaee-api-5.0.javadoc" value="" />
    <property name="libs.jsp-compiler.src" value="" />
    <property name="file.reference.jersey-guice-1.8.jar" value="../lib/jersey/jersey-guice-1.8.jar" />
    <property name="deploy.ant.properties.file" value="/Users/filipschollin/Library/Application Support/NetBeans/7.3.1/config/GlassFishEE6/Properties/gfv31688713500.properties" />
    <property name="reference.account-logic-impl.jar" value="../account-logic-impl/dist/account-logic-impl.jar" />
    <property name="j2ee.platform.wscompile.classpath" value="/Users/filipschollin/GlassFish_Server3/glassfish/modules/webservices-osgi.jar" />
    <property name="sun.boot.library.path" value="/Library/Java/JavaVirtualMachines/jdk1.7.0_25.jdk/Contents/Home/jre/lib" />
    <property name="have.sources" value="true" />
    <property name="debug.classpath" value="build/web/WEB-INF/classes:../lib/derby.jar:../lib/eclipselink-2.3.0.jar:../lib/jackson-annotations-2.2.2.jar:../lib/jackson-core-2.2.2.jar:../lib/jackson-databind-2.2.1.jar:../lib/javax.persistence-2.0.jar:../lib/junit-4.10.jar:../lib/jersey/asm-3.1.jar:../lib/jersey/jackson-core-asl-1.7.1.jar:../lib/jersey/jackson-jaxrs-1.7.1.jar:../lib/jersey/jackson-mapper-asl-1.7.1.jar:../lib/jersey/jackson-xc-1.7.1.jar:../lib/jersey/jersey-apache-client-1.8.jar:../lib/jersey/jersey-atom-abdera-1.8.jar:../lib/jersey/jersey-client-1.8.jar:../lib/jersey/jersey-core-1.8.jar:../lib/jersey/jersey-guice-1.8.jar:../lib/jersey/jersey-json-1.8.jar:../lib/jersey/jersey-multipart-1.8.jar:../lib/jersey/jersey-server-1.8.jar:../lib/jersey/jersey-simple-server-1.8.jar:../lib/jersey/jersey-spring-1.8.jar:../lib/jersey/jettison-1.1.jar:../lib/jersey/jsr311-api-1.1.1.jar:../lib/jersey/oauth-client-1.8.jar:../lib/jersey/oauth-server-1.8.jar:../lib/jersey/oauth-signature-1.8.jar:../account-data-api/dist/account-data-api.jar:../account-data-impl-db/dist/account-data-impl-db.jar:../account-logic-api/dist/account-logic-api.jar:../account-logic-impl/dist/account-logic-impl.jar:../account-util/dist/account-util.jar:../lib/org.eclipse.persistence.jpa.jpql_1.0.0.jar:../lib/jaxb/activation.jar:../lib/jaxb/jaxb-api.jar:../lib/jaxb/jsr173_api.jar" />
    <property name="war.name" value="account-rest.war" />
    <property name="javadoc.private" value="false" />
    <property name="test.src.dir" value="test" />
    <property name="file.reference.jackson-jaxrs-1.7.1.jar" value="../lib/jersey/jackson-jaxrs-1.7.1.jar" />
    <property name="libs.jsf20.classpath" value="/Applications/NetBeans/NetBeans 7.3.1.app/Contents/Resources/NetBeans/enterprise/modules/ext/jsf-2_2/javax.faces.jar" />
    <property name="ap.processors.internal" value="" />
    <property name="javadoc.encoding.used" value="UTF-8" />
    <property name="java.runtime.name" value="Java(TM) SE Runtime Environment" />
    <property name="file.reference.jackson-core-2.2.2.jar" value="../lib/jackson-core-2.2.2.jar" />
    <property name="ant.project.name" value="account-rest" />
    <property name="netbeans.hash.code" value="unique=NB_WEBCOMMON_PHP081ae3f16-38d2-4303-bf77-8b2e83ce5f5a_cbfaef67-8a88-47c5-bef3-6bfccc0316a4" />
    <property name="file.reference.javax.persistence-2.0.jar" value="../lib/javax.persistence-2.0.jar" />
    <property name="netbeans.default_userdir_root" value="/Users/filipschollin/Library/Application Support/NetBeans" />
    <property name="libs.jsp-compilation-syscp.maven-pom" value="" />
    <property name="sun.cpu.isalist" value="" />
    <property name="libs.CopyLibs.javadoc" value="" />
    <property name="j2ee.server.domain" value="/Users/filipschollin/GlassFish_Server3/glassfish/domains/domain1" />
    <property name="org.openide.specification.version" value="6.2" />
    <property name="j2ee.server.home" value="/Users/filipschollin/GlassFish_Server3/glassfish" />
    <property name="ant.file.account-rest-impl" value="/Users/filipschollin/Documents/Linkoping/TDP024/TDP024/account-rest/nbproject/build-impl.xml" />
    <property name="libs.hibernate-support.classpath" value="/Applications/NetBeans/NetBeans 7.3.1.app/Contents/Resources/NetBeans/java/modules/ext/hibernate/antlr-2.7.6.jar:/Applications/NetBeans/NetBeans 7.3.1.app/Contents/Resources/NetBeans/java/modules/ext/hibernate/asm.jar:/Applications/NetBeans/NetBeans 7.3.1.app/Contents/Resources/NetBeans/java/modules/ext/hibernate/asm-attrs.jar:/Applications/NetBeans/NetBeans 7.3.1.app/Contents/Resources/NetBeans/java/modules/ext/hibernate/cglib-2.1.3.jar:/Applications/NetBeans/NetBeans 7.3.1.app/Contents/Resources/NetBeans/java/modules/ext/hibernate/commons-collections-2.1.1.jar:/Applications/NetBeans/NetBeans 7.3.1.app/Contents/Resources/NetBeans/ide/modules/org-apache-commons-logging.jar:/Applications/NetBeans/NetBeans 7.3.1.app/Contents/Resources/NetBeans/java/modules/ext/hibernate/dom4j-1.6.1.jar:/Applications/NetBeans/NetBeans 7.3.1.app/Contents/Resources/NetBeans/java/modules/ext/hibernate/ehcache-1.2.3.jar:/Applications/NetBeans/NetBeans 7.3.1.app/Contents/Resources/NetBeans/java/modules/ext/hibernate/jdbc2_0-stdext.jar:/Applications/NetBeans/NetBeans 7.3.1.app/Contents/Resources/NetBeans/java/modules/ext/hibernate/jta.jar:/Applications/NetBeans/NetBeans 7.3.1.app/Contents/Resources/NetBeans/java/modules/ext/hibernate/hibernate3.jar:/Applications/NetBeans/NetBeans 7.3.1.app/Contents/Resources/NetBeans/java/modules/ext/hibernate/hibernate-tools.jar:/Applications/NetBeans/NetBeans 7.3.1.app/Contents/Resources/NetBeans/java/modules/ext/hibernate/hibernate-annotations.jar:/Applications/NetBeans/NetBeans 7.3.1.app/Contents/Resources/NetBeans/java/modules/ext/hibernate/hibernate-commons-annotations.jar:/Applications/NetBeans/NetBeans 7.3.1.app/Contents/Resources/NetBeans/java/modules/ext/hibernate/hibernate-entitymanager.jar:/Applications/NetBeans/NetBeans 7.3.1.app/Contents/Resources/NetBeans/java/modules/ext/hibernate/javassist.jar" />
    <property name="file.reference.jersey-spring-1.8.jar" value="../lib/jersey/jersey-spring-1.8.jar" />
    <property name="user.home" value="/Users/filipschollin" />
    <property name="annotation.processing.processors.list" value="" />
    <property name="project.account-logic-impl" value="../account-logic-impl" />
    <property name="libs.primefaces.maven-pom" value="" />
    <property name="debug-args-line" value="-Xdebug" />
    <property name="libs.javaee-api-6.0.maven-pom" value="" />
    <property name="libs.JWSAntTasks.src" value="" />
    <property name="libs.CopyLibs.maven-pom" value="" />
    <property name="libs.spring-framework300.javadoc" value="" />
    <property name="libs.hibernate-persistence.maven-pom" value="" />
    <property name="java.specification.name" value="Java Platform API Specification" />
    <property name="file.reference.jettison-1.1.jar" value="../lib/jersey/jettison-1.1.jar" />
    <property name="no.dist.ear.dir" value="true" />
    <property name="java.specification.vendor" value="Oracle Corporation" />
    <property name="libs.javac-api.classpath" value="/Applications/NetBeans/NetBeans 7.3.1.app/Contents/Resources/NetBeans/java/modules/ext/nb-javac-api.jar" />
    <property name="java.version" value="1.7.0_25" />
    <property name="run.jvmargs.ide" value="" />
    <property name="javadoc.version" value="false" />
    <property name="libs.MySQLDriver.javadoc" value="" />
    <property name="org.openide.version" value="deprecated" />
    <property name="source.encoding" value="UTF-8" />
    <property name="ap.cmd.line.internal" value="" />
    <property name="file.reference.eclipselink-2.3.0.jar" value="../lib/eclipselink-2.3.0.jar" />
    <property name="libs.eclipselinkmodelgen.maven-pom" value="" />
    <property name="libs.jsp-compilation-syscp.javadoc" value="" />
    <property name="libs.junit.maven-pom" value="" />
    <property name="libs.eclipselinkmodelgen.javadoc" value="" />
    <property name="libs.struts.maven-pom" value="" />
    <property name="netbeans.home+have.tests" value="true" />
    <property name="libs.testng.maven-pom" value="" />
    <property name="libs.jaxb.src" value="" />
    <property name="libs.jaxb.classpath" value="/Applications/NetBeans/NetBeans 7.3.1.app/Contents/Resources/NetBeans/ide/modules/ext/jaxb/jaxb-impl.jar:/Applications/NetBeans/NetBeans 7.3.1.app/Contents/Resources/NetBeans/ide/modules/ext/jaxb/jaxb-xjc.jar:/Applications/NetBeans/NetBeans 7.3.1.app/Contents/Resources/NetBeans/ide/modules/ext/jaxb/jaxb1-impl.jar:/Applications/NetBeans/NetBeans 7.3.1.app/Contents/Resources/NetBeans/ide/modules/ext/jaxb/activation.jar:/Applications/NetBeans/NetBeans 7.3.1.app/Contents/Resources/NetBeans/ide/modules/ext/jaxb/api/jaxb-api.jar:/Applications/NetBeans/NetBeans 7.3.1.app/Contents/Resources/NetBeans/ide/modules/ext/jaxb/api/jsr173_1.0_api.jar" />
    <property name="php.global.include.path" value="" />
    <property name="file.reference.jsr311-api-1.1.1.jar" value="../lib/jersey/jsr311-api-1.1.1.jar" />
    <property name="dist.javadoc.dir" value="dist/javadoc" />
    <property name="libs.spring-webmvc3.0.classpath" value="/Applications/NetBeans/NetBeans 7.3.1.app/Contents/Resources/NetBeans/java/modules/ext/spring-3.0/spring-webmvc-3.1.1.RELEASE.jar" />
    <property name="jspc.dtds" value="/resources/dtds/" />
    <property name="libs.restlib.src" value="" />
    <property name="javac.source" value="1.6" />
    <property name="build.generated.dir" value="build/generated" />
    <property name="libs.hibernate-persistence.src" value="" />
    <property name="line.separator" value="&#xa;" />
    <property name="java.specification.version" value="1.7" />
    <property name="java.vm.info" value="mixed mode" />
    <property name="libs.jaxws21.maven-pom" value="" />
    <property name="nb.junit.batch" value="true" />
    <property name="file.reference.jersey-apache-client-1.8.jar" value="../lib/jersey/jersey-apache-client-1.8.jar" />
    <property name="reference.account-data-impl-db.jar" value="../account-data-impl-db/dist/account-data-impl-db.jar" />
    <property name="libs.spring-framework.maven-pom" value="" />
    <property name="sun.boot.class.path" value="/Applications/NetBeans/NetBeans 7.3.1.app/Contents/Resources/NetBeans/enterprise/modules/ext/javaee6-endorsed/javax.annotation.jar:/Applications/NetBeans/NetBeans 7.3.1.app/Contents/Resources/NetBeans/enterprise/modules/ext/javaee6-endorsed/jaxb-api-osgi.jar:/Applications/NetBeans/NetBeans 7.3.1.app/Contents/Resources/NetBeans/enterprise/modules/ext/javaee6-endorsed/webservices-api-osgi.jar:/Library/Java/JavaVirtualMachines/jdk1.7.0_25.jdk/Contents/Home/jre/lib/resources.jar:/Library/Java/JavaVirtualMachines/jdk1.7.0_25.jdk/Contents/Home/jre/lib/rt.jar:/Library/Java/JavaVirtualMachines/jdk1.7.0_25.jdk/Contents/Home/jre/lib/sunrsasign.jar:/Library/Java/JavaVirtualMachines/jdk1.7.0_25.jdk/Contents/Home/jre/lib/jsse.jar:/Library/Java/JavaVirtualMachines/jdk1.7.0_25.jdk/Contents/Home/jre/lib/jce.jar:/Library/Java/JavaVirtualMachines/jdk1.7.0_25.jdk/Contents/Home/jre/lib/charsets.jar:/Library/Java/JavaVirtualMachines/jdk1.7.0_25.jdk/Contents/Home/jre/lib/jfr.jar:/Library/Java/JavaVirtualMachines/jdk1.7.0_25.jdk/Contents/Home/jre/lib/JObjC.jar:/Library/Java/JavaVirtualMachines/jdk1.7.0_25.jdk/Contents/Home/jre/classes" />
    <property name="javac.target" value="1.6" />
    <property name="build.test.classes.dir" value="build/test/classes" />
    <property name="src.dir" value="src/java" />
    <property name="annotation.processing.enabled" value="true" />
    <property name="libs.jsf20.src" value="" />
    <property name="libs.jpa20-persistence.src" value="" />
    <property name="libs.jsf12.src" value="" />
    <property name="j2ee.platform" value="1.6-web" />
    <property name="project.account-data-impl-db" value="../account-data-impl-db" />
    <property name="ant.file.account-rest-rest-build" value="/Users/filipschollin/Documents/Linkoping/TDP024/TDP024/account-rest/nbproject/rest-build.xml" />
    <property name="libs.JAVADB_DRIVER_LABEL.maven-pom" value="" />
    <property name="libs.struts.javadoc" value="/Applications/NetBeans/NetBeans 7.3.1.app/Contents/Resources/NetBeans/enterprise/docs/struts-1.3.10-javadoc.zip" />
    <property name="rest.config.type" value="ide" />
    <property name="ignore.failing.tests" value="true" />
    <property name="libs.Comet-GlassFish-v3.classpath" value="/Users/filipschollin/GlassFish_Server3/glassfish/modules/grizzly-comet.jar" />
    <property name="web.docbase.dir" value="web" />
    <property name="libs.primefaces.src" value="" />
    <property name="dist.dir" value="dist" />
    <property name="testng.debug.mode" value="" />
    <property name="file.reference.jersey-json-1.8.jar" value="../lib/jersey/jersey-json-1.8.jar" />
    <property name="javac.fork" value="false" />
    <property name="java.awt.printerjob" value="sun.lwawt.macosx.CPrinterJob" />
    <property name="default.javac.source" value="1.7" />
    <property name="debug-transport-by-os" value="dt_socket" />
    <property name="file.reference.jackson-mapper-asl-1.7.1.jar" value="../lib/jersey/jackson-mapper-asl-1.7.1.jar" />
    <property name="ant.file.account-rest" value="/Users/filipschollin/Documents/Linkoping/TDP024/TDP024/account-rest/build.xml" />
    <property name="sun.jnu.encoding" value="US-ASCII" />
    <property name="libs.MySQLDriver.src" value="" />
    <property name="file.reference.activation.jar" value="../lib/jaxb/activation.jar" />
    <property name="file.reference.jackson-xc-1.7.1.jar" value="../lib/jersey/jackson-xc-1.7.1.jar" />
    <property name="build.test.results.dir" value="build/test/results" />
    <property name="java.runtime.version" value="1.7.0_25-b15" />
    <property name="libs.ejb3-persistence.javadoc" value="" />
    <property name="file.reference.jackson-annotations-2.2.2.jar" value="../lib/jackson-annotations-2.2.2.jar" />
    <property name="jna.platform.library.path" value="/usr/lib:/usr/lib" />
    <property name="do.tmp.war.package.with.custom.manifest" value="true" />
    <property name="project.account-util" value="../account-util" />
    <property name="default.javac.target" value="1.7" />
    <property name="libs.junit_4.classpath" value="/Applications/NetBeans/NetBeans 7.3.1.app/Contents/Resources/NetBeans/platform/modules/ext/junit-4.10.jar" />
    <property name="user.timezone" value="" />
    <property name="file.reference.jersey-client-1.8.jar" value="../lib/jersey/jersey-client-1.8.jar" />
    <property name="nb.junit.single" value="false" />
    <property name="project.account-data-api" value="../account-data-api" />
    <property name="libs.javaee-endorsed-api-6.0.maven-pom" value="" />
    <property name="libs.JAVADB_DRIVER_LABEL.javadoc" value="" />
    <property name="netbeans.dirs" value="/Applications/NetBeans/NetBeans 7.3.1.app/Contents/Resources/NetBeans/nb:/Applications/NetBeans/NetBeans 7.3.1.app/Contents/Resources/NetBeans/ergonomics:/Applications/NetBeans/NetBeans 7.3.1.app/Contents/Resources/NetBeans/ide:/Applications/NetBeans/NetBeans 7.3.1.app/Contents/Resources/NetBeans/java:/Applications/NetBeans/NetBeans 7.3.1.app/Contents/Resources/NetBeans/apisupport:/Applications/NetBeans/NetBeans 7.3.1.app/Contents/Resources/NetBeans/webcommon:/Applications/NetBeans/NetBeans 7.3.1.app/Contents/Resources/NetBeans/websvccommon:/Applications/NetBeans/NetBeans 7.3.1.app/Contents/Resources/NetBeans/enterprise:/Applications/NetBeans/NetBeans 7.3.1.app/Contents/Resources/NetBeans/mobility:/Applications/NetBeans/NetBeans 7.3.1.app/Contents/Resources/NetBeans/profiler:/Applications/NetBeans/NetBeans 7.3.1.app/Contents/Resources/NetBeans/python:/Applications/NetBeans/NetBeans 7.3.1.app/Contents/Resources/NetBeans/php:/Applications/NetBeans/NetBeans 7.3.1.app/Contents/Resources/NetBeans/identity:/Applications/NetBeans/NetBeans 7.3.1.app/Contents/Resources/NetBeans/harness:/Applications/NetBeans/NetBeans 7.3.1.app/Contents/Resources/NetBeans/cnd:/Applications/NetBeans/NetBeans 7.3.1.app/Contents/Resources/NetBeans/dlight:/Applications/NetBeans/NetBeans 7.3.1.app/Contents/Resources/NetBeans/groovy:/Applications/NetBeans/NetBeans 7.3.1.app/Contents/Resources/NetBeans/extra:/Applications/NetBeans/NetBeans 7.3.1.app/Contents/Resources/NetBeans/javacard:/Applications/NetBeans/NetBeans 7.3.1.app/Contents/Resources/NetBeans/javafx:" />
    <property name="libs.jsf20.javadoc" value="" />
    <property name="java.ext.dirs" value="/Users/filipschollin/Library/Java/Extensions:/Library/Java/JavaVirtualMachines/jdk1.7.0_25.jdk/Contents/Home/jre/lib/ext:/Library/Java/Extensions:/Network/Library/Java/Extensions:/System/Library/Java/Extensions:/usr/lib/java" />
    <property name="endorsed.classpath" value="/Applications/NetBeans/NetBeans 7.3.1.app/Contents/Resources/NetBeans/enterprise/modules/ext/javaee6-endorsed/javax.annotation.jar:/Applications/NetBeans/NetBeans 7.3.1.app/Contents/Resources/NetBeans/enterprise/modules/ext/javaee6-endorsed/jaxb-api-osgi.jar:/Applications/NetBeans/NetBeans 7.3.1.app/Contents/Resources/NetBeans/enterprise/modules/ext/javaee6-endorsed/webservices-api-osgi.jar" />
    <property name="excludes" value="" />
    <property name="libs.restlib.maven-pom" value="" />
    <property name="apple.laf.useScreenMenuBar" value="true" />
    <property name="java.class.path" value="/Users/filipschollin/Documents/Linkoping/TDP024/TDP024/lib/derby.jar:/Users/filipschollin/Documents/Linkoping/TDP024/TDP024/lib/eclipselink-2.3.0.jar:/Users/filipschollin/Documents/Linkoping/TDP024/TDP024/lib/jackson-annotations-2.2.2.jar:/Users/filipschollin/Documents/Linkoping/TDP024/TDP024/lib/jackson-core-2.2.2.jar:/Users/filipschollin/Documents/Linkoping/TDP024/TDP024/lib/jackson-databind-2.2.1.jar:/Users/filipschollin/Documents/Linkoping/TDP024/TDP024/lib/javax.persistence-2.0.jar:/Users/filipschollin/Documents/Linkoping/TDP024/TDP024/lib/junit-4.10.jar:/Users/filipschollin/Documents/Linkoping/TDP024/TDP024/lib/jersey/asm-3.1.jar:/Users/filipschollin/Documents/Linkoping/TDP024/TDP024/lib/jersey/jackson-core-asl-1.7.1.jar:/Users/filipschollin/Documents/Linkoping/TDP024/TDP024/lib/jersey/jackson-jaxrs-1.7.1.jar:/Users/filipschollin/Documents/Linkoping/TDP024/TDP024/lib/jersey/jackson-mapper-asl-1.7.1.jar:/Users/filipschollin/Documents/Linkoping/TDP024/TDP024/lib/jersey/jackson-xc-1.7.1.jar:/Users/filipschollin/Documents/Linkoping/TDP024/TDP024/lib/jersey/jersey-apache-client-1.8.jar:/Users/filipschollin/Documents/Linkoping/TDP024/TDP024/lib/jersey/jersey-atom-abdera-1.8.jar:/Users/filipschollin/Documents/Linkoping/TDP024/TDP024/lib/jersey/jersey-client-1.8.jar:/Users/filipschollin/Documents/Linkoping/TDP024/TDP024/lib/jersey/jersey-core-1.8.jar:/Users/filipschollin/Documents/Linkoping/TDP024/TDP024/lib/jersey/jersey-guice-1.8.jar:/Users/filipschollin/Documents/Linkoping/TDP024/TDP024/lib/jersey/jersey-json-1.8.jar:/Users/filipschollin/Documents/Linkoping/TDP024/TDP024/lib/jersey/jersey-multipart-1.8.jar:/Users/filipschollin/Documents/Linkoping/TDP024/TDP024/lib/jersey/jersey-server-1.8.jar:/Users/filipschollin/Documents/Linkoping/TDP024/TDP024/lib/jersey/jersey-simple-server-1.8.jar:/Users/filipschollin/Documents/Linkoping/TDP024/TDP024/lib/jersey/jersey-spring-1.8.jar:/Users/filipschollin/Documents/Linkoping/TDP024/TDP024/lib/jersey/jettison-1.1.jar:/Users/filipschollin/Documents/Linkoping/TDP024/TDP024/lib/jersey/jsr311-api-1.1.1.jar:/Users/filipschollin/Documents/Linkoping/TDP024/TDP024/lib/jersey/oauth-client-1.8.jar:/Users/filipschollin/Documents/Linkoping/TDP024/TDP024/lib/jersey/oauth-server-1.8.jar:/Users/filipschollin/Documents/Linkoping/TDP024/TDP024/lib/jersey/oauth-signature-1.8.jar:/Users/filipschollin/Documents/Linkoping/TDP024/TDP024/account-data-api/dist/account-data-api.jar:/Users/filipschollin/Documents/Linkoping/TDP024/TDP024/account-data-impl-db/dist/account-data-impl-db.jar:/Users/filipschollin/Documents/Linkoping/TDP024/TDP024/account-logic-api/dist/account-logic-api.jar:/Users/filipschollin/Documents/Linkoping/TDP024/TDP024/account-logic-impl/dist/account-logic-impl.jar:/Users/filipschollin/Documents/Linkoping/TDP024/TDP024/account-util/dist/account-util.jar:/Users/filipschollin/Documents/Linkoping/TDP024/TDP024/lib/org.eclipse.persistence.jpa.jpql_1.0.0.jar:/Users/filipschollin/Documents/Linkoping/TDP024/TDP024/lib/jaxb/activation.jar:/Users/filipschollin/Documents/Linkoping/TDP024/TDP024/lib/jaxb/jaxb-api.jar:/Users/filipschollin/Documents/Linkoping/TDP024/TDP024/lib/jaxb/jsr173_api.jar:/Users/filipschollin/Documents/Linkoping/TDP024/TDP024/account-rest/build/web/WEB-INF/classes:/Users/filipschollin/Documents/Linkoping/TDP024/TDP024/account-rest/build/test/classes:/Users/filipschollin/GlassFish_Server3/mq/lib/jaxm-api.jar:/Users/filipschollin/GlassFish_Server3/glassfish/modules/endorsed/javax.annotation.jar:/Users/filipschollin/GlassFish_Server3/glassfish/modules/endorsed/jaxb-api-osgi.jar:/Users/filipschollin/GlassFish_Server3/glassfish/modules/endorsed/webservices-api-osgi.jar:/Users/filipschollin/GlassFish_Server3/glassfish/modules/bean-validator.jar:/Users/filipschollin/GlassFish_Server3/glassfish/modules/javax.ejb.jar:/Users/filipschollin/GlassFish_Server3/glassfish/modules/javax.el-api.jar:/Users/filipschollin/GlassFish_Server3/glassfish/modules/javax.el.jar:/Users/filipschollin/GlassFish_Server3/glassfish/modules/javax.enterprise.deploy.jar:/Users/filipschollin/GlassFish_Server3/glassfish/modules/javax.faces.jar:/Users/filipschollin/GlassFish_Server3/glassfish/modules/javax.jms.jar:/Users/filipschollin/GlassFish_Server3/glassfish/modules/javax.mail.jar:/Users/filipschollin/GlassFish_Server3/glassfish/modules/javax.management.j2ee.jar:/Users/filipschollin/GlassFish_Server3/glassfish/modules/javax.persistence.jar:/Users/filipschollin/GlassFish_Server3/glassfish/modules/javax.resource.jar:/Users/filipschollin/GlassFish_Server3/glassfish/modules/javax.security.auth.message.jar:/Users/filipschollin/GlassFish_Server3/glassfish/modules/javax.security.jacc.jar:/Users/filipschollin/GlassFish_Server3/glassfish/modules/javax.servlet-api.jar:/Users/filipschollin/GlassFish_Server3/glassfish/modules/javax.servlet.jsp-api.jar:/Users/filipschollin/GlassFish_Server3/glassfish/modules/javax.servlet.jsp.jar:/Users/filipschollin/GlassFish_Server3/glassfish/modules/javax.servlet.jsp.jstl-api.jar:/Users/filipschollin/GlassFish_Server3/glassfish/modules/javax.servlet.jsp.jstl.jar:/Users/filipschollin/GlassFish_Server3/glassfish/modules/javax.transaction.jar:/Users/filipschollin/GlassFish_Server3/glassfish/modules/jaxb-osgi.jar:/Users/filipschollin/GlassFish_Server3/glassfish/modules/jersey-core.jar:/Users/filipschollin/GlassFish_Server3/glassfish/modules/webservices-osgi.jar:/Users/filipschollin/GlassFish_Server3/glassfish/modules/weld-osgi-bundle.jar:/Users/filipschollin/GlassFish_Server3/glassfish/lib/embedded/glassfish-embedded-static-shell.jar:/Applications/NetBeans/NetBeans 7.3.1.app/Contents/Resources/NetBeans/java/ant/lib/ant-launcher.jar:/Applications/NetBeans/NetBeans 7.3.1.app/Contents/Resources/NetBeans/java/ant/lib/ant.jar:/Applications/NetBeans/NetBeans 7.3.1.app/Contents/Resources/NetBeans/java/ant/lib/ant-junit.jar:/Applications/NetBeans/NetBeans 7.3.1.app/Contents/Resources/NetBeans/java/ant/lib/ant-junit4.jar" />
    <property name="libs.jpa20-persistence.classpath" value="/Applications/NetBeans/NetBeans 7.3.1.app/Contents/Resources/NetBeans/java/modules/ext/eclipselink/javax.persistence_2.1.0.v201304241213.jar" />
    <property name="j2ee.server.type" value="gfv3ee6" />
    <property name="file.reference.org.eclipse.persistence.jpa.jpql_1.0.0.jar" value="../lib/org.eclipse.persistence.jpa.jpql_1.0.0.jar" />
    <property name="os.version" value="10.9.4" />
    <property name="libs.EclipseLink-GlassFish-v3.javadoc" value="" />
    <property name="sun.awt.enableExtraMouseButtons" value="true" />
    <property name="ant.file.type.account-rest-rest-build" value="file" />
    <property name="file.reference.jersey-multipart-1.8.jar" value="../lib/jersey/jersey-multipart-1.8.jar" />
    <property name="libs.Comet-GlassFish-v3.src" value="" />
    <property name="libs.restlib.javadoc" value="/Applications/NetBeans/NetBeans 7.3.1.app/Contents/Resources/NetBeans/enterprise/docs/jersey-1.13-javadoc.zip:/Applications/NetBeans/NetBeans 7.3.1.app/Contents/Resources/NetBeans/enterprise/docs/jersey-apache-client-1.13-javadoc.zip:/Applications/NetBeans/NetBeans 7.3.1.app/Contents/Resources/NetBeans/enterprise/docs/jersey-atom-abdera-1.13-javadoc.zip:/Applications/NetBeans/NetBeans 7.3.1.app/Contents/Resources/NetBeans/enterprise/docs/jersey-guice-1.13-javadoc.zip:/Applications/NetBeans/NetBeans 7.3.1.app/Contents/Resources/NetBeans/enterprise/docs/jersey-multipart-1.13-javadoc.zip:/Applications/NetBeans/NetBeans 7.3.1.app/Contents/Resources/NetBeans/enterprise/docs/jersey-simple-server-1.13-javadoc.zip:/Applications/NetBeans/NetBeans 7.3.1.app/Contents/Resources/NetBeans/enterprise/docs/jersey-spring-1.13-javadoc.zip:/Applications/NetBeans/NetBeans 7.3.1.app/Contents/Resources/NetBeans/enterprise/docs/oauth-client-1.13-javadoc.zip:/Applications/NetBeans/NetBeans 7.3.1.app/Contents/Resources/NetBeans/enterprise/docs/oauth-server-1.13-javadoc.zip:/Applications/NetBeans/NetBeans 7.3.1.app/Contents/Resources/NetBeans/enterprise/docs/oauth-signature-1.13-javadoc.zip" />
    <property name="war.content.additional" value="" />
    <property name="libs.JAXB-ENDORSED.classpath" value="/Applications/NetBeans/NetBeans 7.3.1.app/Contents/Resources/NetBeans/ide/modules/ext/jaxb/api/jaxb-api.jar" />
    <property name="j2ee.platform.embeddableejb.classpath" value="/Users/filipschollin/GlassFish_Server3/glassfish/lib/embedded/glassfish-embedded-static-shell.jar" />
    <property name="forceRedeploy" value="false" />
    <property name="file.reference.oauth-client-1.8.jar" value="../lib/jersey/oauth-client-1.8.jar" />
    <property name="libs.eclipselink.classpath" value="/Applications/NetBeans/NetBeans 7.3.1.app/Contents/Resources/NetBeans/java/modules/ext/eclipselink/eclipselink.jar:/Applications/NetBeans/NetBeans 7.3.1.app/Contents/Resources/NetBeans/java/modules/ext/eclipselink/javax.persistence_2.1.0.v201304241213.jar:/Applications/NetBeans/NetBeans 7.3.1.app/Contents/Resources/NetBeans/java/modules/ext/eclipselink/org.eclipse.persistence.jpa.jpql_2.5.0.v20130507-3faac2b.jar" />
    <property name="java.awt.graphicsenv" value="sun.awt.CGraphicsEnvironment" />
    <property name="java.vm.vendor" value="Oracle Corporation" />
    <property name="libs.CopyLibs.classpath" value="/Applications/NetBeans/NetBeans 7.3.1.app/Contents/Resources/NetBeans/java/ant/extra/org-netbeans-modules-java-j2seproject-copylibstask.jar" />
    <property name="libs.spring-framework300.classpath" value="/Applications/NetBeans/NetBeans 7.3.1.app/Contents/Resources/NetBeans/ide/modules/org-apache-commons-logging.jar:/Applications/NetBeans/NetBeans 7.3.1.app/Contents/Resources/NetBeans/java/modules/ext/cglib-2.2.jar:/Applications/NetBeans/NetBeans 7.3.1.app/Contents/Resources/NetBeans/java/modules/ext/spring-3.0/spring-aop-3.1.1.RELEASE.jar:/Applications/NetBeans/NetBeans 7.3.1.app/Contents/Resources/NetBeans/java/modules/ext/spring-3.0/spring-asm-3.1.1.RELEASE.jar:/Applications/NetBeans/NetBeans 7.3.1.app/Contents/Resources/NetBeans/java/modules/ext/spring-3.0/spring-aspects-3.1.1.RELEASE.jar:/Applications/NetBeans/NetBeans 7.3.1.app/Contents/Resources/NetBeans/java/modules/ext/spring-3.0/spring-beans-3.1.1.RELEASE.jar:/Applications/NetBeans/NetBeans 7.3.1.app/Contents/Resources/NetBeans/java/modules/ext/spring-3.0/spring-context-3.1.1.RELEASE.jar:/Applications/NetBeans/NetBeans 7.3.1.app/Contents/Resources/NetBeans/java/modules/ext/spring-3.0/spring-context-support-3.1.1.RELEASE.jar:/Applications/NetBeans/NetBeans 7.3.1.app/Contents/Resources/NetBeans/java/modules/ext/spring-3.0/spring-core-3.1.1.RELEASE.jar:/Applications/NetBeans/NetBeans 7.3.1.app/Contents/Resources/NetBeans/java/modules/ext/spring-3.0/spring-expression-3.1.1.RELEASE.jar:/Applications/NetBeans/NetBeans 7.3.1.app/Contents/Resources/NetBeans/java/modules/ext/spring-3.0/spring-instrument-3.1.1.RELEASE.jar:/Applications/NetBeans/NetBeans 7.3.1.app/Contents/Resources/NetBeans/java/modules/ext/spring-3.0/spring-instrument-tomcat-3.1.1.RELEASE.jar:/Applications/NetBeans/NetBeans 7.3.1.app/Contents/Resources/NetBeans/java/modules/ext/spring-3.0/spring-jdbc-3.1.1.RELEASE.jar:/Applications/NetBeans/NetBeans 7.3.1.app/Contents/Resources/NetBeans/java/modules/ext/spring-3.0/spring-jms-3.1.1.RELEASE.jar:/Applications/NetBeans/NetBeans 7.3.1.app/Contents/Resources/NetBeans/java/modules/ext/spring-3.0/spring-orm-3.1.1.RELEASE.jar:/Applications/NetBeans/NetBeans 7.3.1.app/Contents/Resources/NetBeans/java/modules/ext/spring-3.0/spring-oxm-3.1.1.RELEASE.jar:/Applications/NetBeans/NetBeans 7.3.1.app/Contents/Resources/NetBeans/java/modules/ext/spring-3.0/spring-test-3.1.1.RELEASE.jar:/Applications/NetBeans/NetBeans 7.3.1.app/Contents/Resources/NetBeans/java/modules/ext/spring-3.0/spring-tx-3.1.1.RELEASE.jar:/Applications/NetBeans/NetBeans 7.3.1.app/Contents/Resources/NetBeans/java/modules/ext/spring-3.0/spring-web-3.1.1.RELEASE.jar:/Applications/NetBeans/NetBeans 7.3.1.app/Contents/Resources/NetBeans/java/modules/ext/spring-3.0/spring-webmvc-portlet-3.1.1.RELEASE.jar:/Applications/NetBeans/NetBeans 7.3.1.app/Contents/Resources/NetBeans/java/modules/ext/spring-3.0/spring-webmvc-3.1.1.RELEASE.jar:/Applications/NetBeans/NetBeans 7.3.1.app/Contents/Resources/NetBeans/java/modules/ext/spring-3.0/spring-struts-3.1.1.RELEASE.jar" />
    <property name="libs.jsp-compiler.maven-pom" value="" />
    <property name="file.reference.jersey-server-1.8.jar" value="../lib/jersey/jersey-server-1.8.jar" />
    <property name="reference.account-util.jar" value="../account-util/dist/account-util.jar" />
    <property name="libs.spring-webmvc.maven-pom" value="" />
    <property name="libs.ejb3-persistence.classpath" value="/Applications/NetBeans/NetBeans 7.3.1.app/Contents/Resources/NetBeans/java/modules/ext/hibernate/ejb3-persistence.jar" />
    <property name="libs.JAXB-ENDORSED.src" value="" />
    <property name="libs.spring-framework.javadoc" value="" />
    <property name="libs.testng.javadoc" value="/Applications/NetBeans/NetBeans 7.3.1.app/Contents/Resources/NetBeans/platform/docs/testng-6.5.1-javadoc.zip" />
    <property name="libs.PostgreSQLDriver.classpath" value="/Applications/NetBeans/NetBeans 7.3.1.app/Contents/Resources/NetBeans/ide/modules/ext/postgresql-9.2-1002.jdbc4.jar" />
    <property name="libs.jsf12.maven-pom" value="" />
    <property name="file.reference.jackson-databind-2.2.1.jar" value="../lib/jackson-databind-2.2.1.jar" />
    <property name="libs.junit.src" value="" />
    <property name="annotation.processing.source.output" value="build/generated-sources/ap-source-output" />
    <property name="libs.CopyLibs.src" value="" />
    <property name="build.dir" value="build" />
    <property name="libs.jsp-compilation.classpath" value="/Applications/NetBeans/NetBeans 7.3.1.app/Contents/Resources/NetBeans/java/ant/lib/ant.jar:/Applications/NetBeans/NetBeans 7.3.1.app/Contents/Resources/NetBeans/enterprise/modules/ext/servlet3.1-jsp2.3-api.jar:/Applications/NetBeans/NetBeans 7.3.1.app/Contents/Resources/NetBeans/enterprise/modules/ext/glassfish-jspparser-4.0.jar:/Applications/NetBeans/NetBeans 7.3.1.app/Contents/Resources/NetBeans/enterprise/modules/ext/jsf-2_2/javax.faces.jar:/Applications/NetBeans/NetBeans 7.3.1.app/Contents/Resources/NetBeans/enterprise/modules/ext/jstl.jar:/Applications/NetBeans/NetBeans 7.3.1.app/Contents/Resources/NetBeans/java/ant/lib/ant-launcher.jar" />
    <property name="j2ee.platform.is.jsr109" value="true" />
    <property name="selected.browser" value="default" />
    <property name="libs.javaee-api-5.0.classpath" value="/Users/filipschollin/Library/Application Support/NetBeans/7.3.1/modules/ext/javaee5.jar" />
    <property name="file.reference.derby.jar" value="../lib/derby.jar" />
    <property name="ant.version" value="Apache Ant(TM) version 1.8.4 compiled on May 22 2012" />
    <property name="file.encoding" value="US-ASCII" />
    <property name="build.classes.excludes" value="**/*.java,**/*.form" />
    <property name="javadoc.nonavbar" value="false" />
    <property name="jdkBug6558476" value="false" />
    <property name="platform.active" value="default_platform" />
    <property name="awt.toolkit" value="sun.lwawt.macosx.LWCToolkit" />
    <property name="war.ear.name" value="account-rest.war" />
  </properties>
  <testcase classname="tdp024.account.rest.service.AccountServiceTest" name="testCreate" time="0.627" />
  <system-out><![CDATA[{"key":"ahRzfmVudGVycHJpc2Utc3lzdGVtc3INCxIGUGVyc29uGIwnDA","name":"Lisa Lisasson"}
hej
]]></system-out>
  <system-err><![CDATA[]]></system-err>
</testsuite>
