<?xml version="1.0" encoding="UTF-8" ?>
<testsuite errors="0" failures="3" hostname="FabiansHP" name="se.liu.ida.tdp024.account.xfinal.test.account.AccountCreateTest" skipped="0" tests="3" time="0.423" timestamp="2014-10-10T10:09:32">
  <properties>
    <property name="default.javac.source" value="1.4" />
    <property name="file.encoding.pkg" value="sun.io" />
    <property name="user.language.format" value="sv" />
    <property name="javac.source" value="1.6" />
    <property name="testng.debug.mode" value="" />
    <property name="java.home" value="C:\Program Files\Java\jdk1.7.0_25\jre" />
    <property name="test.src.dir" value="test" />
    <property name="sun.java2d.dpiaware" value="true" />
    <property name="javadoc.version" value="false" />
    <property name="java.endorsed.dirs" value="C:\Program Files\Java\jdk1.7.0_25\jre\lib\endorsed" />
    <property name="file.reference.jackson-annotations-2.2.2.jar" value="../lib/jackson-annotations-2.2.2.jar" />
    <property name="sun.java2d.noddraw" value="true" />
    <property name="debug-args-line" value="-Xdebug" />
    <property name="netbeans.hash.code" value="unique=NB_CND_EXTIDE_GFMOD_GROOVY_JAVA_JC_MOB_PHP_WEBCOMMON_WEBEE0f1451e6e-1641-4fa7-8a97-fac4eb63760b_0f54e34e-7a06-421b-9eab-368836b1bd6f" />
    <property name="build.sysclasspath" value="ignore" />
    <property name="includes" value="**" />
    <property name="javac.fork" value="false" />
    <property name="source.encoding" value="UTF-8" />
    <property name="sun.os.patch.level" value="" />
    <property name="java.vendor.url" value="http://java.oracle.com/" />
    <property name="java.version" value="1.7.0_25" />
    <property name="nb.show.statistics.ui" value="usageStatisticsEnabled" />
    <property name="reference.account-util.jar" value="../account-util/dist/account-util.jar" />
    <property name="javac.debug" value="true" />
    <property name="org.openide.major.version" value="IDE/1" />
    <property name="run.classpath" value="../account-util/dist/account-util.jar:../lib/jackson-annotations-2.2.2.jar:../lib/jackson-core-2.2.2.jar:../lib/jackson-databind-2.2.1.jar:../lib/junit-4.10.jar:build/classes" />
    <property name="java.vendor.url.bug" value="http://bugreport.sun.com/bugreport/" />
    <property name="netbeans.autoupdate.variant" value="" />
    <property name="netbeans.buildnumber" value="201408251540" />
    <property name="ant.project.invoked-targets" value="test" />
    <property name="annotation.processing.run.all.processors" value="true" />
    <property name="ant.file.account-xfinal-test" value="C:\Users\Fabian\Development\TDP024\account-xfinal-test\build.xml" />
    <property name="user.name" value="Fabian" />
    <property name="empty.dir" value="C:\Users\Fabian\Development\TDP024\account-xfinal-test\build\empty" />
    <property name="sun.io.unicode.encoding" value="UnicodeLittle" />
    <property name="sun.jnu.encoding" value="Cp1252" />
    <property name="java.runtime.name" value="Java(TM) SE Runtime Environment" />
    <property name="application.vendor" value="marbe92" />
    <property name="jdk.home" value="C:\Program Files\Java\jdk1.7.0_25" />
    <property name="sun.awt.keepWorkingSetOnMinimize" value="true" />
    <property name="netbeans.autoupdate.version" value="1.23" />
    <property name="netbeans.dirs" value="C:\Program Files\NetBeans 8.0.1\nb;C:\Program Files\NetBeans 8.0.1\ergonomics;C:\Program Files\NetBeans 8.0.1\ide;C:\Program Files\NetBeans 8.0.1\extide;C:\Program Files\NetBeans 8.0.1\java;C:\Program Files\NetBeans 8.0.1\apisupport;C:\Program Files\NetBeans 8.0.1\webcommon;C:\Program Files\NetBeans 8.0.1\websvccommon;C:\Program Files\NetBeans 8.0.1\enterprise;C:\Program Files\NetBeans 8.0.1\mobility;C:\Program Files\NetBeans 8.0.1\profiler;C:\Program Files\NetBeans 8.0.1\python;C:\Program Files\NetBeans 8.0.1\php;C:\Program Files\NetBeans 8.0.1\identity;C:\Program Files\NetBeans 8.0.1\harness;C:\Program Files\NetBeans 8.0.1\cnd;C:\Program Files\NetBeans 8.0.1\dlight;C:\Program Files\NetBeans 8.0.1\groovy;C:\Program Files\NetBeans 8.0.1\extra;C:\Program Files\NetBeans 8.0.1\javacard;C:\Program Files\NetBeans 8.0.1\javafx" />
    <property name="java.specification.name" value="Java Platform API Specification" />
    <property name="sun.awt.datatransfer.timeout" value="1000" />
    <property name="javadoc.author" value="false" />
    <property name="ap.proc.none.internal" value="" />
    <property name="user.timezone" value="" />
    <property name="nb.native.filechooser" value="false" />
    <property name="org.openide.specification.version" value="6.2" />
    <property name="user.script" value="" />
    <property name="path.separator" value=";" />
    <property name="testng.mode" value="testng" />
    <property name="version-output" value="java version &quot;1.7" />
    <property name="netbeans.accept_license_class" value="org.netbeans.license.AcceptLicense" />
    <property name="file.encoding" value="Cp1252" />
    <property name="dist.javadoc.dir" value="dist/javadoc" />
    <property name="ant.project.default-target" value="default" />
    <property name="javac.profile.cmd.line.arg" value="" />
    <property name="file.reference.jackson-core-2.2.2.jar" value="../lib/jackson-core-2.2.2.jar" />
    <property name="sun.java.command" value="org.apache.tools.ant.taskdefs.optional.junit.JUnitTestRunner se.liu.ida.tdp024.account.xfinal.test.account.AccountCreateTest skipNonTests=false filtertrace=true haltOnError=false haltOnFailure=false showoutput=true outputtoformatters=true logfailedtests=true threadid=0 logtestlistenerevents=true formatter=org.apache.tools.ant.taskdefs.optional.junit.BriefJUnitResultFormatter formatter=org.apache.tools.ant.taskdefs.optional.junit.XMLJUnitResultFormatter,C:\Users\Fabian\Development\TDP024\account-xfinal-test\build\test\results\TEST-se.liu.ida.tdp024.account.xfinal.test.account.AccountCreateTest.xml crashfile=C:\Users\Fabian\Development\TDP024\account-xfinal-test\build\junitvmwatcher5712013257971696451.properties propsfile=C:\Users\Fabian\Development\TDP024\account-xfinal-test\build\junit7694514959893956044.properties" />
    <property name="https.nonProxyHosts" value="localhost|127.0.0.1|FabiansHP" />
    <property name="built-jar.properties" value="C:\Users\Fabian\Development\TDP024\account-xfinal-test\build\built-jar.properties" />
    <property name="ant.junit.enabletestlistenerevents" value="true" />
    <property name="ant.file" value="C:\Users\Fabian\Development\TDP024\account-xfinal-test\build.xml" />
    <property name="junit.available" value="true" />
    <property name="netbeans.autoupdate.language" value="en" />
    <property name="java.io.tmpdir" value="C:\Users\Fabian\AppData\Local\Temp\" />
    <property name="build.test.results.dir" value="build/test/results" />
    <property name="user.language" value="en" />
    <property name="line.separator" value="&#xd;&#xa;" />
    <property name="apple.laf.useScreenMenuBar" value="true" />
    <property name="javac.compilerargs" value="" />
    <property name="jar.compress" value="false" />
    <property name="debug-transport-by-os" value="dt_shmem" />
    <property name="java.vm.info" value="mixed mode" />
    <property name="javadoc.private" value="false" />
    <property name="annotation.processing.processors.list" value="" />
    <property name="sun.desktop" value="windows" />
    <property name="build.test.classes.dir" value="build/test/classes" />
    <property name="java.vm.specification.name" value="Java Virtual Machine Specification" />
    <property name="test.binaryexcludes" value="" />
    <property name="netbeans.dynamic.classpath" value="C:\Program Files\NetBeans 8.0.1\platform\core\core.jar;C:\Program Files\NetBeans 8.0.1\platform\core\org-openide-filesystems.jar;C:\Program Files\NetBeans 8.0.1\platform\core\locale\core_ja.jar;C:\Program Files\NetBeans 8.0.1\platform\core\locale\core_pt_BR.jar;C:\Program Files\NetBeans 8.0.1\platform\core\locale\core_ru.jar;C:\Program Files\NetBeans 8.0.1\platform\core\locale\core_zh_CN.jar;C:\Program Files\NetBeans 8.0.1\platform\core\locale\org-openide-filesystems_ja.jar;C:\Program Files\NetBeans 8.0.1\platform\core\locale\org-openide-filesystems_pt_BR.jar;C:\Program Files\NetBeans 8.0.1\platform\core\locale\org-openide-filesystems_ru.jar;C:\Program Files\NetBeans 8.0.1\platform\core\locale\org-openide-filesystems_zh_CN.jar;C:\Program Files\NetBeans 8.0.1\nb\core\org-netbeans-upgrader.jar;C:\Program Files\NetBeans 8.0.1\nb\core\locale\core_nb.jar;C:\Program Files\NetBeans 8.0.1\nb\core\locale\core_nb_ja.jar;C:\Program Files\NetBeans 8.0.1\nb\core\locale\core_nb_pt_BR.jar;C:\Program Files\NetBeans 8.0.1\nb\core\locale\core_nb_ru.jar;C:\Program Files\NetBeans 8.0.1\nb\core\locale\core_nb_zh_CN.jar;C:\Program Files\NetBeans 8.0.1\nb\core\locale\org-netbeans-upgrader_ja.jar;C:\Program Files\NetBeans 8.0.1\nb\core\locale\org-netbeans-upgrader_pt_BR.jar;C:\Program Files\NetBeans 8.0.1\nb\core\locale\org-netbeans-upgrader_ru.jar;C:\Program Files\NetBeans 8.0.1\nb\core\locale\org-netbeans-upgrader_zh_CN.jar" />
    <property name="platform.active" value="default_platform" />
    <property name="ap.cmd.line.internal" value="" />
    <property name="jdkBug6558476" value="false" />
    <property name="http.nonProxyHosts" value="localhost|127.0.0.1|FabiansHP" />
    <property name="endorsed.classpath" value="" />
    <property name="netbeans.autoupdate.country" value="GB" />
    <property name="javadoc.encoding" value="UTF-8" />
    <property name="java.awt.printerjob" value="sun.awt.windows.WPrinterJob" />
    <property name="ap.processors.internal" value="" />
    <property name="do.archive" value="true" />
    <property name="dist.jar" value="dist/account-xfinal-test.jar" />
    <property name="meta.inf.dir" value="${src.dir}/META-INF" />
    <property name="ant.file.type.account-xfinal-test" value="file" />
    <property name="ant.version" value="Apache Ant(TM) version 1.9.4 compiled on April 29 2014" />
    <property name="netbeans.home" value="C:\Program Files\NetBeans 8.0.1\platform" />
    <property name="javadoc.nonavbar" value="false" />
    <property name="user.country.format" value="SE" />
    <property name="user.properties.file" value="/Users/filipschollin/Library/Application Support/NetBeans/7.3.1/build.properties" />
    <property name="netbeans.importclass" value="org.netbeans.upgrade.AutoUpgrade" />
    <property name="annotation.processing.source.output" value="build/generated-sources/ap-source-output" />
    <property name="build.generated.dir" value="build/generated" />
    <property name="netbeans.home+have.tests" value="true" />
    <property name="apple.awt.graphics.UseQuartz" value="true" />
    <property name="os.name" value="Windows 8" />
    <property name="java.specification.vendor" value="Oracle Corporation" />
    <property name="file.reference.junit-4.10.jar" value="../lib/junit-4.10.jar" />
    <property name="run.test.classpath" value="../account-util/dist/account-util.jar:../lib/jackson-annotations-2.2.2.jar:../lib/jackson-core-2.2.2.jar:../lib/jackson-databind-2.2.1.jar:../lib/junit-4.10.jar:build/classes:${libs.junit_4.classpath}:build/test/classes" />
    <property name="java.vm.name" value="Java HotSpot(TM) 64-Bit Server VM" />
    <property name="org.openide.version" value="deprecated" />
    <property name="sun.awt.enableExtraMouseButtons" value="true" />
    <property name="ap.supported.internal" value="true" />
    <property name="java.library.path" value="C:\Program Files\Java\jdk1.7.0_25\jre\bin;C:\Windows\Sun\Java\bin;C:\Windows\system32;C:\Windows;C:\Program Files (x86)\Intel\iCLS Client\;C:\Program Files\Intel\iCLS Client\;C:\Windows\system32;C:\Windows;C:\Windows\System32\Wbem;C:\Windows\System32\WindowsPowerShell\v1.0\;C:\Program Files (x86)\Windows Live\Shared;C:\Program Files (x86)\Intel\OpenCL SDK\2.0\bin\x86;C:\Program Files (x86)\Intel\OpenCL SDK\2.0\bin\x64;C:\Program Files\Intel\WiFi\bin\;C:\Program Files\Common Files\Intel\WirelessCommon\;C:\Program Files\Intel\Intel(R) Management Engine Components\DAL;C:\Program Files\Intel\Intel(R) Management Engine Components\IPT;C:\Program Files (x86)\Intel\Intel(R) Management Engine Components\DAL;C:\Program Files (x86)\Intel\Intel(R) Management Engine Components\IPT;C:\Program Files\Microsoft SQL Server\110\Tools\Binn\;C:\MinGW\local\bin;C:\Program Files\Java\jdk1.7.0_25\bin;C:\Program Files (x86)\OpenSSH\bin;C:\Program Files\Apache\apache-maven-3.1.1\bin;C:\Users\Fabian\Development\adt-bundle-windows-x86_64-20140321\sdk\tools;C:\Users\Fabian\Development\adt-bundle-windows-x86_64-20140321\sdk\platform-tools;." />
    <property name="ant.java.version" value="1.7" />
    <property name="basedir" value="C:\Users\Fabian\Development\TDP024\account-xfinal-test" />
    <property name="javadoc.noindex" value="false" />
    <property name="jna.boot.library.name" value="jnidispatch-410" />
    <property name="java.class.version" value="51.0" />
    <property name="ant.file.account-xfinal-test-impl" value="C:\Users\Fabian\Development\TDP024\account-xfinal-test\nbproject\build-impl.xml" />
    <property name="javac.test.classpath" value="../account-util/dist/account-util.jar:../lib/jackson-annotations-2.2.2.jar:../lib/jackson-core-2.2.2.jar:../lib/jackson-databind-2.2.1.jar:../lib/junit-4.10.jar:build/classes:${libs.junit_4.classpath}" />
    <property name="javac.processorpath" value="../account-util/dist/account-util.jar:../lib/jackson-annotations-2.2.2.jar:../lib/jackson-core-2.2.2.jar:../lib/jackson-databind-2.2.1.jar:../lib/junit-4.10.jar" />
    <property name="ant.home" value="C:\Program Files\NetBeans 8.0.1\extide\ant" />
    <property name="javadoc.splitindex" value="true" />
    <property name="javac.test.processorpath" value="../account-util/dist/account-util.jar:../lib/jackson-annotations-2.2.2.jar:../lib/jackson-core-2.2.2.jar:../lib/jackson-databind-2.2.1.jar:../lib/junit-4.10.jar:build/classes:${libs.junit_4.classpath}" />
    <property name="javadoc.preview" value="true" />
    <property name="copylibs.rebase" value="true" />
    <property name="junit.forkmode" value="perTest" />
    <property name="test.binarytestincludes" value="" />
    <property name="sun.boot.library.path" value="C:\Program Files\Java\jdk1.7.0_25\jre\bin" />
    <property name="build.dir" value="build" />
    <property name="application.title" value="account-xfinal-test" />
    <property name="sun.management.compiler" value="HotSpot 64-Bit Tiered Compilers" />
    <property name="java.awt.graphicsenv" value="sun.awt.Win32GraphicsEnvironment" />
    <property name="user.variant" value="" />
    <property name="javadoc.encoding.used" value="UTF-8" />
    <property name="javadoc.windowtitle" value="" />
    <property name="netbeans.productversion" value="NetBeans IDE 8.0.1 (Build 201408251540)" />
    <property name="run.jvmargs.ide" value="" />
    <property name="annotation.processing.enabled" value="true" />
    <property name="build.generated.sources.dir" value="build/generated-sources" />
    <property name="nb.junit.single" value="false" />
    <property name="run.jvmargs" value="" />
    <property name="build.compiler.emacs" value="true" />
    <property name="ant.project.name" value="account-xfinal-test" />
    <property name="java.vm.specification.version" value="1.7" />
    <property name="work.dir" value="C:\Users\Fabian\Development\TDP024\account-xfinal-test" />
    <property name="awt.toolkit" value="sun.awt.windows.WToolkit" />
    <property name="javadoc.use" value="true" />
    <property name="sun.cpu.isalist" value="amd64" />
    <property name="java.ext.dirs" value="C:\Program Files\Java\jdk1.7.0_25\jre\lib\ext;C:\Windows\Sun\Java\lib\ext" />
    <property name="os.version" value="6.2" />
    <property name="netbeans.default_userdir_root" value="C:\Users\Fabian\AppData\Roaming\NetBeans" />
    <property name="excludes" value="" />
    <property name="user.home" value="C:\Users\Fabian" />
    <property name="org.xml.sax.driver" value="com.sun.org.apache.xerces.internal.jaxp.SAXParserImpl$JAXPSAXParser" />
    <property name="java.vm.vendor" value="Oracle Corporation" />
    <property name="user.dir" value="C:\Users\Fabian\Development\TDP024\account-xfinal-test" />
    <property name="debug-transport" value="dt_shmem" />
    <property name="application.args" value="" />
    <property name="sun.cpu.endian" value="little" />
    <property name="ignore.failing.tests" value="true" />
    <property name="endorsed.classpath.cmd.line.arg" value="" />
    <property name="file.reference.jackson-databind-2.2.1.jar" value="../lib/jackson-databind-2.2.1.jar" />
    <property name="jar.index" value="false" />
    <property name="test.binaryincludes" value="&lt;nothing&gt;" />
    <property name="java.vm.version" value="23.25-b01" />
    <property name="java.class.path" value="C:\Users\Fabian\Development\TDP024\account-util\dist\account-util.jar;C:\Users\Fabian\Development\TDP024\lib\jackson-annotations-2.2.2.jar;C:\Users\Fabian\Development\TDP024\lib\jackson-core-2.2.2.jar;C:\Users\Fabian\Development\TDP024\lib\jackson-databind-2.2.1.jar;C:\Users\Fabian\Development\TDP024\lib\junit-4.10.jar;C:\Users\Fabian\Development\TDP024\account-xfinal-test\build\classes;C:\Users\Fabian\Development\TDP024\account-xfinal-test\build\test\classes;C:\Program Files\NetBeans 8.0.1\extide\ant\lib\ant-launcher.jar;C:\Program Files\NetBeans 8.0.1\extide\ant\lib\ant.jar;C:\Program Files\NetBeans 8.0.1\extide\ant\lib\ant-junit.jar;C:\Program Files\NetBeans 8.0.1\extide\ant\lib\ant-junit4.jar" />
    <property name="annotation.processing.processor.options" value="" />
    <property name="nb.internal.action.name" value="test" />
    <property name="os.arch" value="amd64" />
    <property name="javac.deprecation" value="false" />
    <property name="ant.file.type.account-xfinal-test-impl" value="file" />
    <property name="build.classes.excludes" value="**/*.java,**/*.form" />
    <property name="dist.dir" value="dist" />
    <property name="netbeans.user" value="C:\Users\Fabian\AppData\Roaming\NetBeans\8.0.1" />
    <property name="debug.classpath" value="../account-util/dist/account-util.jar:../lib/jackson-annotations-2.2.2.jar:../lib/jackson-core-2.2.2.jar:../lib/jackson-databind-2.2.1.jar:../lib/junit-4.10.jar:build/classes" />
    <property name="sun.java.launcher" value="SUN_STANDARD" />
    <property name="jar.index.metainf" value="false" />
    <property name="platform.java" value="C:\Program Files\Java\jdk1.7.0_25\jre/bin/java" />
    <property name="annotation.processing.enabled.in.editor" value="false" />
    <property name="ant.core.lib" value="C:\Program Files\NetBeans 8.0.1\extide\ant\lib\ant.jar" />
    <property name="java.vm.specification.vendor" value="Oracle Corporation" />
    <property name="do.depend" value="false" />
    <property name="file.separator" value="\" />
    <property name="java.runtime.version" value="1.7.0_25-b16" />
    <property name="sun.boot.class.path" value="C:\Program Files\Java\jdk1.7.0_25\jre\lib\resources.jar;C:\Program Files\Java\jdk1.7.0_25\jre\lib\rt.jar;C:\Program Files\Java\jdk1.7.0_25\jre\lib\sunrsasign.jar;C:\Program Files\Java\jdk1.7.0_25\jre\lib\jsse.jar;C:\Program Files\Java\jdk1.7.0_25\jre\lib\jce.jar;C:\Program Files\Java\jdk1.7.0_25\jre\lib\charsets.jar;C:\Program Files\Java\jdk1.7.0_25\jre\lib\jfr.jar;C:\Program Files\Java\jdk1.7.0_25\jre\classes" />
    <property name="debug.test.classpath" value="../account-util/dist/account-util.jar:../lib/jackson-annotations-2.2.2.jar:../lib/jackson-core-2.2.2.jar:../lib/jackson-databind-2.2.1.jar:../lib/junit-4.10.jar:build/classes:${libs.junit_4.classpath}:build/test/classes" />
    <property name="nb.junit.batch" value="true" />
    <property name="have.tests" value="true" />
    <property name="project.account-util" value="../account-util" />
    <property name="java.util.logging.config.class" value="org.netbeans.core.startup.TopLogging" />
    <property name="user.country" value="GB" />
    <property name="javadoc.notree" value="false" />
    <property name="default.javac.target" value="1.4" />
    <property name="javadoc.additionalparam" value="" />
    <property name="javac.classpath" value="../account-util/dist/account-util.jar:../lib/jackson-annotations-2.2.2.jar:../lib/jackson-core-2.2.2.jar:../lib/jackson-databind-2.2.1.jar:../lib/junit-4.10.jar" />
    <property name="build.classes.dir" value="build/classes" />
    <property name="java.vendor" value="Oracle Corporation" />
    <property name="javac.target" value="1.6" />
    <property name="runtime.encoding" value="UTF-8" />
    <property name="java.specification.version" value="1.7" />
    <property name="sun.arch.data.model" value="64" />
    <property name="mkdist.disabled" value="true" />
  </properties>
  <testcase classname="se.liu.ida.tdp024.account.xfinal.test.account.AccountCreateTest" name="createSuccess" time="0.027">
    <failure message="expected:&lt;[OK]&gt; but was:&lt;[]&gt;" type="junit.framework.AssertionFailedError">junit.framework.AssertionFailedError: expected:&lt;[OK]&gt; but was:&lt;[]&gt;
	at se.liu.ida.tdp024.account.xfinal.test.account.AccountCreateTest.createSuccess(AccountCreateTest.java:23)
</failure>
  </testcase>
  <testcase classname="se.liu.ida.tdp024.account.xfinal.test.account.AccountCreateTest" name="createFailure" time="0.025">
    <failure message="expected:&lt;[FAILED]&gt; but was:&lt;[]&gt;" type="junit.framework.AssertionFailedError">junit.framework.AssertionFailedError: expected:&lt;[FAILED]&gt; but was:&lt;[]&gt;
	at se.liu.ida.tdp024.account.xfinal.test.account.AccountCreateTest.createFailure(AccountCreateTest.java:129)
</failure>
  </testcase>
  <testcase classname="se.liu.ida.tdp024.account.xfinal.test.account.AccountCreateTest" name="createSuccessAllCombos" time="0.297">
    <failure message="expected:&lt;[OK]&gt; but was:&lt;[]&gt;" type="junit.framework.AssertionFailedError">junit.framework.AssertionFailedError: expected:&lt;[OK]&gt; but was:&lt;[]&gt;
	at se.liu.ida.tdp024.account.xfinal.test.account.AccountCreateTest.createSuccessAllCombos(AccountCreateTest.java:114)
</failure>
  </testcase>
  <system-out><![CDATA[]]></system-out>
  <system-err><![CDATA[java.io.FileNotFoundException: http://localhost:8080/account-rest/account/create/?name=Marcus+Bendtsen&bank=SWEDBANK&accounttype=SAVINGS
	at sun.net.www.protocol.http.HttpURLConnection.getInputStream(HttpURLConnection.java:1623)
	at se.liu.ida.tdp024.account.util.http.HTTPHelperImpl.get(HTTPHelperImpl.java:33)
	at se.liu.ida.tdp024.account.xfinal.test.account.AccountCreateTest.createSuccess(AccountCreateTest.java:22)
	at sun.reflect.NativeMethodAccessorImpl.invoke0(Native Method)
	at sun.reflect.NativeMethodAccessorImpl.invoke(NativeMethodAccessorImpl.java:57)
	at sun.reflect.DelegatingMethodAccessorImpl.invoke(DelegatingMethodAccessorImpl.java:43)
	at java.lang.reflect.Method.invoke(Method.java:606)
	at org.junit.runners.model.FrameworkMethod$1.runReflectiveCall(FrameworkMethod.java:45)
	at org.junit.internal.runners.model.ReflectiveCallable.run(ReflectiveCallable.java:15)
	at org.junit.runners.model.FrameworkMethod.invokeExplosively(FrameworkMethod.java:42)
	at org.junit.internal.runners.statements.InvokeMethod.evaluate(InvokeMethod.java:20)
	at org.junit.runners.ParentRunner.runLeaf(ParentRunner.java:263)
	at org.junit.runners.BlockJUnit4ClassRunner.runChild(BlockJUnit4ClassRunner.java:68)
	at org.junit.runners.BlockJUnit4ClassRunner.runChild(BlockJUnit4ClassRunner.java:47)
	at org.junit.runners.ParentRunner$3.run(ParentRunner.java:231)
	at org.junit.runners.ParentRunner$1.schedule(ParentRunner.java:60)
	at org.junit.runners.ParentRunner.runChildren(ParentRunner.java:229)
	at org.junit.runners.ParentRunner.access$000(ParentRunner.java:50)
	at org.junit.runners.ParentRunner$2.evaluate(ParentRunner.java:222)
	at org.junit.runners.ParentRunner.run(ParentRunner.java:300)
	at junit.framework.JUnit4TestAdapter.run(JUnit4TestAdapter.java:39)
	at org.apache.tools.ant.taskdefs.optional.junit.JUnitTestRunner.run(JUnitTestRunner.java:532)
	at org.apache.tools.ant.taskdefs.optional.junit.JUnitTestRunner.launch(JUnitTestRunner.java:1179)
	at org.apache.tools.ant.taskdefs.optional.junit.JUnitTestRunner.main(JUnitTestRunner.java:1030)
java.io.FileNotFoundException: http://localhost:8080/account-rest/account/create/?name=Marcus+Bendtsen&bank=SWEDBANK&accounttype=CREDITCARD
	at sun.net.www.protocol.http.HttpURLConnection.getInputStream(HttpURLConnection.java:1623)
	at se.liu.ida.tdp024.account.util.http.HTTPHelperImpl.get(HTTPHelperImpl.java:33)
	at se.liu.ida.tdp024.account.xfinal.test.account.AccountCreateTest.createFailure(AccountCreateTest.java:128)
	at sun.reflect.NativeMethodAccessorImpl.invoke0(Native Method)
	at sun.reflect.NativeMethodAccessorImpl.invoke(NativeMethodAccessorImpl.java:57)
	at sun.reflect.DelegatingMethodAccessorImpl.invoke(DelegatingMethodAccessorImpl.java:43)
	at java.lang.reflect.Method.invoke(Method.java:606)
	at org.junit.runners.model.FrameworkMethod$1.runReflectiveCall(FrameworkMethod.java:45)
	at org.junit.internal.runners.model.ReflectiveCallable.run(ReflectiveCallable.java:15)
	at org.junit.runners.model.FrameworkMethod.invokeExplosively(FrameworkMethod.java:42)
	at org.junit.internal.runners.statements.InvokeMethod.evaluate(InvokeMethod.java:20)
	at org.junit.runners.ParentRunner.runLeaf(ParentRunner.java:263)
	at org.junit.runners.BlockJUnit4ClassRunner.runChild(BlockJUnit4ClassRunner.java:68)
	at org.junit.runners.BlockJUnit4ClassRunner.runChild(BlockJUnit4ClassRunner.java:47)
	at org.junit.runners.ParentRunner$3.run(ParentRunner.java:231)
	at org.junit.runners.ParentRunner$1.schedule(ParentRunner.java:60)
	at org.junit.runners.ParentRunner.runChildren(ParentRunner.java:229)
	at org.junit.runners.ParentRunner.access$000(ParentRunner.java:50)
	at org.junit.runners.ParentRunner$2.evaluate(ParentRunner.java:222)
	at org.junit.runners.ParentRunner.run(ParentRunner.java:300)
	at junit.framework.JUnit4TestAdapter.run(JUnit4TestAdapter.java:39)
	at org.apache.tools.ant.taskdefs.optional.junit.JUnitTestRunner.run(JUnitTestRunner.java:532)
	at org.apache.tools.ant.taskdefs.optional.junit.JUnitTestRunner.launch(JUnitTestRunner.java:1179)
	at org.apache.tools.ant.taskdefs.optional.junit.JUnitTestRunner.main(JUnitTestRunner.java:1030)
java.io.FileNotFoundException: http://localhost:8080/account-rest/account/create/?name=Jakob+Pogulis&bank=SWEDBANK&accounttype=CHECK
	at sun.net.www.protocol.http.HttpURLConnection.getInputStream(HttpURLConnection.java:1623)
	at se.liu.ida.tdp024.account.util.http.HTTPHelperImpl.get(HTTPHelperImpl.java:33)
	at se.liu.ida.tdp024.account.xfinal.test.account.AccountCreateTest.createSuccessAllCombos(AccountCreateTest.java:113)
	at sun.reflect.NativeMethodAccessorImpl.invoke0(Native Method)
	at sun.reflect.NativeMethodAccessorImpl.invoke(NativeMethodAccessorImpl.java:57)
	at sun.reflect.DelegatingMethodAccessorImpl.invoke(DelegatingMethodAccessorImpl.java:43)
	at java.lang.reflect.Method.invoke(Method.java:606)
	at org.junit.runners.model.FrameworkMethod$1.runReflectiveCall(FrameworkMethod.java:45)
	at org.junit.internal.runners.model.ReflectiveCallable.run(ReflectiveCallable.java:15)
	at org.junit.runners.model.FrameworkMethod.invokeExplosively(FrameworkMethod.java:42)
	at org.junit.internal.runners.statements.InvokeMethod.evaluate(InvokeMethod.java:20)
	at org.junit.runners.ParentRunner.runLeaf(ParentRunner.java:263)
	at org.junit.runners.BlockJUnit4ClassRunner.runChild(BlockJUnit4ClassRunner.java:68)
	at org.junit.runners.BlockJUnit4ClassRunner.runChild(BlockJUnit4ClassRunner.java:47)
	at org.junit.runners.ParentRunner$3.run(ParentRunner.java:231)
	at org.junit.runners.ParentRunner$1.schedule(ParentRunner.java:60)
	at org.junit.runners.ParentRunner.runChildren(ParentRunner.java:229)
	at org.junit.runners.ParentRunner.access$000(ParentRunner.java:50)
	at org.junit.runners.ParentRunner$2.evaluate(ParentRunner.java:222)
	at org.junit.runners.ParentRunner.run(ParentRunner.java:300)
	at junit.framework.JUnit4TestAdapter.run(JUnit4TestAdapter.java:39)
	at org.apache.tools.ant.taskdefs.optional.junit.JUnitTestRunner.run(JUnitTestRunner.java:532)
	at org.apache.tools.ant.taskdefs.optional.junit.JUnitTestRunner.launch(JUnitTestRunner.java:1179)
	at org.apache.tools.ant.taskdefs.optional.junit.JUnitTestRunner.main(JUnitTestRunner.java:1030)
]]></system-err>
</testsuite>
